Log file open, 06/13/18 16:03:08
LogWindows: Failed to load 'aqProf.dll' (GetLastError=126)
LogWindows: File 'aqProf.dll' does not exist
LogWindows: Failed to load 'VtuneApi.dll' (GetLastError=126)
LogWindows: File 'VtuneApi.dll' does not exist
LogWindows: Failed to load 'VtuneApi32e.dll' (GetLastError=126)
LogWindows: File 'VtuneApi32e.dll' does not exist
LogInit: Display: Running engine for game: Ursa
LogPlatformFile: Not using cached read wrapper
LogInit: Display: RandInit(-1638822131) SRandInit(-1638822131).
LogInit: Read version file with build ID '3944462'
LogInit: Overriding engine version to CL 3989454, compatible CL 3944462
LogInit: Registered custom module enumerator with build ID '3944462'
LogTaskGraph: Started task graph with 5 named threads and 23 total threads with 3 sets of task threads.
LogStats: Stats thread started at 0.284593
LogD3D11RHI: Aftermath initialized
LogICUInternationalization: Display: ICU TimeZone Detection - Raw Offset: +2:00, Platform Override: ''
LogModuleManager: Display: Found up-to-date module file ../../../Engine/Plugins/2D/Paper2D/Binaries/Win64/UE4Editor-Paper2D.dll (API version 3944462).
LogModuleManager: Display: Found up-to-date module file ../../../Engine/Plugins/2D/Paper2D/Binaries/Win64/UE4Editor-Paper2DEditor.dll (API version 3944462).
LogModuleManager: Display: Found up-to-date module file ../../../Engine/Plugins/2D/Paper2D/Binaries/Win64/UE4Editor-PaperSpriteSheetImporter.dll (API version 3944462).
LogModuleManager: Display: Found up-to-date module file ../../../Engine/Plugins/2D/Paper2D/Binaries/Win64/UE4Editor-PaperTiledImporter.dll (API version 3944462).
LogModuleManager: Display: Found up-to-date module file ../../../Engine/Plugins/2D/Paper2D/Binaries/Win64/UE4Editor-SmartSnapping.dll (API version 3944462).
LogModuleManager: Display: Found up-to-date module file ../../../Engine/Plugins/Blendables/LightPropagationVolume/Binaries/Win64/UE4Editor-LightPropagationVolumeRuntime.dll (API version 3944462).
LogModuleManager: Display: Found up-to-date module file ../../../Engine/Plugins/Blendables/LightPropagationVolume/Binaries/Win64/UE4Editor-LightPropagationVolumeEditor.dll (API version 3944462).
LogModuleManager: Display: Found up-to-date module file ../../../Engine/Plugins/Developer/CLionSourceCodeAccess/Binaries/Win64/UE4Editor-CLionSourceCodeAccess.dll (API version 3944462).
LogModuleManager: Display: Found up-to-date module file ../../../Engine/Plugins/Developer/GitSourceControl/Binaries/Win64/UE4Editor-GitSourceControl.dll (API version 3944462).
LogModuleManager: Display: Found up-to-date module file ../../../Engine/Plugins/Developer/PerforceSourceControl/Binaries/Win64/UE4Editor-PerforceSourceControl.dll (API version 3944462).
LogModuleManager: Display: Found up-to-date module file ../../../Engine/Plugins/Developer/SubversionSourceControl/Binaries/Win64/UE4Editor-SubversionSourceControl.dll (API version 3944462).
LogModuleManager: Display: Found up-to-date module file ../../../Engine/Plugins/Developer/UObjectPlugin/Binaries/Win64/UE4Editor-UObjectPlugin.dll (API version 3944462).
LogModuleManager: Display: Found up-to-date module file ../../../Engine/Plugins/Developer/VisualStudioCodeSourceCodeAccess/Binaries/Win64/UE4Editor-VisualStudioCodeSourceCodeAccess.dll (API version 3944462).
LogModuleManager: Display: Found up-to-date module file ../../../Engine/Plugins/Developer/VisualStudioSourceCodeAccess/Binaries/Win64/UE4Editor-VisualStudioSourceCodeAccess.dll (API version 3944462).
LogModuleManager: Display: Found up-to-date module file ../../../Engine/Plugins/Editor/AssetManagerEditor/Binaries/Win64/UE4Editor-AssetManagerEditor.dll (API version 3944462).
LogModuleManager: Display: Found up-to-date module file ../../../Engine/Plugins/Editor/CryptoKeys/Binaries/Win64/UE4Editor-CryptoKeys.dll (API version 3944462).
LogModuleManager: Display: Found up-to-date module file ../../../Engine/Plugins/Editor/CryptoKeys/Binaries/Win64/UE4Editor-CryptoKeysOpenSSL.dll (API version 3944462).
LogModuleManager: Display: Found up-to-date module file ../../../Engine/Plugins/Editor/DataValidation/Binaries/Win64/UE4Editor-DataValidation.dll (API version 3944462).
LogModuleManager: Display: Found up-to-date module file ../../../Engine/Plugins/Editor/FacialAnimation/Binaries/Win64/UE4Editor-FacialAnimation.dll (API version 3944462).
LogModuleManager: Display: Found up-to-date module file ../../../Engine/Plugins/Editor/FacialAnimation/Binaries/Win64/UE4Editor-FacialAnimationEditor.dll (API version 3944462).
LogModuleManager: Display: Found up-to-date module file ../../../Engine/Plugins/Editor/GameplayTagsEditor/Binaries/Win64/UE4Editor-GameplayTagsEditor.dll (API version 3944462).
LogModuleManager: Display: Found up-to-date module file ../../../Engine/Plugins/Editor/MobileLauncherProfileWizard/Binaries/Win64/UE4Editor-MobileLauncherProfileWizard.dll (API version 3944462).
LogModuleManager: Display: Found up-to-date module file ../../../Engine/Plugins/Editor/PluginBrowser/Binaries/Win64/UE4Editor-PluginBrowser.dll (API version 3944462).
LogModuleManager: Display: Found up-to-date module file ../../../Engine/Plugins/Editor/SpeedTreeImporter/Binaries/Win64/UE4Editor-SpeedTreeImporter.dll (API version 3944462).
LogModuleManager: Display: Found up-to-date module file ../../../Engine/Plugins/Enterprise/DatasmithContent/Binaries/Win64/UE4Editor-DatasmithContent.dll (API version 3944462).
LogModuleManager: Display: Found up-to-date module file ../../../Engine/Plugins/Experimental/AlembicImporter/Binaries/Win64/UE4Editor-AlembicImporter.dll (API version 3944462).
LogModuleManager: Display: Found up-to-date module file ../../../Engine/Plugins/Experimental/AlembicImporter/Binaries/Win64/UE4Editor-AlembicLibrary.dll (API version 3944462).
LogModuleManager: Display: Found up-to-date module file ../../../Engine/Plugins/Experimental/CharacterAI/Binaries/Win64/UE4Editor-CharacterAI.dll (API version 3944462).
LogModuleManager: Display: Found up-to-date module file ../../../Engine/Plugins/Experimental/HTML5Networking/Binaries/Win64/UE4Editor-HTML5Networking.dll (API version 3944462).
LogModuleManager: Display: Found up-to-date module file ../../../Engine/Plugins/Media/AndroidMedia/Binaries/Win64/UE4Editor-AndroidMediaEditor.dll (API version 3944462).
LogModuleManager: Display: Found up-to-date module file ../../../Engine/Plugins/Media/AndroidMedia/Binaries/Win64/UE4Editor-AndroidMediaFactory.dll (API version 3944462).
LogModuleManager: Display: Found up-to-date module file ../../../Engine/Plugins/Media/AvfMedia/Binaries/Win64/UE4Editor-AvfMediaEditor.dll (API version 3944462).
LogModuleManager: Display: Found up-to-date module file ../../../Engine/Plugins/Media/AvfMedia/Binaries/Win64/UE4Editor-AvfMediaFactory.dll (API version 3944462).
LogModuleManager: Display: Found up-to-date module file ../../../Engine/Plugins/Media/AvfMedia/Binaries/Win64/UE4Editor-AvfMediaFactory.dll (API version 3944462).
LogModuleManager: Display: Found up-to-date module file ../../../Engine/Plugins/Media/ImgMedia/Binaries/Win64/UE4Editor-ImgMedia.dll (API version 3944462).
LogModuleManager: Display: Found up-to-date module file ../../../Engine/Plugins/Media/ImgMedia/Binaries/Win64/UE4Editor-ImgMediaEditor.dll (API version 3944462).
LogModuleManager: Display: Found up-to-date module file ../../../Engine/Plugins/Media/ImgMedia/Binaries/Win64/UE4Editor-ImgMediaFactory.dll (API version 3944462).
LogModuleManager: Display: Found up-to-date module file ../../../Engine/Plugins/Media/ImgMedia/Binaries/Win64/UE4Editor-ImgMediaFactory.dll (API version 3944462).
LogModuleManager: Display: Found up-to-date module file ../../../Engine/Plugins/Media/ImgMedia/Binaries/Win64/UE4Editor-OpenExrWrapper.dll (API version 3944462).
LogModuleManager: Display: Found up-to-date module file ../../../Engine/Plugins/Media/LinearTimecode/Binaries/Win64/UE4Editor-LinearTimecode.dll (API version 3944462).
LogModuleManager: Display: Found up-to-date module file ../../../Engine/Plugins/Media/MediaCompositing/Binaries/Win64/UE4Editor-MediaCompositing.dll (API version 3944462).
LogModuleManager: Display: Found up-to-date module file ../../../Engine/Plugins/Media/MediaCompositing/Binaries/Win64/UE4Editor-MediaCompositingEditor.dll (API version 3944462).
LogModuleManager: Display: Found up-to-date module file ../../../Engine/Plugins/Media/MediaPlayerEditor/Binaries/Win64/UE4Editor-MediaPlayerEditor.dll (API version 3944462).
LogModuleManager: Display: Found up-to-date module file ../../../Engine/Plugins/Media/WmfMedia/Binaries/Win64/UE4Editor-WmfMedia.dll (API version 3944462).
LogModuleManager: Display: Found up-to-date module file ../../../Engine/Plugins/Media/WmfMedia/Binaries/Win64/UE4Editor-WmfMediaEditor.dll (API version 3944462).
LogModuleManager: Display: Found up-to-date module file ../../../Engine/Plugins/Media/WmfMedia/Binaries/Win64/UE4Editor-WmfMediaFactory.dll (API version 3944462).
LogModuleManager: Display: Found up-to-date module file ../../../Engine/Plugins/Media/WmfMedia/Binaries/Win64/UE4Editor-WmfMediaFactory.dll (API version 3944462).
LogModuleManager: Display: Found up-to-date module file ../../../Engine/Plugins/Messaging/TcpMessaging/Binaries/Win64/UE4Editor-TcpMessaging.dll (API version 3944462).
LogModuleManager: Display: Found up-to-date module file ../../../Engine/Plugins/Messaging/UdpMessaging/Binaries/Win64/UE4Editor-UdpMessaging.dll (API version 3944462).
LogModuleManager: Display: Found up-to-date module file ../../../Engine/Plugins/MovieScene/ActorSequence/Binaries/Win64/UE4Editor-ActorSequence.dll (API version 3944462).
LogModuleManager: Display: Found up-to-date module file ../../../Engine/Plugins/MovieScene/LevelSequenceEditor/Binaries/Win64/UE4Editor-LevelSequenceEditor.dll (API version 3944462).
LogModuleManager: Display: Found up-to-date module file ../../../Engine/Plugins/MovieScene/MatineeToLevelSequence/Binaries/Win64/UE4Editor-MatineeToLevelSequence.dll (API version 3944462).
LogModuleManager: Display: Found up-to-date module file ../../../Engine/Plugins/NetcodeUnitTest/NetcodeUnitTest/Binaries/Win64/UE4Editor-NetcodeUnitTest.dll (API version 3944462).
LogModuleManager: Display: Found up-to-date module file ../../../Engine/Plugins/NetcodeUnitTest/NUTUnrealEngine4/Binaries/Win64/UE4Editor-NUTUnrealEngine4.dll (API version 3944462).
LogModuleManager: Display: Found up-to-date module file ../../../Engine/Plugins/Online/OnlineSubsystem/Binaries/Win64/UE4Editor-OnlineSubsystem.dll (API version 3944462).
LogModuleManager: Display: Found up-to-date module file ../../../Engine/Plugins/Runtime/AndroidPermission/Binaries/Win64/UE4Editor-AndroidPermission.dll (API version 3944462).
LogModuleManager: Display: Found up-to-date module file ../../../Engine/Plugins/Online/OnlineSubsystemNull/Binaries/Win64/UE4Editor-OnlineSubsystemNull.dll (API version 3944462).
LogModuleManager: Display: Found up-to-date module file ../../../Engine/Plugins/Online/OnlineSubsystemUtils/Binaries/Win64/UE4Editor-OnlineSubsystemUtils.dll (API version 3944462).
LogModuleManager: Display: Found up-to-date module file ../../../Engine/Plugins/Online/OnlineSubsystemUtils/Binaries/Win64/UE4Editor-OnlineBlueprintSupport.dll (API version 3944462).
LogModuleManager: Display: Found up-to-date module file ../../../Engine/Plugins/Runtime/AndroidDeviceProfileSelector/Binaries/Win64/UE4Editor-AndroidDeviceProfileSelector.dll (API version 3944462).
LogModuleManager: Display: Found up-to-date module file ../../../Engine/Plugins/Runtime/AppleARKit/Binaries/Win64/UE4Editor-AppleARKit.dll (API version 3944462).
LogModuleManager: Display: Found up-to-date module file ../../../Engine/Plugins/Runtime/ProceduralMeshComponent/Binaries/Win64/UE4Editor-ProceduralMeshComponent.dll (API version 3944462).
LogModuleManager: Display: Found up-to-date module file ../../../Engine/Plugins/Runtime/ProceduralMeshComponent/Binaries/Win64/UE4Editor-ProceduralMeshComponentEditor.dll (API version 3944462).
LogModuleManager: Display: Found up-to-date module file ../../../Engine/Plugins/Animation/LiveLink/Binaries/Win64/UE4Editor-LiveLink.dll (API version 3944462).
LogModuleManager: Display: Found up-to-date module file ../../../Engine/Plugins/Animation/LiveLink/Binaries/Win64/UE4Editor-LiveLinkEditor.dll (API version 3944462).
LogModuleManager: Display: Found up-to-date module file ../../../Engine/Plugins/Runtime/ArchVisCharacter/Binaries/Win64/UE4Editor-ArchVisCharacter.dll (API version 3944462).
LogModuleManager: Display: Found up-to-date module file ../../../Engine/Plugins/Runtime/AudioCapture/Binaries/Win64/UE4Editor-AudioCapture.dll (API version 3944462).
LogModuleManager: Display: Found up-to-date module file ../../../Engine/Plugins/Runtime/AudioCapture/Binaries/Win64/UE4Editor-AudioCaptureEditor.dll (API version 3944462).
LogModuleManager: Display: Found up-to-date module file ../../../Engine/Plugins/Runtime/CableComponent/Binaries/Win64/UE4Editor-CableComponent.dll (API version 3944462).
LogModuleManager: Display: Found up-to-date module file ../../../Engine/Plugins/Runtime/CustomMeshComponent/Binaries/Win64/UE4Editor-CustomMeshComponent.dll (API version 3944462).
LogModuleManager: Display: Found up-to-date module file ../../../Engine/Plugins/Runtime/ExampleDeviceProfileSelector/Binaries/Win64/UE4Editor-ExampleDeviceProfileSelector.dll (API version 3944462).
LogModuleManager: Display: Found up-to-date module file ../../../Engine/Plugins/Runtime/ImmediatePhysics/Binaries/Win64/UE4Editor-ImmediatePhysics.dll (API version 3944462).
LogModuleManager: Display: Found up-to-date module file ../../../Engine/Plugins/Runtime/ImmediatePhysics/Binaries/Win64/UE4Editor-ImmediatePhysicsEditor.dll (API version 3944462).
LogModuleManager: Display: Found up-to-date module file ../../../Engine/Plugins/Runtime/LocationServicesBPLibrary/Binaries/Win64/UE4Editor-LocationServicesBPLibrary.dll (API version 3944462).
LogModuleManager: Display: Found up-to-date module file ../../../Engine/Plugins/Runtime/MobilePatchingUtils/Binaries/Win64/UE4Editor-MobilePatchingUtils.dll (API version 3944462).
LogModuleManager: Display: Found up-to-date module file ../../../Engine/Plugins/Runtime/Oculus/OculusVR/Binaries/Win64/UE4Editor-OculusHMD.dll (API version 3944462).
LogModuleManager: Display: Found up-to-date module file ../../../Engine/Plugins/Runtime/Oculus/OculusVR/Binaries/Win64/UE4Editor-OculusInput.dll (API version 3944462).
LogModuleManager: Display: Found up-to-date module file ../../../Engine/Plugins/Runtime/Oculus/OculusVR/Binaries/Win64/UE4Editor-OculusEditor.dll (API version 3944462).
LogModuleManager: Display: Found up-to-date module file ../../../Engine/Plugins/Runtime/PhysXVehicles/Binaries/Win64/UE4Editor-PhysXVehicles.dll (API version 3944462).
LogModuleManager: Display: Found up-to-date module file ../../../Engine/Plugins/Runtime/PhysXVehicles/Binaries/Win64/UE4Editor-PhysXVehiclesEditor.dll (API version 3944462).
LogModuleManager: Display: Found up-to-date module file ../../../Engine/Plugins/Runtime/RuntimePhysXCooking/Binaries/Win64/UE4Editor-RuntimePhysXCooking.dll (API version 3944462).
LogModuleManager: Display: Found up-to-date module file ../../../Engine/Plugins/Runtime/Steam/SteamVR/Binaries/Win64/UE4Editor-SteamVR.dll (API version 3944462).
LogModuleManager: Display: Found up-to-date module file ../../../Engine/Plugins/Runtime/Steam/SteamVR/Binaries/Win64/UE4Editor-SteamVRController.dll (API version 3944462).
LogModuleManager: Display: Found up-to-date module file ../../../Engine/Plugins/Runtime/WindowsMoviePlayer/Binaries/Win64/UE4Editor-WindowsMoviePlayer.dll (API version 3944462).
LogPluginManager: Mounting plugin Paper2D
LogPluginManager: Mounting plugin LiveLink
LogPluginManager: Mounting plugin LightPropagationVolume
LogPluginManager: Mounting plugin CLionSourceCodeAccess
LogPluginManager: Mounting plugin CodeLiteSourceCodeAccess
LogPluginManager: Mounting plugin GitSourceControl
LogPluginManager: Mounting plugin KDevelopSourceCodeAccess
LogPluginManager: Mounting plugin NullSourceCodeAccess
LogPluginManager: Mounting plugin PerforceSourceControl
LogPluginManager: Mounting plugin SubversionSourceControl
LogPluginManager: Mounting plugin UObjectPlugin
LogPluginManager: Mounting plugin VisualStudioCodeSourceCodeAccess
LogPluginManager: Mounting plugin VisualStudioSourceCodeAccess
LogPluginManager: Mounting plugin XCodeSourceCodeAccess
LogPluginManager: Mounting plugin AssetManagerEditor
LogPluginManager: Mounting plugin CryptoKeys
LogPluginManager: Mounting plugin DataValidation
LogPluginManager: Mounting plugin FacialAnimation
LogPluginManager: Mounting plugin GameplayTagsEditor
LogPluginManager: Mounting plugin MobileLauncherProfileWizard
LogPluginManager: Mounting plugin PluginBrowser
LogPluginManager: Mounting plugin SpeedTreeImporter
LogPluginManager: Mounting plugin DatasmithContent
LogPluginManager: Mounting plugin AlembicImporter
LogPluginManager: Mounting plugin CharacterAI
LogPluginManager: Mounting plugin HTML5Networking
LogPluginManager: Mounting plugin AndroidMedia
LogPluginManager: Mounting plugin AvfMedia
LogPluginManager: Mounting plugin ImgMedia
LogPluginManager: Mounting plugin LinearTimecode
LogPluginManager: Mounting plugin MediaCompositing
LogPluginManager: Mounting plugin MediaPlayerEditor
LogPluginManager: Mounting plugin WmfMedia
LogPluginManager: Mounting plugin TcpMessaging
LogPluginManager: Mounting plugin UdpMessaging
LogPluginManager: Mounting plugin ActorSequence
LogPluginManager: Mounting plugin LevelSequenceEditor
LogPluginManager: Mounting plugin MatineeToLevelSequence
LogPluginManager: Mounting plugin NetcodeUnitTest
LogPluginManager: Mounting plugin NUTUnrealEngine4
LogPluginManager: Mounting plugin OnlineSubsystemGooglePlay
LogPluginManager: Mounting plugin OnlineSubsystemIOS
LogPluginManager: Mounting plugin OnlineSubsystem
LogPluginManager: Mounting plugin OnlineSubsystemNull
LogPluginManager: Mounting plugin OnlineSubsystemUtils
LogPluginManager: Mounting plugin AndroidDeviceProfileSelector
LogPluginManager: Mounting plugin AndroidMoviePlayer
LogPluginManager: Mounting plugin AndroidPermission
LogPluginManager: Mounting plugin AppleARKit
LogPluginManager: Mounting plugin AppleMoviePlayer
LogPluginManager: Mounting plugin ArchVisCharacter
LogPluginManager: Mounting plugin AudioCapture
LogPluginManager: Mounting plugin CableComponent
LogPluginManager: Mounting plugin CustomMeshComponent
LogPluginManager: Mounting plugin ExampleDeviceProfileSelector
LogPluginManager: Mounting plugin GoogleCloudMessaging
LogPluginManager: Mounting plugin ImmediatePhysics
LogPluginManager: Mounting plugin IOSDeviceProfileSelector
LogPluginManager: Mounting plugin LinuxDeviceProfileSelector
LogPluginManager: Mounting plugin LocationServicesBPLibrary
LogPluginManager: Mounting plugin MobilePatchingUtils
LogPluginManager: Mounting plugin OculusVR
LogPluginManager: Plugin shader directory ../../../Engine/Plugins/Runtime/Oculus/OculusVR/Shaders found
LogPluginManager: Mapping shader source directory ../../../Engine/Plugins/Runtime/Oculus/OculusVR/Shaders to virtual directory /Plugin/OculusVR
LogPluginManager: Mounting plugin PhysXVehicles
LogPluginManager: Mounting plugin ProceduralMeshComponent
LogPluginManager: Mounting plugin RuntimePhysXCooking
LogPluginManager: Mounting plugin SteamVR
LogPluginManager: Mounting plugin WindowsMoviePlayer
LogStreaming: Display: Took  4.516s to configure plugins.
LogInit: Using libcurl 7.47.1
LogInit:  - built for x86_64-pc-win32
LogInit:  - supports SSL with OpenSSL/1.0.2g
LogInit:  - supports HTTP deflate (compression) using libz 1.2.8
LogInit:  - other features:
LogInit:      CURL_VERSION_SSL
LogInit:      CURL_VERSION_LIBZ
LogInit:      CURL_VERSION_IPV6
LogInit:      CURL_VERSION_ASYNCHDNS
LogInit:      CURL_VERSION_LARGEFILE
LogInit:      CURL_VERSION_IDN
LogInit:  CurlRequestOptions (configurable via config and command line):
LogInit:  - bVerifyPeer = false  - Libcurl will NOT verify peer certificate
LogInit:  - bUseHttpProxy = false  - Libcurl will NOT use HTTP proxy
LogInit:  - bDontReuseConnections = false  - Libcurl will reuse connections
LogInit:  - CertBundlePath = nullptr  - Libcurl will use whatever was configured at build time.
LogInit:  - MaxHostConnections = 16  - Libcurl will limit the number of connections to a host
LogInit:  - LocalHostAddr = Default
LogInit: WinSock: version 1.1 (2.2), MaxSocks=32767, MaxUdp=65467
LogInit: WinSock: I am DESKTOP-3G34NEP (192.168.1.11:0)
LogInit: Build: ++UE4+Release-4.19-CL-3989454
LogInit: Engine Version: 4.19.1-3989454+++UE4+Release-4.19
LogInit: Compatible Engine Version: 4.19.0-3944462+++UE4+Release-4.19
LogInit: Net CL: 3944462
LogDevObjectVersion: Number of dev versions registered: 18
LogDevObjectVersion:   Dev-Blueprints (B0D832E4-1F89-4F0D-ACCF-7EB736FD4AA2): 10
LogDevObjectVersion:   Dev-Build (E1C64328-A22C-4D53-A36C-8E866417BD8C): 0
LogDevObjectVersion:   Dev-Core (375EC13C-06E4-48FB-B500-84F0262A717E): 2
LogDevObjectVersion:   Dev-Editor (E4B068ED-F494-42E9-A231-DA0B2E46BB41): 23
LogDevObjectVersion:   Dev-Framework (CFFC743F-43B0-4480-9391-14DF171D2073): 33
LogDevObjectVersion:   Dev-Mobile (B02B49B5-BB20-44E9-A304-32B752E40360): 2
LogDevObjectVersion:   Dev-Networking (A4E4105C-59A1-49B5-A7C5-40C4547EDFEE): 0
LogDevObjectVersion:   Dev-Online (39C831C9-5AE6-47DC-9A44-9C173E1C8E7C): 0
LogDevObjectVersion:   Dev-Physics (78F01B33-EBEA-4F98-B9B4-84EACCB95AA2): 0
LogDevObjectVersion:   Dev-Platform (6631380F-2D4D-43E0-8009-CF276956A95A): 0
LogDevObjectVersion:   Dev-Rendering (12F88B9F-8875-4AFC-A67C-D90C383ABD29): 25
LogDevObjectVersion:   Dev-Sequencer (7B5AE74C-D270-4C10-A958-57980B212A5A): 6
LogDevObjectVersion:   Dev-VR (D7296918-1DD6-4BDD-9DE2-64A83CC13884): 1
LogDevObjectVersion:   Dev-LoadTimes (C2A15278-BFE7-4AFE-6C17-90FF531DF755): 1
LogDevObjectVersion:   Private-Geometry (6EACA3D4-40EC-4CC1-B786-8BED09428FC5): 2
LogDevObjectVersion:   Dev-AnimPhys (29E575DD-E0A3-4627-9D10-D276232CDCEA): 16
LogDevObjectVersion:   Dev-ReflectionCapture (6B266CEC-1EC7-4B8F-A30B-E4D90942FC07): 1
LogDevObjectVersion:   Dev-Automation (0DF73D61-A23F-47EA-B727-89E90C41499A): 1
LogInit: Compiled (64-bit): Apr  6 2018 12:26:04
LogInit: Compiled with Visual C++: 19.00.24215.01
LogInit: Build Configuration: Development
LogInit: Branch Name: ++UE4+Release-4.19
LogInit: Command Line:  
LogInit: Base Directory: G:/Epic Games/UE_4.19/Engine/Binaries/Win64/
LogInit: Installed Engine Build: 1
LogStreaming: Display: Took  0.001s to delete old logs.
LogInit: Presizing for max 8388607 objects, including 0 objects not considered by GC, pre-allocating 0 bytes for permanent pool.
LogInit: Object subsystem initialized
[2018.06.13-13.03.12:695][  0]LogInit: Selected Device Profile: [Windows]
[2018.06.13-13.03.12:695][  0]LogInit: Applying CVar settings loaded from the selected device profile: [Windows]
[2018.06.13-13.03.12:714][  0]LogInit: Computer: DESKTOP-3G34NEP
[2018.06.13-13.03.12:714][  0]LogInit: User: andre
[2018.06.13-13.03.12:714][  0]LogInit: CPU Page size=4096, Cores=4
[2018.06.13-13.03.12:714][  0]LogInit: High frequency timer resolution =3.328127 MHz
[2018.06.13-13.03.12:714][  0]LogMemory: Memory total: Physical=16.0GB (16GB approx)
[2018.06.13-13.03.12:714][  0]LogMemory: Platform Memory Stats for Windows
[2018.06.13-13.03.12:714][  0]LogMemory: Process Physical Memory: 273.79 MB used, 273.79 MB peak
[2018.06.13-13.03.12:714][  0]LogMemory: Process Virtual Memory: 264.83 MB used, 264.83 MB peak
[2018.06.13-13.03.12:714][  0]LogMemory: Physical Memory: 6771.69 MB used,  9574.98 MB free, 16346.66 MB total
[2018.06.13-13.03.12:714][  0]LogMemory: Virtual Memory: 4779.77 MB used,  9574.98 MB free, 134217728.00 MB total
[2018.06.13-13.03.12:753][  0]LogInit: Using OS detected language (ru-RU).
[2018.06.13-13.03.12:753][  0]LogInit: Using OS detected locale (ru-RU).
[2018.06.13-13.03.12:901][  0]LogTextLocalizationManager: No localization for 'ru-RU' exists, so 'en' will be used for the language.
[2018.06.13-13.03.13:700][  0]LogStreaming: Display: Took  0.910s to EndInitTextLocalization.
[2018.06.13-13.03.13:731][  0]LogInit: Setting process to per monitor DPI aware
[2018.06.13-13.03.14:430][  0]LogSlate: New Slate User Created.  User Index 0, Is Virtual User: 0
[2018.06.13-13.03.14:430][  0]LogSlate: Slate User Registered.  User Index 0, Is Virtual User: 0
[2018.06.13-13.03.15:017][  0]LogD3D11RHI: D3D11 adapters:
[2018.06.13-13.03.15:086][  0]LogD3D11RHI:    0. 'NVIDIA GeForce GTX 1080' (Feature Level 11_0)
[2018.06.13-13.03.15:087][  0]LogD3D11RHI:       8079/0/8173 MB DedicatedVideo/DedicatedSystem/SharedSystem, Outputs:1, VendorId:0x10de
[2018.06.13-13.03.15:089][  0]LogD3D11RHI:    1. 'Microsoft Basic Render Driver' (Feature Level 11_0)
[2018.06.13-13.03.15:089][  0]LogD3D11RHI:       0/0/8173 MB DedicatedVideo/DedicatedSystem/SharedSystem, Outputs:0, VendorId:0x1414
[2018.06.13-13.03.15:089][  0]LogD3D11RHI: Chosen D3D11 Adapter: 0
[2018.06.13-13.03.15:123][  0]LogD3D11RHI: Creating new Direct3DDevice
[2018.06.13-13.03.15:124][  0]LogD3D11RHI:     GPU DeviceId: 0x1b80 (for the marketing name, search the web for "GPU Device Id")
[2018.06.13-13.03.15:124][  0]LogWindows: EnumDisplayDevices:
[2018.06.13-13.03.15:125][  0]LogWindows:    0. 'NVIDIA GeForce GTX 1080' (P:1 D:1)
[2018.06.13-13.03.15:125][  0]LogWindows:    1. 'NVIDIA GeForce GTX 1080' (P:0 D:0)
[2018.06.13-13.03.15:125][  0]LogWindows:    2. 'NVIDIA GeForce GTX 1080' (P:0 D:0)
[2018.06.13-13.03.15:125][  0]LogWindows:    3. 'NVIDIA GeForce GTX 1080' (P:0 D:0)
[2018.06.13-13.03.15:126][  0]LogWindows: DebugString: GetVideoDriverDetailsInvalid PrimaryIsNotTheChoosenAdapter GetVideoDriverDetailsInvalid PrimaryIsNotTheChoosenAdapter GetVideoDriverDetailsInvalid PrimaryIsNotTheChoosenAdapter GetVideoDriverDetailsInvalid PrimaryIsNotTheChoosenAdapter FoundDriverCount:0 
[2018.06.13-13.03.15:126][  0]LogD3D11RHI:     Adapter Name: NVIDIA GeForce GTX 1080
[2018.06.13-13.03.15:126][  0]LogD3D11RHI:   Driver Version: Unknown (internal:Unknown, unified:Unknown)
[2018.06.13-13.03.15:126][  0]LogD3D11RHI:      Driver Date: Unknown
[2018.06.13-13.03.15:126][  0]LogRHI: Texture pool is 5655 MB (70% of 8079 MB)
[2018.06.13-13.03.15:257][  0]LogD3D11RHI: [Aftermath] Aftermath enabled and primed
[2018.06.13-13.03.15:257][  0]LogD3D11RHI: [Aftermath] Aftermath enabled and primed
[2018.06.13-13.03.15:257][  0]LogD3D11RHI: Async texture creation enabled
[2018.06.13-13.03.15:888][  0]LogD3D11RHI: GPU Timing Frequency: 1000.000000 (Debug: 2 2)
[2018.06.13-13.03.15:991][  0]LogShaderCompilers: Guid format shader working directory is 38 characters bigger than the processId version (H:/Ursa/Intermediate/Shaders/WorkingDirectory/16808/).
[2018.06.13-13.03.15:991][  0]LogShaderCompilers: Cleaned the shader compiler working directory 'G:/Users/andre/AppData/Local/Temp/UnrealShaderWorkingDir/E935D6F24B3ADF624FF335B87666F3B8/'.
[2018.06.13-13.03.17:166][  0]LogTemp: Display: Loaded TP AllDesktopTargetPlatform
[2018.06.13-13.03.17:179][  0]LogTemp: Display: Loaded TP MacClientTargetPlatform
[2018.06.13-13.03.17:191][  0]LogTemp: Display: Loaded TP MacNoEditorTargetPlatform
[2018.06.13-13.03.17:224][  0]LogTemp: Display: Loaded TP MacServerTargetPlatform
[2018.06.13-13.03.17:256][  0]LogTemp: Display: Loaded TP MacTargetPlatform
[2018.06.13-13.03.17:281][  0]LogTemp: Display: Loaded TP WindowsClientTargetPlatform
[2018.06.13-13.03.17:301][  0]LogTemp: Display: Loaded TP WindowsNoEditorTargetPlatform
[2018.06.13-13.03.17:313][  0]LogTemp: Display: Loaded TP WindowsServerTargetPlatform
[2018.06.13-13.03.17:319][  0]LogTemp: Display: Loaded TP WindowsTargetPlatform
[2018.06.13-13.03.17:332][  0]LogTemp: Display: Loaded TP Android_ASTCTargetPlatform
[2018.06.13-13.03.17:342][  0]LogTemp: Display: Loaded TP Android_ATCTargetPlatform
[2018.06.13-13.03.17:354][  0]LogTemp: Display: Loaded TP Android_DXTTargetPlatform
[2018.06.13-13.03.17:365][  0]LogTemp: Display: Loaded TP Android_ETC1aTargetPlatform
[2018.06.13-13.03.17:376][  0]LogTemp: Display: Loaded TP Android_ETC1TargetPlatform
[2018.06.13-13.03.17:387][  0]LogTemp: Display: Loaded TP Android_ETC2TargetPlatform
[2018.06.13-13.03.17:422][  0]LogTemp: Display: Loaded TP Android_MultiTargetPlatform
[2018.06.13-13.03.17:422][  0]LogTemp: Display: Loaded TP Android_PVRTCTargetPlatform
[2018.06.13-13.03.17:464][  0]LogTemp: Display: Loaded TP AndroidTargetPlatform
[2018.06.13-13.03.17:466][  0]LogTemp: Display: Loaded TP HTML5TargetPlatform
[2018.06.13-13.03.17:601][  0]LogTemp: Display: Loaded TP IOSTargetPlatform
[2018.06.13-13.03.17:612][  0]LogTemp: Display: Loaded TP TVOSTargetPlatform
[2018.06.13-13.03.17:627][  0]LogTemp: Display: Loaded TP LinuxClientTargetPlatform
[2018.06.13-13.03.17:638][  0]LogTemp: Display: Loaded TP LinuxNoEditorTargetPlatform
[2018.06.13-13.03.17:649][  0]LogTemp: Display: Loaded TP LinuxServerTargetPlatform
[2018.06.13-13.03.17:670][  0]LogTemp: Display: Loaded TP LinuxTargetPlatform
[2018.06.13-13.03.17:670][  0]LogTargetPlatformManager: Display: Building Assets For Windows
[2018.06.13-13.03.18:592][  0]LogXGEController: Cannot use XGE Controller as Incredibuild is not installed on this machine.
[2018.06.13-13.03.18:628][  0]LogShaderCompilers: Cannot use XGE Shader Compiler as Incredibuild is not installed on this machine.
[2018.06.13-13.03.18:629][  0]LogShaderCompilers: Display: Using Local Shader Compiler.
[2018.06.13-13.03.20:947][  0]LogDerivedDataCache: Display: Max Cache Size: 512 MB
[2018.06.13-13.03.21:694][  0]LogDerivedDataCache: Loaded boot cache 0.73s 74MB G:/Users/andre/AppData/Local/UnrealEngine/4.19/DerivedDataCache/Boot.ddc.
[2018.06.13-13.03.21:694][  0]LogDerivedDataCache: Display: Loaded Boot cache: G:/Users/andre/AppData/Local/UnrealEngine/4.19/DerivedDataCache/Boot.ddc
[2018.06.13-13.03.21:695][  0]LogDerivedDataCache: FDerivedDataBackendGraph:  Pak pak cache file H:/Ursa/DerivedDataCache/DDC.ddp not found, will not use a pak cache.
[2018.06.13-13.03.21:695][  0]LogDerivedDataCache: Unable to find inner node Pak for hierarchical cache Hierarchy.
[2018.06.13-13.03.21:695][  0]LogDerivedDataCache: FDerivedDataBackendGraph:  CompressedPak pak cache file H:/Ursa/DerivedDataCache/Compressed.ddp not found, will not use a pak cache.
[2018.06.13-13.03.21:695][  0]LogDerivedDataCache: Unable to find inner node CompressedPak for hierarchical cache Hierarchy.
[2018.06.13-13.03.22:022][  0]LogDerivedDataCache: Display: Pak cache opened for reading ../../../Engine/DerivedDataCache/Compressed.ddp.
[2018.06.13-13.03.22:082][  0]LogDerivedDataCache: Using Local data cache path G:/Users/andre/AppData/Local/UnrealEngine/Common/DerivedDataCache: Writable
[2018.06.13-13.03.22:153][  0]LogMaterial: Verifying Global Shaders for PCD3D_SM5
[2018.06.13-13.03.22:219][  0]LogSlate: Using Freetype 2.6.0
[2018.06.13-13.03.22:296][  0]LogSlate: SlateFontCache - WITH_FREETYPE: 1, WITH_HARFBUZZ: 1
[2018.06.13-13.03.22:296][  0]LogSlate: SlateFontCache - WITH_FREETYPE: 1, WITH_HARFBUZZ: 1
[2018.06.13-13.03.26:638][  0]LogAssetRegistry: FAssetRegistry took 0.0286 seconds to start up
[2018.06.13-13.03.38:093][  0]LogInit: Selected Device Profile: [Windows]
[2018.06.13-13.03.42:970][  0]LogSimplygon: Simplygon DLL not present - disabling.
[2018.06.13-13.03.43:122][  0]LogMeshReduction: Using SimplygonSwarm for distributed automatic mesh merging
[2018.06.13-13.03.43:123][  0]LogMeshReduction: Using QuadricMeshReduction for automatic static mesh reduction
[2018.06.13-13.03.43:123][  0]LogMeshReduction: No automatic skeletal mesh reduction module available
[2018.06.13-13.03.43:123][  0]LogMeshReduction: No automatic mesh merging module available
[2018.06.13-13.03.43:123][  0]LogMeshMerging: No automatic mesh merging module available
[2018.06.13-13.03.45:013][  0]LogNetVersion: Ursa , NetCL: 3944462, EngineNetVer: 2, GameNetVer: 0 (Checksum: 3086478172)
[2018.06.13-13.03.51:642][  0]LogPackageLocalizationCache: Processed 9 localized package path(s) for 1 prioritized culture(s) in 0.262810 seconds
[2018.06.13-13.03.51:649][  0]LogUObjectArray: 36728 objects as part of root set at end of initial load.
[2018.06.13-13.03.51:649][  0]LogUObjectAllocator: 7314304 out of 0 bytes used by permanent object pool.
[2018.06.13-13.03.51:649][  0]LogUObjectArray: CloseDisregardForGC: 0/0 objects in disregard for GC pool
[2018.06.13-13.04.06:340][  0]LogTcpMessaging: Initializing TcpMessaging bridge
[2018.06.13-13.04.06:413][  0]LogUdpMessaging: Initializing bridge on interface 0.0.0.0:0 to multicast group 230.0.0.1:6666.
[2018.06.13-13.04.07:733][  0]SourceControl: Source control is disabled
[2018.06.13-13.04.07:733][  0]SourceControl: Source control is disabled
[2018.06.13-13.04.07:822][  0]SourceControl: Source control is disabled
[2018.06.13-13.04.07:858][  0]SourceControl: Source control is disabled
[2018.06.13-13.04.09:422][  0]LogAndroidPermission: UAndroidPermissionCallbackProxy::GetInstance
[2018.06.13-13.04.09:858][  0]LogOcInput: OculusInput pre-init called
[2018.06.13-13.04.10:385][  0]LogEngine: Initializing Engine...
[2018.06.13-13.04.10:438][  0]LogHMD: Failed to initialize OpenVR with code 110
[2018.06.13-13.04.10:467][  0]LogStats: UGameplayTagsManager::ConstructGameplayTagTree: Construct from data asset -  0.000 s
[2018.06.13-13.04.10:468][  0]LogStats: UGameplayTagsManager::ConstructGameplayTagTree: GameplayTagTreeChangedEvent.Broadcast -  0.000 s
[2018.06.13-13.04.11:215][  0]LogAIModule: Creating AISystem for world Untitled
[2018.06.13-13.04.11:336][  0]LogInit: XAudio2 using 'Динамики (Realtek High Definition Audio)' : 2 channels at 48 kHz using 32 bits per sample (channel mask 0x3)
[2018.06.13-13.04.11:383][  0]LogInit: FAudioDevice initialized.
[2018.06.13-13.04.11:769][  0]LogDerivedDataCache: Saved boot cache 0.38s 74MB G:/Users/andre/AppData/Local/UnrealEngine/4.19/DerivedDataCache/Boot.ddc.
[2018.06.13-13.04.11:791][  0]LogInit: Texture streaming: Enabled
[2018.06.13-13.04.11:892][  0]LogEngineSessionManager: EngineSessionManager initialized
[2018.06.13-13.04.11:892][  0]LogEngineSessionManager: EngineSessionManager sent abnormal shutdown report. Type=AbnormalShutdown, SessionId={6DDAA88B-4C26-03A3-D50B-E7913FFC097A}
[2018.06.13-13.04.12:119][  0]LogInit: Transaction tracking system initialized
[2018.06.13-13.04.12:612][  0]BlueprintLog: New page: Editor Load
[2018.06.13-13.04.14:136][  0]LocalizationService: Localization service is disabled
[2018.06.13-13.04.14:550][  0]LogLinker: Warning: Can't find file '/Game/TopDownBP/TopDownOverview'
[2018.06.13-13.04.14:557][  0]LogLinker: Warning: Can't find file '/Game/TopDownBP/TopDownOverview'
[2018.06.13-13.04.14:557][  0]LogUObjectGlobals: Warning: Failed to find object 'Class /Game/TopDownBP/TopDownOverview.TopDownOverview_C'
[2018.06.13-13.04.14:875][  0]LogConsoleResponse: Display: 
[2018.06.13-13.04.17:102][  0]LogCook: Display: Max memory allowance for cook 16384mb min free memory 0mb
[2018.06.13-13.04.17:102][  0]LogCook: Display: Mobile HDR setting 1
[2018.06.13-13.04.17:102][  0]LogGameplayTags: Display: UGameplayTagsManager::DoneAddingNativeTags. DelegateIsBound: 0
[2018.06.13-13.04.17:102][  0]LogStats: UGameplayTagsManager::ConstructGameplayTagTree: Construct from data asset -  0.000 s
[2018.06.13-13.04.17:102][  0]LogStats: UGameplayTagsManager::ConstructGameplayTagTree: GameplayTagTreeChangedEvent.Broadcast -  0.000 s
[2018.06.13-13.04.18:124][  0]LogFileCache: Scanning file cache for directory 'H:/Ursa/Content/' took 0.02s
[2018.06.13-13.04.19:619][  0]SourceControl: Source control is disabled
[2018.06.13-13.04.19:652][  0]Cmd: MAP LOAD FILE="H:/Ursa/Content/AdvancedTurnBasedTileToolkit/Maps/Example.umap" TEMPLATE=0 SHOWPROGRESS=1 FEATURELEVEL=3
[2018.06.13-13.04.19:767][  0]LightingResults: New page: Lighting Build
[2018.06.13-13.04.19:804][  0]MapCheck: New page: Map Check
[2018.06.13-13.04.19:804][  0]LightingResults: New page: Lighting Build
[2018.06.13-13.04.35:633][  0]LogSkeletalMesh: Skeletal Mesh found in DDC [34.217743ms] /Game/AdvancedTurnBasedTileToolkit/Units/SK_Mannequin_Mobile.SK_Mannequin_Mobile
[2018.06.13-13.04.36:105][  0]LogAIModule: Creating AISystem for world Example
[2018.06.13-13.04.36:415][  0]LogEditorServer: Finished looking for orphan Actors (0.000 secs)
[2018.06.13-13.04.36:494][  0]Cmd: MAP CHECKDEP NOCLEARLOG
[2018.06.13-13.04.36:561][  0]MapCheck: Map check complete: 0 Error(s), 0 Warning(s), took 66,593ms to complete.
[2018.06.13-13.04.36:561][  0]LogFileHelpers: Loading map 'Example' took 16.927
[2018.06.13-13.04.37:253][  0]LogCollectionManager: Loaded 0 collections in 0.003726 seconds
[2018.06.13-13.04.37:383][  0]LogFileCache: Scanning file cache for directory 'H:/Ursa/Saved/Collections/' took 0.01s
[2018.06.13-13.04.37:383][  0]LogFileCache: Scanning file cache for directory 'H:/Ursa/Content/Developers/andre/Collections/' took 0.01s
[2018.06.13-13.04.37:383][  0]LogFileCache: Scanning file cache for directory 'H:/Ursa/Content/Collections/' took 0.01s
[2018.06.13-13.04.37:383][  0]LogCollectionManager: Rebuilt the GUID cache for 0 collections in 0.000000 seconds
[2018.06.13-13.04.37:396][  0]LogContentBrowser: Native class hierarchy populated in 0.0117 seconds. Added 2452 classes and 558 folders.
[2018.06.13-13.04.37:577][  0]LogContentBrowser: Native class hierarchy updated for 'WidgetCarousel' in 0.0003 seconds. Added 0 classes and 0 folders.
[2018.06.13-13.04.39:032][  0]LogContentBrowser: Native class hierarchy updated for 'AddContentDialog' in 0.0002 seconds. Added 0 classes and 0 folders.
[2018.06.13-13.04.39:103][  0]LogContentBrowser: Native class hierarchy updated for 'SceneOutliner' in 0.0003 seconds. Added 1 classes and 2 folders.
[2018.06.13-13.04.40:099][  0]LogSlate: Took 0.000422 seconds to synchronously load lazily loaded font '../../../Engine/Content/Slate/Fonts/Roboto-Regular.ttf' (155K)
[2018.06.13-13.04.40:104][  0]LogSlate: Took 0.000361 seconds to synchronously load lazily loaded font '../../../Engine/Content/Slate/Fonts/Roboto-Bold.ttf' (160K)
[2018.06.13-13.04.40:170][  0]LogSlate: Took 0.019056 seconds to synchronously load lazily loaded font '../../../Engine/Content/Editor/Slate/Fonts/FontAwesome.ttf' (139K)
[2018.06.13-13.04.40:378][  0]LogRenderer: Reallocating scene render targets to support 1680x728 Format 10 NumSamples 1 (Frame:1).
[2018.06.13-13.04.40:820][  0]LogContentBrowser: Native class hierarchy updated for 'HierarchicalLODOutliner' in 0.0002 seconds. Added 0 classes and 0 folders.
[2018.06.13-13.04.40:820][  0]LogLoad: (Engine Initialization) Total time: 94.64 seconds
[2018.06.13-13.04.40:820][  0]LogLoad: (Engine Initialization) Total Blueprint compile time: 0.00 seconds
[2018.06.13-13.04.40:880][  0]LogContentStreaming: Texture pool size now 1000 MB
[2018.06.13-13.04.40:997][  1]LogAssetRegistry: Asset discovery search completed in 74.3823 seconds
[2018.06.13-13.04.41:000][  1]LogCollectionManager: Rebuilt the object cache for 0 collections in 0.000000 seconds (found 0 objects)
[2018.06.13-13.04.41:000][  1]LogCollectionManager: Fixed up redirectors for 0 collections in 0.000048 seconds (updated 0 objects)
[2018.06.13-13.05.28:241][512]LogSlate: FSceneViewport::OnFocusLost() reason 0
[2018.06.13-13.05.28:358][525]LogSlate: Window 'Message Log' being destroyed
[2018.06.13-13.05.28:362][525]LogSlate: Window 'Message Log' being destroyed
[2018.06.13-13.05.31:988][945]LogSlate: FSceneViewport::OnFocusLost() reason 0
[2018.06.13-13.05.35:760][367]LogSlate: Took 0.014854 seconds to synchronously load lazily loaded font '../../../Engine/Content/Slate/Fonts/Roboto-Light.ttf' (167K)
[2018.06.13-13.05.36:503][367]LogAIModule: Creating AISystem for world ULA
[2018.06.13-13.05.36:552][367]Cmd: MAP LOAD FILE="H:/Ursa/Content/ULA.umap" TEMPLATE=0 SHOWPROGRESS=1 FEATURELEVEL=3
[2018.06.13-13.05.36:552][367]LightingResults: New page: Lighting Build
[2018.06.13-13.05.36:554][367]LoadErrors: New page: Loading map: ULA.umap
[2018.06.13-13.05.36:579][367]MapCheck: New page: Map Check
[2018.06.13-13.05.36:579][367]LightingResults: New page: Lighting Build
[2018.06.13-13.05.36:836][367]LogEditorServer: Finished looking for orphan Actors (0.000 secs)
[2018.06.13-13.05.36:915][367]Cmd: MAP CHECKDEP NOCLEARLOG
[2018.06.13-13.05.36:981][367]MapCheck: Map check complete: 0 Error(s), 0 Warning(s), took 66,027ms to complete.
[2018.06.13-13.05.36:981][367]LogFileHelpers: Loading map 'ULA' took 0.437
[2018.06.13-13.05.40:458][746]LogSlate: FSceneViewport::OnFocusLost() reason 0
[2018.06.13-13.05.40:575][760]LogTemp: Repeating last play command: Selected Viewport
[2018.06.13-13.05.40:601][760]LogPlayLevel: PlayLevel: No blueprints needed recompiling
[2018.06.13-13.05.40:619][760]PIE: New page: PIE session: ULA (13 июня 2018 г., 19:05:40)
[2018.06.13-13.05.40:721][760]LogPlayLevel: Creating play world package: /Game/UEDPIE_0_ULA
[2018.06.13-13.05.40:726][760]LogPlayLevel: PIE: StaticDuplicateObject took: (0.004686s)
[2018.06.13-13.05.40:726][760]LogAIModule: Creating AISystem for world ULA
[2018.06.13-13.05.40:727][760]LogPlayLevel: PIE: World Init took: (0.000763s)
[2018.06.13-13.05.40:727][760]LogPlayLevel: PIE: Created PIE world by copying editor world from /Game/ULA.ULA to /Game/UEDPIE_0_ULA.ULA (0.005638s)
[2018.06.13-13.05.40:747][760]LogInit: XAudio2 using 'Динамики (Realtek High Definition Audio)' : 2 channels at 48 kHz using 32 bits per sample (channel mask 0x3)
[2018.06.13-13.05.40:760][760]LogInit: FAudioDevice initialized.
[2018.06.13-13.05.40:870][760]LogLoad: Game class is 'BP_ATBTT_C'
[2018.06.13-13.05.40:906][760]LogWorld: Bringing World /Game/UEDPIE_0_ULA.ULA up for play (max tick rate 0) at 2018.06.13-16.05.40
[2018.06.13-13.05.40:907][760]LogWorld: Bringing up level for play took: 0.017218
[2018.06.13-13.05.40:966][760]LogContentBrowser: Native class hierarchy updated for 'MovieSceneCapture' in 0.0006 seconds. Added 11 classes and 0 folders.
[2018.06.13-13.05.40:966][760]LogGameMode: Display: Match State Changed from EnteringMap to WaitingToStart
[2018.06.13-13.05.40:966][760]LogGameState: Match State Changed from EnteringMap to WaitingToStart
[2018.06.13-13.05.40:966][760]LogGameMode: Display: Match State Changed from WaitingToStart to InProgress
[2018.06.13-13.05.41:038][760]LogGameState: Match State Changed from WaitingToStart to InProgress
[2018.06.13-13.05.41:039][760]PIE: Play in editor start time for /Game/UEDPIE_0_ULA 0,963
[2018.06.13-13.05.49:321][677]LogSlate: FSceneViewport::OnFocusLost() reason 0
[2018.06.13-13.05.50:409][794]LogEditorViewport: Clicking on Actor (LMB): BP_GridManager_Adv_C (BP_GridManager_Adv)
[2018.06.13-13.05.52:154][952]LogSlate: Took 0.020089 seconds to synchronously load lazily loaded font '../../../Engine/Content/Slate/Fonts/Roboto-Italic.ttf' (157K)
[2018.06.13-13.05.55:449][317]LogSlate: FSceneViewport::OnFocusLost() reason 0
[2018.06.13-13.06.04:522][350]LogEditorViewport: Clicking on Actor (LMB): StaticMeshActor (Plane)
[2018.06.13-13.06.06:670][527]LogEditorViewport: Clicking on Actor (LMB): BP_GridManager_Adv_C (BP_GridManager_Adv)
[2018.06.13-13.06.10:162][906]LogSlate: FSceneViewport::OnFocusLost() reason 0
[2018.06.13-13.06.11:454][ 45]LogEditorViewport: Clicking on Actor (LMB): StaticMeshActor (Plane)
[2018.06.13-13.06.14:903][395]LogEditorViewport: Clicking on Actor (LMB): StaticMeshActor (Plane)
[2018.06.13-13.06.15:773][464]LogEditorViewport: Clicking on Actor (LMB): StaticMeshActor (Plane)
[2018.06.13-13.06.21:632][113]LogEditorViewport: Clicking on Actor (LMB): StaticMeshActor (Plane)
[2018.06.13-13.06.47:131][881]LogSlate: FSceneViewport::OnFocusLost() reason 0
[2018.06.13-13.06.47:248][895]LogTemp: Repeating last play command: Selected Viewport
[2018.06.13-13.06.47:627][895]LogPlayLevel: PlayLevel: No blueprints needed recompiling
[2018.06.13-13.06.47:627][895]PIE: New page: PIE session: ULA (13 июня 2018 г., 19:06:47)
[2018.06.13-13.06.47:628][895]LogPlayLevel: Creating play world package: /Game/UEDPIE_0_ULA
[2018.06.13-13.06.47:631][895]LogPlayLevel: PIE: StaticDuplicateObject took: (0.003528s)
[2018.06.13-13.06.47:632][895]LogAIModule: Creating AISystem for world ULA
[2018.06.13-13.06.47:632][895]LogPlayLevel: PIE: World Init took: (0.000815s)
[2018.06.13-13.06.47:632][895]LogPlayLevel: PIE: Created PIE world by copying editor world from /Game/ULA.ULA to /Game/UEDPIE_0_ULA.ULA (0.004531s)
[2018.06.13-13.06.47:653][895]LogInit: XAudio2 using 'Динамики (Realtek High Definition Audio)' : 2 channels at 48 kHz using 32 bits per sample (channel mask 0x3)
[2018.06.13-13.06.47:669][895]LogInit: FAudioDevice initialized.
[2018.06.13-13.06.47:703][895]LogLoad: Game class is 'BP_ATBTT_C'
[2018.06.13-13.06.47:705][895]LogWorld: Bringing World /Game/UEDPIE_0_ULA.ULA up for play (max tick rate 0) at 2018.06.13-16.06.47
[2018.06.13-13.06.47:706][895]LogWorld: Bringing up level for play took: 0.001515
[2018.06.13-13.06.47:706][895]LogGameMode: Display: Match State Changed from EnteringMap to WaitingToStart
[2018.06.13-13.06.47:706][895]LogGameState: Match State Changed from EnteringMap to WaitingToStart
[2018.06.13-13.06.47:706][895]LogGameMode: Display: Match State Changed from WaitingToStart to InProgress
[2018.06.13-13.06.47:709][895]LogGameState: Match State Changed from WaitingToStart to InProgress
[2018.06.13-13.06.47:709][895]PIE: Play in editor start time for /Game/UEDPIE_0_ULA -0,367
[2018.06.13-13.07.00:026][288]LogEditorViewport: Clicking on Actor (LMB): BP_GridManager_Adv_C (BP_GridManager_Adv)
[2018.06.13-13.13.29:005][774]LogWindowsTextInputMethodSystem: Display: IME system now deactivated.
[2018.06.13-13.13.29:006][774]LogWindowsTextInputMethodSystem: Display: IME system now deactivated.
[2018.06.13-13.13.29:012][774]LogSlate: FSceneViewport::OnFocusLost() reason 0
[2018.06.13-13.15.54:801][209]Cmd: OBJ SAVEPACKAGE PACKAGE="/Game/ULA" FILE="H:/Ursa/Saved/Autosaves/Game/ULA_Auto1.umap" SILENT=true AUTOSAVING=true KEEPDIRTY=false
[2018.06.13-13.15.55:005][209]LogSavePackage: Save=172.30ms
[2018.06.13-13.15.55:006][209]LogSavePackage: Moving 'H:/Ursa/Saved/ULA_Auto11432933043187061787818BB079835D0.tmp' to 'H:/Ursa/Saved/Autosaves/Game/ULA_Auto1.umap'
[2018.06.13-13.15.55:113][209]LogSavePackage: Display: Finished SavePackage H:/Ursa/Saved/Autosaves/Game/ULA_Auto1.umap
[2018.06.13-13.15.55:377][209]LogFileHelpers: Editor autosave (incl. sublevels) for '/Game/ULA' took 0.689
[2018.06.13-13.15.55:377][209]LogFileHelpers: Editor autosave (incl. sublevels) for all levels took 0.689
[2018.06.13-13.18.24:922][811]LogSlate: Window 'Save Content' being destroyed
[2018.06.13-13.18.25:629][811]LogSlate: Window 'Ursa - Unreal Editor' being destroyed
[2018.06.13-13.18.26:204][812]Cmd: QUIT_EDITOR
[2018.06.13-13.18.27:509][812]LogWindowsTextInputMethodSystem: Display: IME system now deactivated.
[2018.06.13-13.18.27:549][812]LogSlate: Slate User Destroyed.  User Index 0, Is Virtual User: 0
[2018.06.13-13.18.27:564][812]LogExit: Preparing to exit.
[2018.06.13-13.18.28:334][812]LogExit: Editor shut down
[2018.06.13-13.18.28:337][812]LogExit: Transaction tracking system shut down
[2018.06.13-13.18.29:011][812]LogDirectoryWatcher: A directory notification for '../../../Engine/Content/' was aborted.
[2018.06.13-13.18.29:011][812]LogDirectoryWatcher: A directory notification for 'H:/Ursa/Content/' was aborted.
[2018.06.13-13.18.29:011][812]LogDirectoryWatcher: A directory notification for '../../Plugins/2D/Paper2D/Content/' was aborted.
[2018.06.13-13.18.29:011][812]LogDirectoryWatcher: A directory notification for '../../Plugins/Enterprise/DatasmithContent/Content/' was aborted.
[2018.06.13-13.18.29:011][812]LogDirectoryWatcher: A directory notification for '../../Plugins/Media/MediaCompositing/Content/' was aborted.
[2018.06.13-13.18.29:011][812]LogDirectoryWatcher: A directory notification for '../../Plugins/Runtime/AppleARKit/Content/' was aborted.
[2018.06.13-13.18.29:011][812]LogDirectoryWatcher: A directory notification for '../../Plugins/Runtime/Oculus/OculusVR/Content/' was aborted.
[2018.06.13-13.18.29:011][812]LogDirectoryWatcher: A directory notification for '../../Plugins/Runtime/Steam/SteamVR/Content/' was aborted.
[2018.06.13-13.18.30:865][812]LogExit: Object subsystem successfully closed.
[2018.06.13-13.18.31:138][812]LogShaderCompilers: Display: Shaders left to compile 0
[2018.06.13-13.18.31:175][812]LogD3D11RHI: Shutdown
[2018.06.13-13.18.31:175][812]LogD3D11RHI: CleanupD3DDevice
[2018.06.13-13.18.31:189][812]LogD3D11RHI: ~FD3D11DynamicRHI
[2018.06.13-13.18.32:319][812]LogModuleManager: Shutting down and abandoning module MovieSceneCapture (576)
[2018.06.13-13.18.32:319][812]LogModuleManager: Shutting down and abandoning module HierarchicalLODOutliner (574)
[2018.06.13-13.18.32:319][812]LogModuleManager: Shutting down and abandoning module SceneOutliner (572)
[2018.06.13-13.18.32:327][812]LogModuleManager: Shutting down and abandoning module AddContentDialog (570)
[2018.06.13-13.18.32:336][812]LogDirectoryWatcher: A directory notification for 'G:/Epic Games/UE_4.19/FeaturePacks/' was aborted.
[2018.06.13-13.18.32:348][812]LogModuleManager: Shutting down and abandoning module WidgetCarousel (569)
[2018.06.13-13.18.32:349][812]LogModuleManager: Shutting down and abandoning module EditorWidgets (566)
[2018.06.13-13.18.32:349][812]LogModuleManager: Shutting down and abandoning module CollectionManager (564)
[2018.06.13-13.18.32:386][812]LogDirectoryWatcher: A directory notification for 'H:/Ursa/Content/Collections/' was aborted.
[2018.06.13-13.18.32:386][812]LogDirectoryWatcher: A directory notification for 'H:/Ursa/Content/Developers/andre/Collections/' was aborted.
[2018.06.13-13.18.32:386][812]LogDirectoryWatcher: A directory notification for 'H:/Ursa/Saved/Collections/' was aborted.
[2018.06.13-13.18.32:386][812]LogModuleManager: Shutting down and abandoning module StatsViewer (562)
[2018.06.13-13.18.32:402][812]LogModuleManager: Shutting down and abandoning module FoliageEdit (560)
[2018.06.13-13.18.32:402][812]LogModuleManager: Shutting down and abandoning module LandscapeEditor (558)
[2018.06.13-13.18.32:424][812]LogModuleManager: Shutting down and abandoning module MeshPaintMode (556)
[2018.06.13-13.18.32:424][812]LogModuleManager: Shutting down and abandoning module SceneDepthPickerMode (554)
[2018.06.13-13.18.32:424][812]LogModuleManager: Shutting down and abandoning module ActorPickerMode (552)
[2018.06.13-13.18.32:424][812]LogModuleManager: Shutting down and abandoning module GeometryMode (550)
[2018.06.13-13.18.32:443][812]LogModuleManager: Shutting down and abandoning module TextureAlignMode (548)
[2018.06.13-13.18.32:443][812]LogModuleManager: Shutting down and abandoning module BspMode (546)
[2018.06.13-13.18.32:444][812]LogModuleManager: Shutting down and abandoning module PIEPreviewDeviceProfileSelector (544)
[2018.06.13-13.18.32:444][812]LogModuleManager: Shutting down and abandoning module HardwareSurvey (542)
[2018.06.13-13.18.32:444][812]LogModuleManager: Shutting down and abandoning module SequenceRecorderSections (540)
[2018.06.13-13.18.32:460][812]LogModuleManager: Shutting down and abandoning module AutomationWorker (538)
[2018.06.13-13.18.32:460][812]LogModuleManager: Shutting down and abandoning module AudioCaptureEditor (536)
[2018.06.13-13.18.32:460][812]LogModuleManager: Shutting down and abandoning module SequenceRecorder (535)
[2018.06.13-13.18.32:460][812]LogModuleManager: Shutting down and abandoning module MatineeToLevelSequence (532)
[2018.06.13-13.18.32:475][812]LogModuleManager: Shutting down and abandoning module LevelSequenceEditor (530)
[2018.06.13-13.18.32:531][812]LogModuleManager: Shutting down and abandoning module PlacementMode (529)
[2018.06.13-13.18.32:531][812]LogModuleManager: Shutting down and abandoning module MaterialEditor (528)
[2018.06.13-13.18.32:566][812]LogModuleManager: Shutting down and abandoning module WmfMediaFactory (524)
[2018.06.13-13.18.32:566][812]LogModuleManager: Shutting down and abandoning module WmfMediaEditor (522)
[2018.06.13-13.18.32:566][812]LogModuleManager: Shutting down and abandoning module MediaPlayerEditor (520)
[2018.06.13-13.18.32:583][812]LogModuleManager: Shutting down and abandoning module OpenExrWrapper (518)
[2018.06.13-13.18.32:583][812]LogModuleManager: Shutting down and abandoning module ImgMediaFactory (516)
[2018.06.13-13.18.32:583][812]LogModuleManager: Shutting down and abandoning module ImgMediaEditor (514)
[2018.06.13-13.18.32:583][812]LogModuleManager: Shutting down and abandoning module AvfMediaFactory (512)
[2018.06.13-13.18.32:583][812]LogModuleManager: Shutting down and abandoning module AvfMediaEditor (510)
[2018.06.13-13.18.32:583][812]LogModuleManager: Shutting down and abandoning module AndroidMediaFactory (508)
[2018.06.13-13.18.32:583][812]LogModuleManager: Shutting down and abandoning module AndroidMediaEditor (506)
[2018.06.13-13.18.32:583][812]LogModuleManager: Shutting down and abandoning module CharacterAI (504)
[2018.06.13-13.18.32:583][812]LogModuleManager: Shutting down and abandoning module SmartSnapping (502)
[2018.06.13-13.18.32:583][812]LogModuleManager: Shutting down and abandoning module SessionServices (500)
[2018.06.13-13.18.32:583][812]LogModuleManager: Shutting down and abandoning module ViewportSnapping (498)
[2018.06.13-13.18.32:583][812]LogModuleManager: Shutting down and abandoning module ViewportInteraction (496)
[2018.06.13-13.18.32:583][812]LogModuleManager: Shutting down and abandoning module ClothPainter (494)
[2018.06.13-13.18.32:606][812]LogModuleManager: Shutting down and abandoning module SkeletalMeshEditor (493)
[2018.06.13-13.18.32:639][812]LogModuleManager: Shutting down and abandoning module LogVisualizer (490)
[2018.06.13-13.18.32:640][812]LogModuleManager: Shutting down and abandoning module IntroTutorials (488)
[2018.06.13-13.18.32:663][812]LogModuleManager: Shutting down and abandoning module GameProjectGeneration (487)
[2018.06.13-13.18.32:663][812]LogModuleManager: Shutting down and abandoning module IOSPlatformEditor (484)
[2018.06.13-13.18.32:685][812]LogModuleManager: Shutting down and abandoning module HTML5PlatformEditor (482)
[2018.06.13-13.18.32:685][812]LogModuleManager: Shutting down and abandoning module AndroidPlatformEditor (480)
[2018.06.13-13.18.32:685][812]LogModuleManager: Shutting down and abandoning module AndroidDeviceDetection (479)
[2018.06.13-13.18.32:835][812]LogModuleManager: Shutting down and abandoning module WindowsPlatformEditor (476)
[2018.06.13-13.18.32:835][812]LogModuleManager: Shutting down and abandoning module IOSRuntimeSettings (474)
[2018.06.13-13.18.32:835][812]LogModuleManager: Shutting down and abandoning module AndroidRuntimeSettings (472)
[2018.06.13-13.18.32:835][812]LogModuleManager: Shutting down and abandoning module InputBindingEditor (470)
[2018.06.13-13.18.32:856][812]LogModuleManager: Shutting down and abandoning module MergeActors (468)
[2018.06.13-13.18.32:879][812]LogModuleManager: Shutting down and abandoning module LocalizationDashboard (466)
[2018.06.13-13.18.32:891][812]LogModuleManager: Shutting down and abandoning module LocalizationService (465)
[2018.06.13-13.18.32:911][812]LogModuleManager: Shutting down and abandoning module HardwareTargeting (462)
[2018.06.13-13.18.32:911][812]LogModuleManager: Shutting down and abandoning module DeviceProfileEditor (460)
[2018.06.13-13.18.32:928][812]LogModuleManager: Shutting down and abandoning module UndoHistory (458)
[2018.06.13-13.18.32:928][812]LogModuleManager: Shutting down and abandoning module XmlParser (456)
[2018.06.13-13.18.32:937][812]LogModuleManager: Shutting down and abandoning module Blutility (454)
[2018.06.13-13.18.32:937][812]LogModuleManager: Shutting down and abandoning module ProjectSettingsViewer (452)
[2018.06.13-13.18.32:937][812]LogModuleManager: Shutting down and abandoning module ProjectTargetPlatformEditor (451)
[2018.06.13-13.18.32:938][812]LogModuleManager: Shutting down and abandoning module EditorSettingsViewer (448)
[2018.06.13-13.18.32:938][812]LogModuleManager: Shutting down and abandoning module SettingsEditor (446)
[2018.06.13-13.18.32:968][812]LogModuleManager: Shutting down and abandoning module ProjectLauncher (444)
[2018.06.13-13.18.32:971][812]LogModuleManager: Shutting down and abandoning module SessionFrontend (442)
[2018.06.13-13.18.32:981][812]LogModuleManager: Shutting down and abandoning module ProfilerClient (440)
[2018.06.13-13.18.32:987][812]LogModuleManager: Shutting down and abandoning module DeviceManager (438)
[2018.06.13-13.18.32:993][812]LogModuleManager: Shutting down and abandoning module TargetDeviceServices (437)
[2018.06.13-13.18.33:053][812]LogModuleManager: Shutting down and abandoning module AutomationController (434)
[2018.06.13-13.18.33:057][812]LogModuleManager: Shutting down and abandoning module AutomationWindow (432)
[2018.06.13-13.18.33:067][812]LogModuleManager: Shutting down and abandoning module Layers (430)
[2018.06.13-13.18.33:088][812]LogModuleManager: Shutting down and abandoning module ComponentVisualizers (428)
[2018.06.13-13.18.33:088][812]LogModuleManager: Shutting down and abandoning module DetailCustomizations (426)
[2018.06.13-13.18.33:099][812]LogModuleManager: Shutting down and abandoning module PackagesDialog (424)
[2018.06.13-13.18.33:100][812]LogModuleManager: Shutting down and abandoning module Persona (422)
[2018.06.13-13.18.33:129][812]LogModuleManager: Shutting down and abandoning module AdvancedPreviewScene (421)
[2018.06.13-13.18.33:129][812]LogModuleManager: Shutting down and abandoning module AnimGraph (419)
[2018.06.13-13.18.33:129][812]LogModuleManager: Shutting down and abandoning module Kismet (416)
[2018.06.13-13.18.33:148][812]LogModuleManager: Shutting down and abandoning module GraphEditor (414)
[2018.06.13-13.18.33:201][812]LogModuleManager: Shutting down and abandoning module ClassViewer (412)
[2018.06.13-13.18.33:201][812]LogModuleManager: Shutting down and abandoning module Toolbox (410)
[2018.06.13-13.18.33:201][812]LogModuleManager: Shutting down and abandoning module ModuleUI (408)
[2018.06.13-13.18.33:214][812]LogModuleManager: Shutting down and abandoning module MovieSceneTools (406)
[2018.06.13-13.18.33:224][812]LogModuleManager: Shutting down and abandoning module OutputLog (404)
[2018.06.13-13.18.33:235][812]LogModuleManager: Shutting down and abandoning module GammaUI (402)
[2018.06.13-13.18.33:244][812]LogModuleManager: Shutting down and abandoning module Documentation (400)
[2018.06.13-13.18.33:244][812]LogModuleManager: Shutting down and abandoning module MovieSceneTracks (398)
[2018.06.13-13.18.33:244][812]LogModuleManager: Shutting down and abandoning module MovieScene (396)
[2018.06.13-13.18.33:244][812]LogModuleManager: Shutting down and abandoning module StreamingPauseRendering (394)
[2018.06.13-13.18.33:244][812]LogModuleManager: Shutting down and abandoning module LauncherPlatform (392)
[2018.06.13-13.18.33:244][812]LogModuleManager: Shutting down and abandoning module AnalyticsET (390)
[2018.06.13-13.18.33:244][812]LogModuleManager: Shutting down and abandoning module PortalServices (388)
[2018.06.13-13.18.33:244][812]LogModuleManager: Shutting down and abandoning module PortalRpc (386)
[2018.06.13-13.18.33:244][812]LogModuleManager: Shutting down and abandoning module MessagingRpc (384)
[2018.06.13-13.18.33:244][812]LogModuleManager: Shutting down and abandoning module AIModule (382)
[2018.06.13-13.18.33:244][812]LogModuleManager: Shutting down and abandoning module GameplayDebugger (381)
[2018.06.13-13.18.33:244][812]LogModuleManager: Shutting down and abandoning module AITestSuite (379)
[2018.06.13-13.18.33:255][812]LogModuleManager: Shutting down and abandoning module DesktopPlatform (376)
[2018.06.13-13.18.33:268][812]LogModuleManager: Shutting down and abandoning module ProfilerService (374)
[2018.06.13-13.18.33:438][812]LogModuleManager: Shutting down and abandoning module TaskGraph (372)
[2018.06.13-13.18.33:455][812]LogModuleManager: Shutting down and abandoning module SteamVRController (370)
[2018.06.13-13.18.33:455][812]LogModuleManager: Shutting down and abandoning module ProceduralMeshComponentEditor (368)
[2018.06.13-13.18.33:455][812]LogModuleManager: Shutting down and abandoning module ProceduralMeshComponent (366)
[2018.06.13-13.18.33:469][812]LogModuleManager: Shutting down and abandoning module OculusInput (364)
[2018.06.13-13.18.33:482][812]LogModuleManager: Shutting down and abandoning module MobilePatchingUtils (362)
[2018.06.13-13.18.33:482][812]LogModuleManager: Shutting down and abandoning module CustomMeshComponent (360)
[2018.06.13-13.18.33:482][812]LogModuleManager: Shutting down and abandoning module CableComponent (358)
[2018.06.13-13.18.33:492][812]LogModuleManager: Shutting down and abandoning module AudioCapture (356)
[2018.06.13-13.18.33:492][812]LogModuleManager: Shutting down and abandoning module ArchVisCharacter (354)
[2018.06.13-13.18.33:492][812]LogModuleManager: Shutting down and abandoning module AndroidPermission (352)
[2018.06.13-13.18.33:492][812]LogModuleManager: Shutting down and abandoning module NUTUnrealEngine4 (348)
[2018.06.13-13.18.33:492][812]LogModuleManager: Shutting down and abandoning module NetcodeUnitTest (346)
[2018.06.13-13.18.33:513][812]LogModuleManager: Shutting down and abandoning module MediaCompositingEditor (344)
[2018.06.13-13.18.33:513][812]LogModuleManager: Shutting down and abandoning module MediaCompositing (342)
[2018.06.13-13.18.33:513][812]LogModuleManager: Shutting down and abandoning module LinearTimecode (340)
[2018.06.13-13.18.33:513][812]LogModuleManager: Shutting down and abandoning module ImgMedia (338)
[2018.06.13-13.18.33:538][812]LogModuleManager: Shutting down and abandoning module HTML5Networking (336)
[2018.06.13-13.18.33:539][812]LogModuleManager: Shutting down and abandoning module AlembicImporter (334)
[2018.06.13-13.18.33:553][812]LogModuleManager: Shutting down and abandoning module AlembicLibrary (333)
[2018.06.13-13.18.33:553][812]LogModuleManager: Shutting down and abandoning module GeometryCache (332)
[2018.06.13-13.18.33:553][812]LogModuleManager: Shutting down and abandoning module GeometryCacheEd (331)
[2018.06.13-13.18.33:553][812]LogModuleManager: Shutting down and abandoning module DatasmithContent (326)
[2018.06.13-13.18.33:553][812]LogModuleManager: Shutting down and abandoning module SpeedTreeImporter (324)
[2018.06.13-13.18.33:554][812]LogModuleManager: Shutting down and abandoning module PluginBrowser (322)
[2018.06.13-13.18.33:608][812]LogModuleManager: Shutting down and abandoning module MobileLauncherProfileWizard (320)
[2018.06.13-13.18.33:619][812]LogModuleManager: Shutting down and abandoning module CryptoKeysOpenSSL (318)
[2018.06.13-13.18.33:646][812]LogModuleManager: Shutting down and abandoning module CryptoKeys (316)
[2018.06.13-13.18.33:646][812]LogModuleManager: Shutting down and abandoning module VisualStudioSourceCodeAccess (314)
[2018.06.13-13.18.33:646][812]LogModuleManager: Shutting down and abandoning module VisualStudioCodeSourceCodeAccess (312)
[2018.06.13-13.18.33:646][812]LogModuleManager: Shutting down and abandoning module UObjectPlugin (310)
[2018.06.13-13.18.33:646][812]LogModuleManager: Shutting down and abandoning module SubversionSourceControl (308)
[2018.06.13-13.18.33:658][812]LogModuleManager: Shutting down and abandoning module PerforceSourceControl (306)
[2018.06.13-13.18.33:669][812]LogModuleManager: Shutting down and abandoning module GitSourceControl (304)
[2018.06.13-13.18.33:696][812]LogModuleManager: Shutting down and abandoning module SourceControl (303)
[2018.06.13-13.18.33:765][812]LogModuleManager: Shutting down and abandoning module CLionSourceCodeAccess (300)
[2018.06.13-13.18.33:781][812]LogModuleManager: Shutting down and abandoning module LightPropagationVolumeEditor (298)
[2018.06.13-13.18.33:781][812]LogModuleManager: Shutting down and abandoning module PaperTiledImporter (296)
[2018.06.13-13.18.33:781][812]LogModuleManager: Shutting down and abandoning module PaperSpriteSheetImporter (294)
[2018.06.13-13.18.33:781][812]LogModuleManager: Shutting down and abandoning module Paper2DEditor (292)
[2018.06.13-13.18.33:848][812]LogModuleManager: Shutting down and abandoning module MeshPaint (291)
[2018.06.13-13.18.33:858][812]LogModuleManager: Shutting down and abandoning module RuntimePhysXCooking (288)
[2018.06.13-13.18.33:858][812]LogModuleManager: Shutting down and abandoning module PhysXVehiclesEditor (286)
[2018.06.13-13.18.33:858][812]LogModuleManager: Shutting down and abandoning module PhysXVehicles (284)
[2018.06.13-13.18.33:858][812]LogModuleManager: Shutting down and abandoning module OculusEditor (282)
[2018.06.13-13.18.33:858][812]LogModuleManager: Shutting down and abandoning module LocationServicesBPLibrary (280)
[2018.06.13-13.18.33:858][812]LogModuleManager: Shutting down and abandoning module ImmediatePhysicsEditor (278)
[2018.06.13-13.18.33:858][812]LogModuleManager: Shutting down and abandoning module ImmediatePhysics (276)
[2018.06.13-13.18.33:867][812]LogModuleManager: Shutting down and abandoning module ActorSequence (274)
[2018.06.13-13.18.33:867][812]LogModuleManager: Shutting down and abandoning module UdpMessaging (272)
[2018.06.13-13.18.34:290][812]LogModuleManager: Shutting down and abandoning module TcpMessaging (270)
[2018.06.13-13.18.34:505][812]LogModuleManager: Shutting down and abandoning module GameplayTagsEditor (268)
[2018.06.13-13.18.34:551][812]LogModuleManager: Shutting down and abandoning module FacialAnimationEditor (266)
[2018.06.13-13.18.34:551][812]LogModuleManager: Shutting down and abandoning module FacialAnimation (264)
[2018.06.13-13.18.34:551][812]LogModuleManager: Shutting down and abandoning module DataValidation (262)
[2018.06.13-13.18.34:559][812]LogModuleManager: Shutting down and abandoning module AssetManagerEditor (260)
[2018.06.13-13.18.34:573][812]LogModuleManager: Shutting down and abandoning module LevelEditor (259)
[2018.06.13-13.18.34:585][812]LogModuleManager: Shutting down and abandoning module PixelInspectorModule (258)
[2018.06.13-13.18.34:600][812]LogModuleManager: Shutting down and abandoning module CommonMenuExtensions (256)
[2018.06.13-13.18.34:600][812]LogModuleManager: Shutting down and abandoning module MainFrame (254)
[2018.06.13-13.18.34:600][812]LogModuleManager: Shutting down and abandoning module HotReload (253)
[2018.06.13-13.18.34:612][812]LogModuleManager: Shutting down and abandoning module ContentBrowser (249)
[2018.06.13-13.18.34:613][812]LogModuleManager: Shutting down and abandoning module TreeMap (247)
[2018.06.13-13.18.34:624][812]LogModuleManager: Shutting down and abandoning module LightPropagationVolumeRuntime (244)
[2018.06.13-13.18.34:624][812]LogModuleManager: Shutting down and abandoning module LiveLinkEditor (242)
[2018.06.13-13.18.34:625][812]LogModuleManager: Shutting down and abandoning module LiveLink (240)
[2018.06.13-13.18.35:048][812]LogModuleManager: Shutting down and abandoning module Paper2D (238)
[2018.06.13-13.18.35:066][812]LogModuleManager: Shutting down and abandoning module WindowsMoviePlayer (236)
[2018.06.13-13.18.35:091][812]LogModuleManager: Shutting down and abandoning module WmfMedia (234)
[2018.06.13-13.18.35:100][812]LogModuleManager: Shutting down and abandoning module Media (233)
[2018.06.13-13.18.35:106][812]LogModuleManager: Shutting down and abandoning module PacketHandler (230)
[2018.06.13-13.18.35:106][812]LogModuleManager: Shutting down and abandoning module ClothingSystemEditor (228)
[2018.06.13-13.18.35:106][812]LogModuleManager: Shutting down and abandoning module ClothingSystemRuntime (226)
[2018.06.13-13.18.35:132][812]LogModuleManager: Shutting down and abandoning module MediaAssets (224)
[2018.06.13-13.18.35:132][812]LogModuleManager: Shutting down and abandoning module Overlay (222)
[2018.06.13-13.18.35:132][812]LogModuleManager: Shutting down and abandoning module OverlayEditor (221)
[2018.06.13-13.18.35:132][812]LogModuleManager: Shutting down and abandoning module VREditor (218)
[2018.06.13-13.18.35:214][812]LogModuleManager: Shutting down and abandoning module StringTableEditor (216)
[2018.06.13-13.18.35:214][812]LogModuleManager: Shutting down and abandoning module GameplayTasksEditor (214)
[2018.06.13-13.18.35:214][812]LogModuleManager: Shutting down and abandoning module BehaviorTreeEditor (212)
[2018.06.13-13.18.35:231][812]LogModuleManager: Shutting down and abandoning module FunctionalTesting (210)
[2018.06.13-13.18.35:245][812]LogModuleManager: Shutting down and abandoning module CollisionAnalyzer (208)
[2018.06.13-13.18.35:268][812]LogModuleManager: Shutting down and abandoning module WorkspaceMenuStructure (207)
[2018.06.13-13.18.35:268][812]LogModuleManager: Shutting down and abandoning module UMG (204)
[2018.06.13-13.18.35:279][812]LogModuleManager: Shutting down and abandoning module UMGEditor (203)
[2018.06.13-13.18.35:296][812]LogModuleManager: Shutting down and abandoning module Sequencer (202)
[2018.06.13-13.18.35:315][812]LogModuleManager: Shutting down and abandoning module MessageLog (199)
[2018.06.13-13.18.35:316][812]LogModuleManager: Shutting down and abandoning module SlateReflector (194)
[2018.06.13-13.18.35:357][812]LogModuleManager: Shutting down and abandoning module Slate (192)
[2018.06.13-13.18.35:357][812]LogModuleManager: Shutting down and abandoning module EditorStyle (190)
[2018.06.13-13.18.35:359][812]LogModuleManager: Shutting down and abandoning module MRMesh (188)
[2018.06.13-13.18.35:359][812]LogModuleManager: Shutting down and abandoning module SourceCodeAccess (186)
[2018.06.13-13.18.35:359][812]LogModuleManager: Shutting down and abandoning module HeadMountedDisplay (184)
[2018.06.13-13.18.35:359][812]LogModuleManager: Shutting down and abandoning module XAudio2 (182)
[2018.06.13-13.18.35:359][812]LogModuleManager: Shutting down and abandoning module Networking (180)
[2018.06.13-13.18.35:359][812]LogModuleManager: Shutting down and abandoning module Core (178)
[2018.06.13-13.18.35:359][812]LogModuleManager: Shutting down and abandoning module LevelSequence (176)
[2018.06.13-13.18.35:368][812]LogModuleManager: Shutting down and abandoning module KismetCompiler (174)
[2018.06.13-13.18.35:368][812]LogModuleManager: Shutting down and abandoning module MeshUtilities (172)
[2018.06.13-13.18.35:388][812]LogModuleManager: Shutting down and abandoning module MeshMergeUtilities (171)
[2018.06.13-13.18.35:388][812]LogModuleManager: Shutting down and abandoning module MeshReductionInterface (170)
[2018.06.13-13.18.35:388][812]LogModuleManager: Shutting down and abandoning module SimplygonSwarm (169)
[2018.06.13-13.18.35:398][812]LogModuleManager: Shutting down and abandoning module SimplygonMeshReduction (167)
[2018.06.13-13.18.35:406][812]LogModuleManager: Shutting down and abandoning module QuadricMeshReduction (165)
[2018.06.13-13.18.35:413][812]LogModuleManager: Shutting down and abandoning module MaterialBaking (161)
[2018.06.13-13.18.35:425][812]LogModuleManager: Shutting down and abandoning module DirectoryWatcher (157)
[2018.06.13-13.18.35:426][812]LogModuleManager: Shutting down and abandoning module DerivedDataCache (154)
[2018.06.13-13.18.35:432][812]LogDerivedDataCache: Shutdown
[2018.06.13-13.18.35:432][812]LogModuleManager: Shutting down and abandoning module XGEController (152)
[2018.06.13-13.18.35:432][812]LogModuleManager: Shutting down and abandoning module TargetPlatform (150)
[2018.06.13-13.18.35:432][812]LogModuleManager: Shutting down and abandoning module VulkanShaderFormat (149)
[2018.06.13-13.18.35:437][812]LogModuleManager: Shutting down and abandoning module ShaderFormatVectorVM (147)
[2018.06.13-13.18.35:441][812]LogModuleManager: Shutting down and abandoning module ShaderFormatOpenGL (145)
[2018.06.13-13.18.35:454][812]LogModuleManager: Shutting down and abandoning module ShaderFormatD3D (143)
[2018.06.13-13.18.35:458][812]LogModuleManager: Shutting down and abandoning module MetalShaderFormat (141)
[2018.06.13-13.18.35:529][812]LogModuleManager: Shutting down and abandoning module TextureFormatUncompressed (139)
[2018.06.13-13.18.35:529][812]LogModuleManager: Shutting down and abandoning module TextureFormatPVR (137)
[2018.06.13-13.18.35:529][812]LogModuleManager: Shutting down and abandoning module TextureFormatDXT (135)
[2018.06.13-13.18.35:551][812]LogModuleManager: Shutting down and abandoning module TextureFormatIntelISPCTexComp (133)
[2018.06.13-13.18.35:573][812]LogModuleManager: Shutting down and abandoning module TextureFormatASTC (131)
[2018.06.13-13.18.35:573][812]LogModuleManager: Shutting down and abandoning module ImageWrapper (130)
[2018.06.13-13.18.35:573][812]LogModuleManager: Shutting down and abandoning module TextureFormatAndroid (127)
[2018.06.13-13.18.35:573][812]LogModuleManager: Shutting down and abandoning module AudioFormatOpus (125)
[2018.06.13-13.18.35:573][812]LogModuleManager: Shutting down and abandoning module AudioFormatOgg (123)
[2018.06.13-13.18.35:573][812]LogModuleManager: Shutting down and abandoning module AudioFormatADPCM (121)
[2018.06.13-13.18.35:573][812]LogModuleManager: Shutting down and abandoning module LinuxTargetPlatform (119)
[2018.06.13-13.18.35:573][812]LogModuleManager: Shutting down and abandoning module LinuxServerTargetPlatform (117)
[2018.06.13-13.18.35:573][812]LogModuleManager: Shutting down and abandoning module LinuxNoEditorTargetPlatform (115)
[2018.06.13-13.18.35:573][812]LogModuleManager: Shutting down and abandoning module LinuxClientTargetPlatform (113)
[2018.06.13-13.18.35:573][812]LogModuleManager: Shutting down and abandoning module TVOSTargetPlatform (111)
[2018.06.13-13.18.35:573][812]LogModuleManager: Shutting down and abandoning module Messaging (109)
[2018.06.13-13.18.35:573][812]LogModuleManager: Shutting down and abandoning module IOSTargetPlatform (107)
[2018.06.13-13.18.35:573][812]LogModuleManager: Shutting down and abandoning module HTML5TargetPlatform (105)
[2018.06.13-13.18.35:573][812]LogModuleManager: Shutting down and abandoning module AndroidTargetPlatform (103)
[2018.06.13-13.18.35:573][812]LogModuleManager: Shutting down and abandoning module Android_PVRTCTargetPlatform (101)
[2018.06.13-13.18.35:573][812]LogModuleManager: Shutting down and abandoning module Android_MultiTargetPlatform (99)
[2018.06.13-13.18.35:573][812]LogModuleManager: Shutting down and abandoning module Android_ETC2TargetPlatform (97)
[2018.06.13-13.18.35:573][812]LogModuleManager: Shutting down and abandoning module Android_ETC1TargetPlatform (95)
[2018.06.13-13.18.35:573][812]LogModuleManager: Shutting down and abandoning module Android_ETC1aTargetPlatform (93)
[2018.06.13-13.18.35:573][812]LogModuleManager: Shutting down and abandoning module Android_DXTTargetPlatform (91)
[2018.06.13-13.18.35:573][812]LogModuleManager: Shutting down and abandoning module Android_ATCTargetPlatform (89)
[2018.06.13-13.18.35:573][812]LogModuleManager: Shutting down and abandoning module Android_ASTCTargetPlatform (87)
[2018.06.13-13.18.35:573][812]LogModuleManager: Shutting down and abandoning module WindowsTargetPlatform (85)
[2018.06.13-13.18.35:573][812]LogModuleManager: Shutting down and abandoning module WindowsServerTargetPlatform (83)
[2018.06.13-13.18.35:573][812]LogModuleManager: Shutting down and abandoning module WindowsNoEditorTargetPlatform (81)
[2018.06.13-13.18.35:573][812]LogModuleManager: Shutting down and abandoning module WindowsClientTargetPlatform (79)
[2018.06.13-13.18.35:573][812]LogModuleManager: Shutting down and abandoning module MacTargetPlatform (77)
[2018.06.13-13.18.35:573][812]LogModuleManager: Shutting down and abandoning module MacServerTargetPlatform (75)
[2018.06.13-13.18.35:573][812]LogModuleManager: Shutting down and abandoning module MacNoEditorTargetPlatform (73)
[2018.06.13-13.18.35:573][812]LogModuleManager: Shutting down and abandoning module MacClientTargetPlatform (71)
[2018.06.13-13.18.35:573][812]LogModuleManager: Shutting down and abandoning module AllDesktopTargetPlatform (69)
[2018.06.13-13.18.35:573][812]LogModuleManager: Shutting down and abandoning module InputCore (66)
[2018.06.13-13.18.35:573][812]LogModuleManager: Shutting down and abandoning module Settings (64)
[2018.06.13-13.18.35:574][812]LogModuleManager: Shutting down and abandoning module PhysXCooking (62)
[2018.06.13-13.18.35:574][812]LogModuleManager: Shutting down and abandoning module SteamVR (60)
[2018.06.13-13.18.35:574][812]LogModuleManager: Shutting down and abandoning module OculusHMD (58)
[2018.06.13-13.18.35:628][812]LogModuleManager: Shutting down and abandoning module ExampleDeviceProfileSelector (56)
[2018.06.13-13.18.35:628][812]LogModuleManager: Shutting down and abandoning module AppleARKit (54)
[2018.06.13-13.18.35:628][812]LogModuleManager: Shutting down and abandoning module AugmentedReality (51)
[2018.06.13-13.18.35:628][812]LogModuleManager: Shutting down and abandoning module OnlineBlueprintSupport (48)
[2018.06.13-13.18.35:629][812]LogModuleManager: Shutting down and abandoning module OnlineSubsystem (44)
[2018.06.13-13.18.35:695][812]LogModuleManager: Shutting down and abandoning module XMPP (43)
[2018.06.13-13.18.35:831][812]LogModuleManager: Shutting down and abandoning module HTTP (41)
[2018.06.13-13.18.35:881][812]LogHttp: Display: Http module shutting down, but needs to wait on 1 outstanding Http requests:
[2018.06.13-13.18.35:882][812]LogHttp: Display: 	verb=[POST] url=[https://datarouter.ol.epicgames.com/datarouter/api/v1/public/data?SessionID=%7BCE297AA3-4E39-B1C2-9CF1-C184D9D376B2%7D&AppID=UEEditor.Rocket.Release&AppVersion=4.19.1-3989454%2B%2B%2BUE4%2BRelease-4.19&UserID=ccba165b44c3d86c2faa2bbb60e864f3%7Ca7bd8da2177443d8916e8fabdc88d104%7C4e1d5cba-49d7-4e01-9443-ec3d9a5b8e35&AppEnvironment=datacollector-binary&UploadType=eteventstream] status=Processing
[2018.06.13-13.18.35:894][812]LogModuleManager: Shutting down and abandoning module SSL (40)
[2018.06.13-13.18.35:929][812]LogModuleManager: Shutting down and abandoning module AnimationModifiers (36)
[2018.06.13-13.18.36:051][812]LogModuleManager: Shutting down and abandoning module PropertyEditor (35)
[2018.06.13-13.18.36:068][812]LogModuleManager: Shutting down and abandoning module AudioEditor (32)
[2018.06.13-13.18.36:311][812]LogModuleManager: Shutting down and abandoning module TextureCompressor (30)
[2018.06.13-13.18.36:371][812]LogModuleManager: Shutting down and abandoning module ShaderCore (28)
[2018.06.13-13.18.36:371][812]LogModuleManager: Shutting down and abandoning module Landscape (26)
[2018.06.13-13.18.36:371][812]LogModuleManager: Shutting down and abandoning module SlateRHIRenderer (24)
[2018.06.13-13.18.36:411][812]LogModuleManager: Shutting down and abandoning module OpenGLDrv (22)
[2018.06.13-13.18.36:434][812]LogModuleManager: Shutting down and abandoning module D3D11RHI (20)
[2018.06.13-13.18.36:434][812]LogModuleManager: Shutting down and abandoning module AnimGraphRuntime (18)
[2018.06.13-13.18.36:449][812]LogModuleManager: Shutting down and abandoning module Renderer (16)
[2018.06.13-13.18.36:449][812]LogModuleManager: Shutting down and abandoning module Engine (14)
[2018.06.13-13.18.36:449][812]LogModuleManager: Shutting down and abandoning module CoreUObject (12)
[2018.06.13-13.18.36:449][812]LogModuleManager: Shutting down and abandoning module NetworkFile (10)
[2018.06.13-13.18.36:454][812]LogModuleManager: Shutting down and abandoning module CookedIterativeFile (8)
[2018.06.13-13.18.36:454][812]LogModuleManager: Shutting down and abandoning module StreamingFile (6)
[2018.06.13-13.18.36:462][812]LogModuleManager: Shutting down and abandoning module SandboxFile (4)
[2018.06.13-13.18.36:477][812]LogModuleManager: Shutting down and abandoning module PakFile (2)
[2018.06.13-13.18.36:502][812]LogExit: Exiting.
[2018.06.13-13.18.36:509][812]Log file closed, 06/13/18 16:18:36
