Log file open, 06/14/18 00:18:59
LogWindows: Failed to load 'aqProf.dll' (GetLastError=126)
LogWindows: File 'aqProf.dll' does not exist
LogWindows: Failed to load 'VtuneApi.dll' (GetLastError=126)
LogWindows: File 'VtuneApi.dll' does not exist
LogWindows: Failed to load 'VtuneApi32e.dll' (GetLastError=126)
LogWindows: File 'VtuneApi32e.dll' does not exist
LogInit: Display: Running engine for game: Ursa
LogPlatformFile: Not using cached read wrapper
LogInit: Display: RandInit(-1406004657) SRandInit(-1406004657).
LogInit: Read version file with build ID '3944462'
LogInit: Overriding engine version to CL 3989454, compatible CL 3944462
LogInit: Registered custom module enumerator with build ID '3944462'
LogTaskGraph: Started task graph with 5 named threads and 23 total threads with 3 sets of task threads.
LogStats: Stats thread started at 0.275937
LogD3D11RHI: Aftermath initialized
LogICUInternationalization: Display: ICU TimeZone Detection - Raw Offset: +2:00, Platform Override: ''
LogModuleManager: Display: Found up-to-date module file ../../../Engine/Plugins/2D/Paper2D/Binaries/Win64/UE4Editor-Paper2D.dll (API version 3944462).
LogModuleManager: Display: Found up-to-date module file ../../../Engine/Plugins/2D/Paper2D/Binaries/Win64/UE4Editor-Paper2DEditor.dll (API version 3944462).
LogModuleManager: Display: Found up-to-date module file ../../../Engine/Plugins/2D/Paper2D/Binaries/Win64/UE4Editor-PaperSpriteSheetImporter.dll (API version 3944462).
LogModuleManager: Display: Found up-to-date module file ../../../Engine/Plugins/2D/Paper2D/Binaries/Win64/UE4Editor-PaperTiledImporter.dll (API version 3944462).
LogModuleManager: Display: Found up-to-date module file ../../../Engine/Plugins/2D/Paper2D/Binaries/Win64/UE4Editor-SmartSnapping.dll (API version 3944462).
LogModuleManager: Display: Found up-to-date module file ../../../Engine/Plugins/Blendables/LightPropagationVolume/Binaries/Win64/UE4Editor-LightPropagationVolumeRuntime.dll (API version 3944462).
LogModuleManager: Display: Found up-to-date module file ../../../Engine/Plugins/Blendables/LightPropagationVolume/Binaries/Win64/UE4Editor-LightPropagationVolumeEditor.dll (API version 3944462).
LogModuleManager: Display: Found up-to-date module file ../../../Engine/Plugins/Developer/CLionSourceCodeAccess/Binaries/Win64/UE4Editor-CLionSourceCodeAccess.dll (API version 3944462).
LogModuleManager: Display: Found up-to-date module file ../../../Engine/Plugins/Developer/GitSourceControl/Binaries/Win64/UE4Editor-GitSourceControl.dll (API version 3944462).
LogModuleManager: Display: Found up-to-date module file ../../../Engine/Plugins/Developer/PerforceSourceControl/Binaries/Win64/UE4Editor-PerforceSourceControl.dll (API version 3944462).
LogModuleManager: Display: Found up-to-date module file ../../../Engine/Plugins/Developer/SubversionSourceControl/Binaries/Win64/UE4Editor-SubversionSourceControl.dll (API version 3944462).
LogModuleManager: Display: Found up-to-date module file ../../../Engine/Plugins/Developer/UObjectPlugin/Binaries/Win64/UE4Editor-UObjectPlugin.dll (API version 3944462).
LogModuleManager: Display: Found up-to-date module file ../../../Engine/Plugins/Developer/VisualStudioCodeSourceCodeAccess/Binaries/Win64/UE4Editor-VisualStudioCodeSourceCodeAccess.dll (API version 3944462).
LogModuleManager: Display: Found up-to-date module file ../../../Engine/Plugins/Developer/VisualStudioSourceCodeAccess/Binaries/Win64/UE4Editor-VisualStudioSourceCodeAccess.dll (API version 3944462).
LogModuleManager: Display: Found up-to-date module file ../../../Engine/Plugins/Editor/AssetManagerEditor/Binaries/Win64/UE4Editor-AssetManagerEditor.dll (API version 3944462).
LogModuleManager: Display: Found up-to-date module file ../../../Engine/Plugins/Editor/CryptoKeys/Binaries/Win64/UE4Editor-CryptoKeys.dll (API version 3944462).
LogModuleManager: Display: Found up-to-date module file ../../../Engine/Plugins/Editor/CryptoKeys/Binaries/Win64/UE4Editor-CryptoKeysOpenSSL.dll (API version 3944462).
LogModuleManager: Display: Found up-to-date module file ../../../Engine/Plugins/Editor/DataValidation/Binaries/Win64/UE4Editor-DataValidation.dll (API version 3944462).
LogModuleManager: Display: Found up-to-date module file ../../../Engine/Plugins/Editor/FacialAnimation/Binaries/Win64/UE4Editor-FacialAnimation.dll (API version 3944462).
LogModuleManager: Display: Found up-to-date module file ../../../Engine/Plugins/Editor/FacialAnimation/Binaries/Win64/UE4Editor-FacialAnimationEditor.dll (API version 3944462).
LogModuleManager: Display: Found up-to-date module file ../../../Engine/Plugins/Editor/GameplayTagsEditor/Binaries/Win64/UE4Editor-GameplayTagsEditor.dll (API version 3944462).
LogModuleManager: Display: Found up-to-date module file ../../../Engine/Plugins/Editor/MobileLauncherProfileWizard/Binaries/Win64/UE4Editor-MobileLauncherProfileWizard.dll (API version 3944462).
LogModuleManager: Display: Found up-to-date module file ../../../Engine/Plugins/Editor/PluginBrowser/Binaries/Win64/UE4Editor-PluginBrowser.dll (API version 3944462).
LogModuleManager: Display: Found up-to-date module file ../../../Engine/Plugins/Editor/SpeedTreeImporter/Binaries/Win64/UE4Editor-SpeedTreeImporter.dll (API version 3944462).
LogModuleManager: Display: Found up-to-date module file ../../../Engine/Plugins/Enterprise/DatasmithContent/Binaries/Win64/UE4Editor-DatasmithContent.dll (API version 3944462).
LogModuleManager: Display: Found up-to-date module file ../../../Engine/Plugins/Experimental/AlembicImporter/Binaries/Win64/UE4Editor-AlembicImporter.dll (API version 3944462).
LogModuleManager: Display: Found up-to-date module file ../../../Engine/Plugins/Experimental/AlembicImporter/Binaries/Win64/UE4Editor-AlembicLibrary.dll (API version 3944462).
LogModuleManager: Display: Found up-to-date module file ../../../Engine/Plugins/Experimental/CharacterAI/Binaries/Win64/UE4Editor-CharacterAI.dll (API version 3944462).
LogModuleManager: Display: Found up-to-date module file ../../../Engine/Plugins/Experimental/HTML5Networking/Binaries/Win64/UE4Editor-HTML5Networking.dll (API version 3944462).
LogModuleManager: Display: Found up-to-date module file ../../../Engine/Plugins/Media/AndroidMedia/Binaries/Win64/UE4Editor-AndroidMediaEditor.dll (API version 3944462).
LogModuleManager: Display: Found up-to-date module file ../../../Engine/Plugins/Media/AndroidMedia/Binaries/Win64/UE4Editor-AndroidMediaFactory.dll (API version 3944462).
LogModuleManager: Display: Found up-to-date module file ../../../Engine/Plugins/Media/AvfMedia/Binaries/Win64/UE4Editor-AvfMediaEditor.dll (API version 3944462).
LogModuleManager: Display: Found up-to-date module file ../../../Engine/Plugins/Media/AvfMedia/Binaries/Win64/UE4Editor-AvfMediaFactory.dll (API version 3944462).
LogModuleManager: Display: Found up-to-date module file ../../../Engine/Plugins/Media/AvfMedia/Binaries/Win64/UE4Editor-AvfMediaFactory.dll (API version 3944462).
LogModuleManager: Display: Found up-to-date module file ../../../Engine/Plugins/Media/ImgMedia/Binaries/Win64/UE4Editor-ImgMedia.dll (API version 3944462).
LogModuleManager: Display: Found up-to-date module file ../../../Engine/Plugins/Media/ImgMedia/Binaries/Win64/UE4Editor-ImgMediaEditor.dll (API version 3944462).
LogModuleManager: Display: Found up-to-date module file ../../../Engine/Plugins/Media/ImgMedia/Binaries/Win64/UE4Editor-ImgMediaFactory.dll (API version 3944462).
LogModuleManager: Display: Found up-to-date module file ../../../Engine/Plugins/Media/ImgMedia/Binaries/Win64/UE4Editor-ImgMediaFactory.dll (API version 3944462).
LogModuleManager: Display: Found up-to-date module file ../../../Engine/Plugins/Media/ImgMedia/Binaries/Win64/UE4Editor-OpenExrWrapper.dll (API version 3944462).
LogModuleManager: Display: Found up-to-date module file ../../../Engine/Plugins/Media/LinearTimecode/Binaries/Win64/UE4Editor-LinearTimecode.dll (API version 3944462).
LogModuleManager: Display: Found up-to-date module file ../../../Engine/Plugins/Media/MediaCompositing/Binaries/Win64/UE4Editor-MediaCompositing.dll (API version 3944462).
LogModuleManager: Display: Found up-to-date module file ../../../Engine/Plugins/Media/MediaCompositing/Binaries/Win64/UE4Editor-MediaCompositingEditor.dll (API version 3944462).
LogModuleManager: Display: Found up-to-date module file ../../../Engine/Plugins/Media/MediaPlayerEditor/Binaries/Win64/UE4Editor-MediaPlayerEditor.dll (API version 3944462).
LogModuleManager: Display: Found up-to-date module file ../../../Engine/Plugins/Media/WmfMedia/Binaries/Win64/UE4Editor-WmfMedia.dll (API version 3944462).
LogModuleManager: Display: Found up-to-date module file ../../../Engine/Plugins/Media/WmfMedia/Binaries/Win64/UE4Editor-WmfMediaEditor.dll (API version 3944462).
LogModuleManager: Display: Found up-to-date module file ../../../Engine/Plugins/Media/WmfMedia/Binaries/Win64/UE4Editor-WmfMediaFactory.dll (API version 3944462).
LogModuleManager: Display: Found up-to-date module file ../../../Engine/Plugins/Media/WmfMedia/Binaries/Win64/UE4Editor-WmfMediaFactory.dll (API version 3944462).
LogModuleManager: Display: Found up-to-date module file ../../../Engine/Plugins/Messaging/TcpMessaging/Binaries/Win64/UE4Editor-TcpMessaging.dll (API version 3944462).
LogModuleManager: Display: Found up-to-date module file ../../../Engine/Plugins/Messaging/UdpMessaging/Binaries/Win64/UE4Editor-UdpMessaging.dll (API version 3944462).
LogModuleManager: Display: Found up-to-date module file ../../../Engine/Plugins/MovieScene/ActorSequence/Binaries/Win64/UE4Editor-ActorSequence.dll (API version 3944462).
LogModuleManager: Display: Found up-to-date module file ../../../Engine/Plugins/MovieScene/LevelSequenceEditor/Binaries/Win64/UE4Editor-LevelSequenceEditor.dll (API version 3944462).
LogModuleManager: Display: Found up-to-date module file ../../../Engine/Plugins/MovieScene/MatineeToLevelSequence/Binaries/Win64/UE4Editor-MatineeToLevelSequence.dll (API version 3944462).
LogModuleManager: Display: Found up-to-date module file ../../../Engine/Plugins/NetcodeUnitTest/NetcodeUnitTest/Binaries/Win64/UE4Editor-NetcodeUnitTest.dll (API version 3944462).
LogModuleManager: Display: Found up-to-date module file ../../../Engine/Plugins/NetcodeUnitTest/NUTUnrealEngine4/Binaries/Win64/UE4Editor-NUTUnrealEngine4.dll (API version 3944462).
LogModuleManager: Display: Found up-to-date module file ../../../Engine/Plugins/Online/OnlineSubsystem/Binaries/Win64/UE4Editor-OnlineSubsystem.dll (API version 3944462).
LogModuleManager: Display: Found up-to-date module file ../../../Engine/Plugins/Runtime/AndroidPermission/Binaries/Win64/UE4Editor-AndroidPermission.dll (API version 3944462).
LogModuleManager: Display: Found up-to-date module file ../../../Engine/Plugins/Online/OnlineSubsystemNull/Binaries/Win64/UE4Editor-OnlineSubsystemNull.dll (API version 3944462).
LogModuleManager: Display: Found up-to-date module file ../../../Engine/Plugins/Online/OnlineSubsystemUtils/Binaries/Win64/UE4Editor-OnlineSubsystemUtils.dll (API version 3944462).
LogModuleManager: Display: Found up-to-date module file ../../../Engine/Plugins/Online/OnlineSubsystemUtils/Binaries/Win64/UE4Editor-OnlineBlueprintSupport.dll (API version 3944462).
LogModuleManager: Display: Found up-to-date module file ../../../Engine/Plugins/Runtime/AndroidDeviceProfileSelector/Binaries/Win64/UE4Editor-AndroidDeviceProfileSelector.dll (API version 3944462).
LogModuleManager: Display: Found up-to-date module file ../../../Engine/Plugins/Runtime/AppleARKit/Binaries/Win64/UE4Editor-AppleARKit.dll (API version 3944462).
LogModuleManager: Display: Found up-to-date module file ../../../Engine/Plugins/Runtime/ProceduralMeshComponent/Binaries/Win64/UE4Editor-ProceduralMeshComponent.dll (API version 3944462).
LogModuleManager: Display: Found up-to-date module file ../../../Engine/Plugins/Runtime/ProceduralMeshComponent/Binaries/Win64/UE4Editor-ProceduralMeshComponentEditor.dll (API version 3944462).
LogModuleManager: Display: Found up-to-date module file ../../../Engine/Plugins/Animation/LiveLink/Binaries/Win64/UE4Editor-LiveLink.dll (API version 3944462).
LogModuleManager: Display: Found up-to-date module file ../../../Engine/Plugins/Animation/LiveLink/Binaries/Win64/UE4Editor-LiveLinkEditor.dll (API version 3944462).
LogModuleManager: Display: Found up-to-date module file ../../../Engine/Plugins/Runtime/ArchVisCharacter/Binaries/Win64/UE4Editor-ArchVisCharacter.dll (API version 3944462).
LogModuleManager: Display: Found up-to-date module file ../../../Engine/Plugins/Runtime/AudioCapture/Binaries/Win64/UE4Editor-AudioCapture.dll (API version 3944462).
LogModuleManager: Display: Found up-to-date module file ../../../Engine/Plugins/Runtime/AudioCapture/Binaries/Win64/UE4Editor-AudioCaptureEditor.dll (API version 3944462).
LogModuleManager: Display: Found up-to-date module file ../../../Engine/Plugins/Runtime/CableComponent/Binaries/Win64/UE4Editor-CableComponent.dll (API version 3944462).
LogModuleManager: Display: Found up-to-date module file ../../../Engine/Plugins/Runtime/CustomMeshComponent/Binaries/Win64/UE4Editor-CustomMeshComponent.dll (API version 3944462).
LogModuleManager: Display: Found up-to-date module file ../../../Engine/Plugins/Runtime/ExampleDeviceProfileSelector/Binaries/Win64/UE4Editor-ExampleDeviceProfileSelector.dll (API version 3944462).
LogModuleManager: Display: Found up-to-date module file ../../../Engine/Plugins/Runtime/ImmediatePhysics/Binaries/Win64/UE4Editor-ImmediatePhysics.dll (API version 3944462).
LogModuleManager: Display: Found up-to-date module file ../../../Engine/Plugins/Runtime/ImmediatePhysics/Binaries/Win64/UE4Editor-ImmediatePhysicsEditor.dll (API version 3944462).
LogModuleManager: Display: Found up-to-date module file ../../../Engine/Plugins/Runtime/LocationServicesBPLibrary/Binaries/Win64/UE4Editor-LocationServicesBPLibrary.dll (API version 3944462).
LogModuleManager: Display: Found up-to-date module file ../../../Engine/Plugins/Runtime/MobilePatchingUtils/Binaries/Win64/UE4Editor-MobilePatchingUtils.dll (API version 3944462).
LogModuleManager: Display: Found up-to-date module file ../../../Engine/Plugins/Runtime/Oculus/OculusVR/Binaries/Win64/UE4Editor-OculusHMD.dll (API version 3944462).
LogModuleManager: Display: Found up-to-date module file ../../../Engine/Plugins/Runtime/Oculus/OculusVR/Binaries/Win64/UE4Editor-OculusInput.dll (API version 3944462).
LogModuleManager: Display: Found up-to-date module file ../../../Engine/Plugins/Runtime/Oculus/OculusVR/Binaries/Win64/UE4Editor-OculusEditor.dll (API version 3944462).
LogModuleManager: Display: Found up-to-date module file ../../../Engine/Plugins/Runtime/PhysXVehicles/Binaries/Win64/UE4Editor-PhysXVehicles.dll (API version 3944462).
LogModuleManager: Display: Found up-to-date module file ../../../Engine/Plugins/Runtime/PhysXVehicles/Binaries/Win64/UE4Editor-PhysXVehiclesEditor.dll (API version 3944462).
LogModuleManager: Display: Found up-to-date module file ../../../Engine/Plugins/Runtime/RuntimePhysXCooking/Binaries/Win64/UE4Editor-RuntimePhysXCooking.dll (API version 3944462).
LogModuleManager: Display: Found up-to-date module file ../../../Engine/Plugins/Runtime/Steam/SteamVR/Binaries/Win64/UE4Editor-SteamVR.dll (API version 3944462).
LogModuleManager: Display: Found up-to-date module file ../../../Engine/Plugins/Runtime/Steam/SteamVR/Binaries/Win64/UE4Editor-SteamVRController.dll (API version 3944462).
LogModuleManager: Display: Found up-to-date module file ../../../Engine/Plugins/Runtime/WindowsMoviePlayer/Binaries/Win64/UE4Editor-WindowsMoviePlayer.dll (API version 3944462).
LogPluginManager: Mounting plugin Paper2D
LogPluginManager: Mounting plugin LiveLink
LogPluginManager: Mounting plugin LightPropagationVolume
LogPluginManager: Mounting plugin CLionSourceCodeAccess
LogPluginManager: Mounting plugin CodeLiteSourceCodeAccess
LogPluginManager: Mounting plugin GitSourceControl
LogPluginManager: Mounting plugin KDevelopSourceCodeAccess
LogPluginManager: Mounting plugin NullSourceCodeAccess
LogPluginManager: Mounting plugin PerforceSourceControl
LogPluginManager: Mounting plugin SubversionSourceControl
LogPluginManager: Mounting plugin UObjectPlugin
LogPluginManager: Mounting plugin VisualStudioCodeSourceCodeAccess
LogPluginManager: Mounting plugin VisualStudioSourceCodeAccess
LogPluginManager: Mounting plugin XCodeSourceCodeAccess
LogPluginManager: Mounting plugin AssetManagerEditor
LogPluginManager: Mounting plugin CryptoKeys
LogPluginManager: Mounting plugin DataValidation
LogPluginManager: Mounting plugin FacialAnimation
LogPluginManager: Mounting plugin GameplayTagsEditor
LogPluginManager: Mounting plugin MobileLauncherProfileWizard
LogPluginManager: Mounting plugin PluginBrowser
LogPluginManager: Mounting plugin SpeedTreeImporter
LogPluginManager: Mounting plugin DatasmithContent
LogPluginManager: Mounting plugin AlembicImporter
LogPluginManager: Mounting plugin CharacterAI
LogPluginManager: Mounting plugin HTML5Networking
LogPluginManager: Mounting plugin AndroidMedia
LogPluginManager: Mounting plugin AvfMedia
LogPluginManager: Mounting plugin ImgMedia
LogPluginManager: Mounting plugin LinearTimecode
LogPluginManager: Mounting plugin MediaCompositing
LogPluginManager: Mounting plugin MediaPlayerEditor
LogPluginManager: Mounting plugin WmfMedia
LogPluginManager: Mounting plugin TcpMessaging
LogPluginManager: Mounting plugin UdpMessaging
LogPluginManager: Mounting plugin ActorSequence
LogPluginManager: Mounting plugin LevelSequenceEditor
LogPluginManager: Mounting plugin MatineeToLevelSequence
LogPluginManager: Mounting plugin NetcodeUnitTest
LogPluginManager: Mounting plugin NUTUnrealEngine4
LogPluginManager: Mounting plugin OnlineSubsystemGooglePlay
LogPluginManager: Mounting plugin OnlineSubsystemIOS
LogPluginManager: Mounting plugin OnlineSubsystem
LogPluginManager: Mounting plugin OnlineSubsystemNull
LogPluginManager: Mounting plugin OnlineSubsystemUtils
LogPluginManager: Mounting plugin AndroidDeviceProfileSelector
LogPluginManager: Mounting plugin AndroidMoviePlayer
LogPluginManager: Mounting plugin AndroidPermission
LogPluginManager: Mounting plugin AppleARKit
LogPluginManager: Mounting plugin AppleMoviePlayer
LogPluginManager: Mounting plugin ArchVisCharacter
LogPluginManager: Mounting plugin AudioCapture
LogPluginManager: Mounting plugin CableComponent
LogPluginManager: Mounting plugin CustomMeshComponent
LogPluginManager: Mounting plugin ExampleDeviceProfileSelector
LogPluginManager: Mounting plugin GoogleCloudMessaging
LogPluginManager: Mounting plugin ImmediatePhysics
LogPluginManager: Mounting plugin IOSDeviceProfileSelector
LogPluginManager: Mounting plugin LinuxDeviceProfileSelector
LogPluginManager: Mounting plugin LocationServicesBPLibrary
LogPluginManager: Mounting plugin MobilePatchingUtils
LogPluginManager: Mounting plugin OculusVR
LogPluginManager: Plugin shader directory ../../../Engine/Plugins/Runtime/Oculus/OculusVR/Shaders found
LogPluginManager: Mapping shader source directory ../../../Engine/Plugins/Runtime/Oculus/OculusVR/Shaders to virtual directory /Plugin/OculusVR
LogPluginManager: Mounting plugin PhysXVehicles
LogPluginManager: Mounting plugin ProceduralMeshComponent
LogPluginManager: Mounting plugin RuntimePhysXCooking
LogPluginManager: Mounting plugin SteamVR
LogPluginManager: Mounting plugin WindowsMoviePlayer
LogStreaming: Display: Took  1.183s to configure plugins.
LogInit: Using libcurl 7.47.1
LogInit:  - built for x86_64-pc-win32
LogInit:  - supports SSL with OpenSSL/1.0.2g
LogInit:  - supports HTTP deflate (compression) using libz 1.2.8
LogInit:  - other features:
LogInit:      CURL_VERSION_SSL
LogInit:      CURL_VERSION_LIBZ
LogInit:      CURL_VERSION_IPV6
LogInit:      CURL_VERSION_ASYNCHDNS
LogInit:      CURL_VERSION_LARGEFILE
LogInit:      CURL_VERSION_IDN
LogInit:  CurlRequestOptions (configurable via config and command line):
LogInit:  - bVerifyPeer = false  - Libcurl will NOT verify peer certificate
LogInit:  - bUseHttpProxy = false  - Libcurl will NOT use HTTP proxy
LogInit:  - bDontReuseConnections = false  - Libcurl will reuse connections
LogInit:  - CertBundlePath = nullptr  - Libcurl will use whatever was configured at build time.
LogInit:  - MaxHostConnections = 16  - Libcurl will limit the number of connections to a host
LogInit:  - LocalHostAddr = Default
LogInit: WinSock: version 1.1 (2.2), MaxSocks=32767, MaxUdp=65467
LogInit: WinSock: I am DESKTOP-3G34NEP (192.168.1.11:0)
LogInit: Build: ++UE4+Release-4.19-CL-3989454
LogInit: Engine Version: 4.19.1-3989454+++UE4+Release-4.19
LogInit: Compatible Engine Version: 4.19.0-3944462+++UE4+Release-4.19
LogInit: Net CL: 3944462
LogDevObjectVersion: Number of dev versions registered: 18
LogDevObjectVersion:   Dev-Blueprints (B0D832E4-1F89-4F0D-ACCF-7EB736FD4AA2): 10
LogDevObjectVersion:   Dev-Build (E1C64328-A22C-4D53-A36C-8E866417BD8C): 0
LogDevObjectVersion:   Dev-Core (375EC13C-06E4-48FB-B500-84F0262A717E): 2
LogDevObjectVersion:   Dev-Editor (E4B068ED-F494-42E9-A231-DA0B2E46BB41): 23
LogDevObjectVersion:   Dev-Framework (CFFC743F-43B0-4480-9391-14DF171D2073): 33
LogDevObjectVersion:   Dev-Mobile (B02B49B5-BB20-44E9-A304-32B752E40360): 2
LogDevObjectVersion:   Dev-Networking (A4E4105C-59A1-49B5-A7C5-40C4547EDFEE): 0
LogDevObjectVersion:   Dev-Online (39C831C9-5AE6-47DC-9A44-9C173E1C8E7C): 0
LogDevObjectVersion:   Dev-Physics (78F01B33-EBEA-4F98-B9B4-84EACCB95AA2): 0
LogDevObjectVersion:   Dev-Platform (6631380F-2D4D-43E0-8009-CF276956A95A): 0
LogDevObjectVersion:   Dev-Rendering (12F88B9F-8875-4AFC-A67C-D90C383ABD29): 25
LogDevObjectVersion:   Dev-Sequencer (7B5AE74C-D270-4C10-A958-57980B212A5A): 6
LogDevObjectVersion:   Dev-VR (D7296918-1DD6-4BDD-9DE2-64A83CC13884): 1
LogDevObjectVersion:   Dev-LoadTimes (C2A15278-BFE7-4AFE-6C17-90FF531DF755): 1
LogDevObjectVersion:   Private-Geometry (6EACA3D4-40EC-4CC1-B786-8BED09428FC5): 2
LogDevObjectVersion:   Dev-AnimPhys (29E575DD-E0A3-4627-9D10-D276232CDCEA): 16
LogDevObjectVersion:   Dev-ReflectionCapture (6B266CEC-1EC7-4B8F-A30B-E4D90942FC07): 1
LogDevObjectVersion:   Dev-Automation (0DF73D61-A23F-47EA-B727-89E90C41499A): 1
LogInit: Compiled (64-bit): Apr  6 2018 12:26:04
LogInit: Compiled with Visual C++: 19.00.24215.01
LogInit: Build Configuration: Development
LogInit: Branch Name: ++UE4+Release-4.19
LogInit: Command Line:  
LogInit: Base Directory: G:/Epic Games/UE_4.19/Engine/Binaries/Win64/
LogInit: Installed Engine Build: 1
LogStreaming: Display: Took  0.000s to delete old logs.
LogInit: Presizing for max 8388607 objects, including 0 objects not considered by GC, pre-allocating 0 bytes for permanent pool.
LogInit: Object subsystem initialized
[2018.06.13-21.19.00:557][  0]LogInit: Selected Device Profile: [Windows]
[2018.06.13-21.19.00:557][  0]LogInit: Applying CVar settings loaded from the selected device profile: [Windows]
[2018.06.13-21.19.00:567][  0]LogInit: Computer: DESKTOP-3G34NEP
[2018.06.13-21.19.00:567][  0]LogInit: User: andre
[2018.06.13-21.19.00:567][  0]LogInit: CPU Page size=4096, Cores=4
[2018.06.13-21.19.00:567][  0]LogInit: High frequency timer resolution =3.328127 MHz
[2018.06.13-21.19.00:567][  0]LogMemory: Memory total: Physical=16.0GB (16GB approx)
[2018.06.13-21.19.00:567][  0]LogMemory: Platform Memory Stats for Windows
[2018.06.13-21.19.00:567][  0]LogMemory: Process Physical Memory: 273.73 MB used, 273.73 MB peak
[2018.06.13-21.19.00:567][  0]LogMemory: Process Virtual Memory: 264.78 MB used, 264.78 MB peak
[2018.06.13-21.19.00:567][  0]LogMemory: Physical Memory: 9055.45 MB used,  7291.21 MB free, 16346.66 MB total
[2018.06.13-21.19.00:567][  0]LogMemory: Virtual Memory: 4779.77 MB used,  7291.21 MB free, 134217728.00 MB total
[2018.06.13-21.19.00:615][  0]LogInit: Using OS detected language (ru-RU).
[2018.06.13-21.19.00:615][  0]LogInit: Using OS detected locale (ru-RU).
[2018.06.13-21.19.00:620][  0]LogTextLocalizationManager: No localization for 'ru-RU' exists, so 'en' will be used for the language.
[2018.06.13-21.19.01:037][  0]LogStreaming: Display: Took  0.422s to EndInitTextLocalization.
[2018.06.13-21.19.01:037][  0]LogInit: Setting process to per monitor DPI aware
[2018.06.13-21.19.01:070][  0]LogSlate: New Slate User Created.  User Index 0, Is Virtual User: 0
[2018.06.13-21.19.01:070][  0]LogSlate: Slate User Registered.  User Index 0, Is Virtual User: 0
[2018.06.13-21.19.01:343][  0]LogD3D11RHI: D3D11 adapters:
[2018.06.13-21.19.01:395][  0]LogD3D11RHI:    0. 'NVIDIA GeForce GTX 1080' (Feature Level 11_0)
[2018.06.13-21.19.01:395][  0]LogD3D11RHI:       8079/0/8173 MB DedicatedVideo/DedicatedSystem/SharedSystem, Outputs:1, VendorId:0x10de
[2018.06.13-21.19.01:397][  0]LogD3D11RHI:    1. 'Microsoft Basic Render Driver' (Feature Level 11_0)
[2018.06.13-21.19.01:397][  0]LogD3D11RHI:       0/0/8173 MB DedicatedVideo/DedicatedSystem/SharedSystem, Outputs:0, VendorId:0x1414
[2018.06.13-21.19.01:397][  0]LogD3D11RHI: Chosen D3D11 Adapter: 0
[2018.06.13-21.19.01:405][  0]LogD3D11RHI: Creating new Direct3DDevice
[2018.06.13-21.19.01:405][  0]LogD3D11RHI:     GPU DeviceId: 0x1b80 (for the marketing name, search the web for "GPU Device Id")
[2018.06.13-21.19.01:405][  0]LogWindows: EnumDisplayDevices:
[2018.06.13-21.19.01:405][  0]LogWindows:    0. 'NVIDIA GeForce GTX 1080' (P:1 D:1)
[2018.06.13-21.19.01:405][  0]LogWindows:    1. 'NVIDIA GeForce GTX 1080' (P:0 D:0)
[2018.06.13-21.19.01:405][  0]LogWindows:    2. 'NVIDIA GeForce GTX 1080' (P:0 D:0)
[2018.06.13-21.19.01:406][  0]LogWindows:    3. 'NVIDIA GeForce GTX 1080' (P:0 D:0)
[2018.06.13-21.19.01:406][  0]LogWindows: DebugString: GetVideoDriverDetailsInvalid PrimaryIsNotTheChoosenAdapter GetVideoDriverDetailsInvalid PrimaryIsNotTheChoosenAdapter GetVideoDriverDetailsInvalid PrimaryIsNotTheChoosenAdapter GetVideoDriverDetailsInvalid PrimaryIsNotTheChoosenAdapter FoundDriverCount:0 
[2018.06.13-21.19.01:406][  0]LogD3D11RHI:     Adapter Name: NVIDIA GeForce GTX 1080
[2018.06.13-21.19.01:406][  0]LogD3D11RHI:   Driver Version: Unknown (internal:Unknown, unified:Unknown)
[2018.06.13-21.19.01:406][  0]LogD3D11RHI:      Driver Date: Unknown
[2018.06.13-21.19.01:406][  0]LogRHI: Texture pool is 5655 MB (70% of 8079 MB)
[2018.06.13-21.19.01:440][  0]LogD3D11RHI: [Aftermath] Aftermath enabled and primed
[2018.06.13-21.19.01:440][  0]LogD3D11RHI: [Aftermath] Aftermath enabled and primed
[2018.06.13-21.19.01:440][  0]LogD3D11RHI: Async texture creation enabled
[2018.06.13-21.19.01:462][  0]LogD3D11RHI: GPU Timing Frequency: 1000.000000 (Debug: 2 2)
[2018.06.13-21.19.01:504][  0]LogShaderCompilers: Guid format shader working directory is 38 characters bigger than the processId version (H:/Ursa/Intermediate/Shaders/WorkingDirectory/19692/).
[2018.06.13-21.19.01:504][  0]LogShaderCompilers: Cleaned the shader compiler working directory 'G:/Users/andre/AppData/Local/Temp/UnrealShaderWorkingDir/6717158B4D5BF0462725068AB3350E03/'.
[2018.06.13-21.19.01:799][  0]LogTemp: Display: Loaded TP AllDesktopTargetPlatform
[2018.06.13-21.19.01:814][  0]LogTemp: Display: Loaded TP MacClientTargetPlatform
[2018.06.13-21.19.01:831][  0]LogTemp: Display: Loaded TP MacNoEditorTargetPlatform
[2018.06.13-21.19.01:844][  0]LogTemp: Display: Loaded TP MacServerTargetPlatform
[2018.06.13-21.19.01:859][  0]LogTemp: Display: Loaded TP MacTargetPlatform
[2018.06.13-21.19.01:873][  0]LogTemp: Display: Loaded TP WindowsClientTargetPlatform
[2018.06.13-21.19.01:888][  0]LogTemp: Display: Loaded TP WindowsNoEditorTargetPlatform
[2018.06.13-21.19.01:901][  0]LogTemp: Display: Loaded TP WindowsServerTargetPlatform
[2018.06.13-21.19.01:908][  0]LogTemp: Display: Loaded TP WindowsTargetPlatform
[2018.06.13-21.19.01:921][  0]LogTemp: Display: Loaded TP Android_ASTCTargetPlatform
[2018.06.13-21.19.01:934][  0]LogTemp: Display: Loaded TP Android_ATCTargetPlatform
[2018.06.13-21.19.01:946][  0]LogTemp: Display: Loaded TP Android_DXTTargetPlatform
[2018.06.13-21.19.01:959][  0]LogTemp: Display: Loaded TP Android_ETC1aTargetPlatform
[2018.06.13-21.19.01:970][  0]LogTemp: Display: Loaded TP Android_ETC1TargetPlatform
[2018.06.13-21.19.01:982][  0]LogTemp: Display: Loaded TP Android_ETC2TargetPlatform
[2018.06.13-21.19.02:005][  0]LogTemp: Display: Loaded TP Android_MultiTargetPlatform
[2018.06.13-21.19.02:006][  0]LogTemp: Display: Loaded TP Android_PVRTCTargetPlatform
[2018.06.13-21.19.02:018][  0]LogTemp: Display: Loaded TP AndroidTargetPlatform
[2018.06.13-21.19.02:020][  0]LogTemp: Display: Loaded TP HTML5TargetPlatform
[2018.06.13-21.19.02:058][  0]LogTemp: Display: Loaded TP IOSTargetPlatform
[2018.06.13-21.19.02:068][  0]LogTemp: Display: Loaded TP TVOSTargetPlatform
[2018.06.13-21.19.02:082][  0]LogTemp: Display: Loaded TP LinuxClientTargetPlatform
[2018.06.13-21.19.02:094][  0]LogTemp: Display: Loaded TP LinuxNoEditorTargetPlatform
[2018.06.13-21.19.02:106][  0]LogTemp: Display: Loaded TP LinuxServerTargetPlatform
[2018.06.13-21.19.02:117][  0]LogTemp: Display: Loaded TP LinuxTargetPlatform
[2018.06.13-21.19.02:117][  0]LogTargetPlatformManager: Display: Building Assets For Windows
[2018.06.13-21.19.02:220][  0]LogXGEController: Cannot use XGE Controller as Incredibuild is not installed on this machine.
[2018.06.13-21.19.02:220][  0]LogShaderCompilers: Cannot use XGE Shader Compiler as Incredibuild is not installed on this machine.
[2018.06.13-21.19.02:220][  0]LogShaderCompilers: Display: Using Local Shader Compiler.
[2018.06.13-21.19.02:816][  0]LogDerivedDataCache: Display: Max Cache Size: 512 MB
[2018.06.13-21.19.02:893][  0]LogDerivedDataCache: Loaded boot cache 0.08s 74MB G:/Users/andre/AppData/Local/UnrealEngine/4.19/DerivedDataCache/Boot.ddc.
[2018.06.13-21.19.02:894][  0]LogDerivedDataCache: Display: Loaded Boot cache: G:/Users/andre/AppData/Local/UnrealEngine/4.19/DerivedDataCache/Boot.ddc
[2018.06.13-21.19.02:894][  0]LogDerivedDataCache: FDerivedDataBackendGraph:  Pak pak cache file H:/Ursa/DerivedDataCache/DDC.ddp not found, will not use a pak cache.
[2018.06.13-21.19.02:894][  0]LogDerivedDataCache: Unable to find inner node Pak for hierarchical cache Hierarchy.
[2018.06.13-21.19.02:894][  0]LogDerivedDataCache: FDerivedDataBackendGraph:  CompressedPak pak cache file H:/Ursa/DerivedDataCache/Compressed.ddp not found, will not use a pak cache.
[2018.06.13-21.19.02:894][  0]LogDerivedDataCache: Unable to find inner node CompressedPak for hierarchical cache Hierarchy.
[2018.06.13-21.19.02:908][  0]LogDerivedDataCache: Display: Pak cache opened for reading ../../../Engine/DerivedDataCache/Compressed.ddp.
[2018.06.13-21.19.02:924][  0]LogDerivedDataCache: Using Local data cache path G:/Users/andre/AppData/Local/UnrealEngine/Common/DerivedDataCache: Writable
[2018.06.13-21.19.02:934][  0]LogMaterial: Verifying Global Shaders for PCD3D_SM5
[2018.06.13-21.19.02:934][  0]LogSlate: Using Freetype 2.6.0
[2018.06.13-21.19.02:935][  0]LogSlate: SlateFontCache - WITH_FREETYPE: 1, WITH_HARFBUZZ: 1
[2018.06.13-21.19.02:935][  0]LogSlate: SlateFontCache - WITH_FREETYPE: 1, WITH_HARFBUZZ: 1
[2018.06.13-21.19.03:071][  0]LogAssetRegistry: FAssetRegistry took 0.0289 seconds to start up
[2018.06.13-21.19.03:369][  0]LogInit: Selected Device Profile: [Windows]
[2018.06.13-21.19.03:504][  0]LogSimplygon: Simplygon DLL not present - disabling.
[2018.06.13-21.19.03:506][  0]LogMeshReduction: Using SimplygonSwarm for distributed automatic mesh merging
[2018.06.13-21.19.03:506][  0]LogMeshReduction: Using QuadricMeshReduction for automatic static mesh reduction
[2018.06.13-21.19.03:506][  0]LogMeshReduction: No automatic skeletal mesh reduction module available
[2018.06.13-21.19.03:506][  0]LogMeshReduction: No automatic mesh merging module available
[2018.06.13-21.19.03:506][  0]LogMeshMerging: No automatic mesh merging module available
[2018.06.13-21.19.03:541][  0]LogNetVersion: Ursa , NetCL: 3944462, EngineNetVer: 2, GameNetVer: 0 (Checksum: 3086478172)
[2018.06.13-21.19.04:157][  0]LogPackageLocalizationCache: Processed 9 localized package path(s) for 1 prioritized culture(s) in 0.054450 seconds
[2018.06.13-21.19.04:163][  0]LogUObjectArray: 36728 objects as part of root set at end of initial load.
[2018.06.13-21.19.04:163][  0]LogUObjectAllocator: 7314312 out of 0 bytes used by permanent object pool.
[2018.06.13-21.19.04:163][  0]LogUObjectArray: CloseDisregardForGC: 0/0 objects in disregard for GC pool
[2018.06.13-21.19.05:918][  0]LogTcpMessaging: Initializing TcpMessaging bridge
[2018.06.13-21.19.05:947][  0]LogUdpMessaging: Initializing bridge on interface 0.0.0.0:0 to multicast group 230.0.0.1:6666.
[2018.06.13-21.19.06:302][  0]SourceControl: Source control is disabled
[2018.06.13-21.19.06:302][  0]SourceControl: Source control is disabled
[2018.06.13-21.19.06:320][  0]SourceControl: Source control is disabled
[2018.06.13-21.19.06:337][  0]SourceControl: Source control is disabled
[2018.06.13-21.19.06:814][  0]LogAndroidPermission: UAndroidPermissionCallbackProxy::GetInstance
[2018.06.13-21.19.06:978][  0]LogOcInput: OculusInput pre-init called
[2018.06.13-21.19.07:085][  0]LogEngine: Initializing Engine...
[2018.06.13-21.19.07:086][  0]LogHMD: Failed to initialize OpenVR with code 110
[2018.06.13-21.19.07:089][  0]LogStats: UGameplayTagsManager::ConstructGameplayTagTree: Construct from data asset -  0.000 s
[2018.06.13-21.19.07:089][  0]LogStats: UGameplayTagsManager::ConstructGameplayTagTree: GameplayTagTreeChangedEvent.Broadcast -  0.000 s
[2018.06.13-21.19.07:309][  0]LogAIModule: Creating AISystem for world Untitled
[2018.06.13-21.19.07:382][  0]LogInit: XAudio2 using 'Динамики (Wireless Stereo Headset)' : 2 channels at 48 kHz using 16 bits per sample (channel mask 0x3)
[2018.06.13-21.19.07:395][  0]LogInit: FAudioDevice initialized.
[2018.06.13-21.19.07:585][  0]LogDerivedDataCache: Saved boot cache 0.19s 74MB G:/Users/andre/AppData/Local/UnrealEngine/4.19/DerivedDataCache/Boot.ddc.
[2018.06.13-21.19.07:602][  0]LogInit: Texture streaming: Enabled
[2018.06.13-21.19.07:621][  0]LogEngineSessionManager: EngineSessionManager initialized
[2018.06.13-21.19.07:634][  0]LogInit: Transaction tracking system initialized
[2018.06.13-21.19.07:658][  0]BlueprintLog: New page: Editor Load
[2018.06.13-21.19.07:742][  0]LocalizationService: Localization service is disabled
[2018.06.13-21.19.07:819][  0]LogLinker: Warning: Can't find file '/Game/TopDownBP/TopDownOverview'
[2018.06.13-21.19.07:820][  0]LogLinker: Warning: Can't find file '/Game/TopDownBP/TopDownOverview'
[2018.06.13-21.19.07:820][  0]LogUObjectGlobals: Warning: Failed to find object 'Class /Game/TopDownBP/TopDownOverview.TopDownOverview_C'
[2018.06.13-21.19.07:862][  0]LogConsoleResponse: Display: 
[2018.06.13-21.19.08:013][  0]LogCook: Display: Max memory allowance for cook 16384mb min free memory 0mb
[2018.06.13-21.19.08:013][  0]LogCook: Display: Mobile HDR setting 1
[2018.06.13-21.19.08:013][  0]LogGameplayTags: Display: UGameplayTagsManager::DoneAddingNativeTags. DelegateIsBound: 0
[2018.06.13-21.19.08:013][  0]LogStats: UGameplayTagsManager::ConstructGameplayTagTree: Construct from data asset -  0.000 s
[2018.06.13-21.19.08:013][  0]LogStats: UGameplayTagsManager::ConstructGameplayTagTree: GameplayTagTreeChangedEvent.Broadcast -  0.000 s
[2018.06.13-21.19.08:041][  0]LogFileCache: Scanning file cache for directory 'H:/Ursa/Content/' took 0.02s
[2018.06.13-21.19.08:380][  0]SourceControl: Source control is disabled
[2018.06.13-21.19.08:380][  0]Cmd: MAP LOAD FILE="H:/Ursa/Content/AdvancedTurnBasedTileToolkit/Maps/Example.umap" TEMPLATE=0 SHOWPROGRESS=1 FEATURELEVEL=3
[2018.06.13-21.19.08:425][  0]LightingResults: New page: Lighting Build
[2018.06.13-21.19.08:427][  0]MapCheck: New page: Map Check
[2018.06.13-21.19.08:427][  0]LightingResults: New page: Lighting Build
[2018.06.13-21.19.16:630][  0]LogSkeletalMesh: Skeletal Mesh found in DDC [1.284807ms] /Game/AdvancedTurnBasedTileToolkit/Units/SK_Mannequin_Mobile.SK_Mannequin_Mobile
[2018.06.13-21.19.16:649][  0]LogAIModule: Creating AISystem for world Example
[2018.06.13-21.19.16:701][  0]LogEditorServer: Finished looking for orphan Actors (0.000 secs)
[2018.06.13-21.19.16:758][  0]Cmd: MAP CHECKDEP NOCLEARLOG
[2018.06.13-21.19.16:833][  0]MapCheck: Map check complete: 0 Error(s), 0 Warning(s), took 74,331ms to complete.
[2018.06.13-21.19.16:833][  0]LogFileHelpers: Loading map 'Example' took 8.453
[2018.06.13-21.19.16:969][  0]LogCollectionManager: Loaded 0 collections in 0.001227 seconds
[2018.06.13-21.19.17:010][  0]LogFileCache: Scanning file cache for directory 'H:/Ursa/Saved/Collections/' took 0.01s
[2018.06.13-21.19.17:010][  0]LogFileCache: Scanning file cache for directory 'H:/Ursa/Content/Developers/andre/Collections/' took 0.01s
[2018.06.13-21.19.17:010][  0]LogFileCache: Scanning file cache for directory 'H:/Ursa/Content/Collections/' took 0.01s
[2018.06.13-21.19.17:010][  0]LogCollectionManager: Rebuilt the GUID cache for 0 collections in 0.000000 seconds
[2018.06.13-21.19.17:018][  0]LogContentBrowser: Native class hierarchy populated in 0.0078 seconds. Added 2452 classes and 558 folders.
[2018.06.13-21.19.17:024][  0]LogContentBrowser: Native class hierarchy updated for 'WidgetCarousel' in 0.0002 seconds. Added 0 classes and 0 folders.
[2018.06.13-21.19.17:073][  0]LogContentBrowser: Native class hierarchy updated for 'AddContentDialog' in 0.0002 seconds. Added 0 classes and 0 folders.
[2018.06.13-21.19.17:080][  0]LogContentBrowser: Native class hierarchy updated for 'SceneOutliner' in 0.0004 seconds. Added 1 classes and 2 folders.
[2018.06.13-21.19.17:210][  0]LogContentBrowser: Native class hierarchy updated for 'HierarchicalLODOutliner' in 0.0004 seconds. Added 0 classes and 0 folders.
[2018.06.13-21.19.17:211][  0]LogLoad: (Engine Initialization) Total time: 19.43 seconds
[2018.06.13-21.19.17:211][  0]LogLoad: (Engine Initialization) Total Blueprint compile time: 0.00 seconds
[2018.06.13-21.19.17:222][  0]LogWindowsTextInputMethodSystem: Display: IME system now deactivated.
[2018.06.13-21.19.17:255][  0]LogContentStreaming: Texture pool size now 1000 MB
[2018.06.13-21.19.17:256][  0]LogSlate: Took 0.000422 seconds to synchronously load lazily loaded font '../../../Engine/Content/Slate/Fonts/Roboto-Regular.ttf' (155K)
[2018.06.13-21.19.17:259][  0]LogSlate: Took 0.000205 seconds to synchronously load lazily loaded font '../../../Engine/Content/Slate/Fonts/Roboto-Bold.ttf' (160K)
[2018.06.13-21.19.17:262][  0]LogSlate: Took 0.000168 seconds to synchronously load lazily loaded font '../../../Engine/Content/Editor/Slate/Fonts/FontAwesome.ttf' (139K)
[2018.06.13-21.19.17:447][  1]LogRenderer: Reallocating scene render targets to support 1144x512 Format 10 NumSamples 1 (Frame:1).
[2018.06.13-21.19.17:489][  1]LogAssetRegistry: Asset discovery search completed in 14.4404 seconds
[2018.06.13-21.19.17:494][  1]LogCollectionManager: Rebuilt the object cache for 0 collections in 0.000001 seconds (found 0 objects)
[2018.06.13-21.19.17:494][  1]LogCollectionManager: Fixed up redirectors for 0 collections in 0.000144 seconds (updated 0 objects)
[2018.06.13-21.19.18:239][ 71]LogSlate: Took 0.000229 seconds to synchronously load lazily loaded font '../../../Engine/Content/Slate/Fonts/Roboto-Light.ttf' (167K)
[2018.06.13-21.19.19:556][209]LogSlate: FSceneViewport::OnFocusLost() reason 0
[2018.06.13-21.19.20:220][230]LogContentBrowser: Native class hierarchy updated for 'BlueprintGraph' in 0.0005 seconds. Added 116 classes and 0 folders.
[2018.06.13-21.19.20:963][230]LogScriptCore: Warning: Script Msg: Attempted to access index 0 from array 'CallFunc_GetAllActorsOfClass_OutActors' of length 0 in '/Game/AdvancedTurnBasedTileToolkit/Core/Grid/BP_GridActor.BP_GridActor_C:UserConstructionScript'!
[2018.06.13-21.19.20:963][230]LogScript: Warning: Accessed None trying to read property GridManagerRef
	Encounter_C /Engine/Transient.World_1:PersistentLevel.Encounter_C_0
	Function /Game/AdvancedTurnBasedTileToolkit/Core/Grid/BP_GridActor.BP_GridActor_C:UserConstructionScript:00AB
[2018.06.13-21.19.20:963][230]LogScript: Warning: Accessed None trying to read property GridManagerRef
	Encounter_C /Engine/Transient.World_1:PersistentLevel.Encounter_C_0
	Function /Game/AdvancedTurnBasedTileToolkit/Core/Grid/BP_GridActor.BP_GridActor_C:UserConstructionScript:01BA
[2018.06.13-21.19.20:963][230]LogScript: Warning: Accessed None trying to read property GridManagerRef
	Encounter_C /Engine/Transient.World_1:PersistentLevel.Encounter_C_0
	Function /Game/AdvancedTurnBasedTileToolkit/Core/Grid/BP_GridActor.BP_GridActor_C:UserConstructionScript:0168
[2018.06.13-21.19.20:964][230]LogScriptCore: Warning: Script Msg: Attempted to access index 0 from array 'CallFunc_GetAllActorsOfClass_OutActors' of length 0 in '/Game/AdvancedTurnBasedTileToolkit/Core/Grid/BP_GridActor.BP_GridActor_C:UserConstructionScript'!
[2018.06.13-21.19.20:964][230]LogScript: Warning: Accessed None trying to read property GridManagerRef
	Encounter_C /Engine/Transient.World_0:PersistentLevel.Encounter_C_1
	Function /Game/AdvancedTurnBasedTileToolkit/Core/Grid/BP_GridActor.BP_GridActor_C:UserConstructionScript:00AB
[2018.06.13-21.19.20:964][230]LogScript: Warning: Accessed None trying to read property GridManagerRef
	Encounter_C /Engine/Transient.World_0:PersistentLevel.Encounter_C_1
	Function /Game/AdvancedTurnBasedTileToolkit/Core/Grid/BP_GridActor.BP_GridActor_C:UserConstructionScript:01BA
[2018.06.13-21.19.20:964][230]LogScript: Warning: Accessed None trying to read property GridManagerRef
	Encounter_C /Engine/Transient.World_0:PersistentLevel.Encounter_C_1
	Function /Game/AdvancedTurnBasedTileToolkit/Core/Grid/BP_GridActor.BP_GridActor_C:UserConstructionScript:0168
[2018.06.13-21.19.20:973][230]LogSlate: Took 0.000279 seconds to synchronously load lazily loaded font '../../../Engine/Content/Slate/Fonts/Roboto-BoldCondensed.ttf' (158K)
[2018.06.13-21.19.21:074][231]LogSlate: Took 0.000376 seconds to synchronously load lazily loaded font '../../../Engine/Content/Slate/Fonts/Roboto-Italic.ttf' (157K)
[2018.06.13-21.19.26:706][653]LogAIModule: Creating AISystem for world ULA
[2018.06.13-21.19.26:742][653]Cmd: MAP LOAD FILE="H:/Ursa/Content/Map/ULA.umap" TEMPLATE=0 SHOWPROGRESS=1 FEATURELEVEL=3
[2018.06.13-21.19.26:742][653]LightingResults: New page: Lighting Build
[2018.06.13-21.19.26:744][653]LoadErrors: New page: Loading map: ULA.umap
[2018.06.13-21.19.26:747][653]MapCheck: New page: Map Check
[2018.06.13-21.19.26:747][653]LightingResults: New page: Lighting Build
[2018.06.13-21.19.26:932][653]LogEditorServer: Finished looking for orphan Actors (0.000 secs)
[2018.06.13-21.19.27:019][653]Cmd: MAP CHECKDEP NOCLEARLOG
[2018.06.13-21.19.27:093][653]MapCheck: Map check complete: 0 Error(s), 0 Warning(s), took 74,025ms to complete.
[2018.06.13-21.19.27:093][653]LogFileHelpers: Loading map 'ULA' took 0.352
[2018.06.13-21.19.30:322][  3]LogTemp: Repeating last play command: Selected Viewport
[2018.06.13-21.19.30:341][  3]LogPlayLevel: PlayLevel: No blueprints needed recompiling
[2018.06.13-21.19.30:341][  3]PIE: New page: PIE session: ULA (14 июня 2018 г., 3:19:30)
[2018.06.13-21.19.30:348][  3]LogPlayLevel: Creating play world package: /Game/Map/UEDPIE_0_ULA
[2018.06.13-21.19.30:352][  3]LogPlayLevel: PIE: StaticDuplicateObject took: (0.004432s)
[2018.06.13-21.19.30:353][  3]LogAIModule: Creating AISystem for world ULA
[2018.06.13-21.19.30:353][  3]LogPlayLevel: PIE: World Init took: (0.001138s)
[2018.06.13-21.19.30:353][  3]LogPlayLevel: PIE: Created PIE world by copying editor world from /Game/Map/ULA.ULA to /Game/Map/UEDPIE_0_ULA.ULA (0.005789s)
[2018.06.13-21.19.30:392][  3]LogInit: XAudio2 using 'Динамики (Wireless Stereo Headset)' : 2 channels at 48 kHz using 16 bits per sample (channel mask 0x3)
[2018.06.13-21.19.30:399][  3]LogInit: FAudioDevice initialized.
[2018.06.13-21.19.30:466][  3]LogLoad: Game class is 'BP_ATBTT_C'
[2018.06.13-21.19.30:469][  3]LogWorld: Bringing World /Game/Map/UEDPIE_0_ULA.ULA up for play (max tick rate 0) at 2018.06.14-00.19.30
[2018.06.13-21.19.30:470][  3]LogWorld: Bringing up level for play took: 0.001583
[2018.06.13-21.19.30:472][  3]LogContentBrowser: Native class hierarchy updated for 'MovieSceneCapture' in 0.0002 seconds. Added 11 classes and 0 folders.
[2018.06.13-21.19.30:473][  3]LogGameMode: Display: Match State Changed from EnteringMap to WaitingToStart
[2018.06.13-21.19.30:473][  3]LogGameState: Match State Changed from EnteringMap to WaitingToStart
[2018.06.13-21.19.30:473][  3]LogGameMode: Display: Match State Changed from WaitingToStart to InProgress
[2018.06.13-21.19.30:476][  3]LogGameState: Match State Changed from WaitingToStart to InProgress
[2018.06.13-21.19.30:476][  3]PIE: Play in editor start time for /Game/Map/UEDPIE_0_ULA 0,4
[2018.06.13-21.19.50:904][145]LogSlate: FSceneViewport::OnFocusLost() reason 2
