Log file open, 06/07/18 19:54:26
LogWindows: Failed to load 'aqProf.dll' (GetLastError=126)
LogWindows: File 'aqProf.dll' does not exist
LogWindows: Failed to load 'VtuneApi.dll' (GetLastError=126)
LogWindows: File 'VtuneApi.dll' does not exist
LogWindows: Failed to load 'VtuneApi32e.dll' (GetLastError=126)
LogWindows: File 'VtuneApi32e.dll' does not exist
LogInit: Display: Running engine for game: Ursa
LogPlatformFile: Not using cached read wrapper
LogInit: Display: RandInit(247479625) SRandInit(247479625).
LogInit: Read version file with build ID '3944462'
LogInit: Overriding engine version to CL 4033788, compatible CL 3944462
LogInit: Registered custom module enumerator with build ID '3944462'
LogTaskGraph: Started task graph with 5 named threads and 23 total threads with 3 sets of task threads.
LogStats: Stats thread started at 0.270270
LogD3D11RHI: Aftermath initialized
LogICUInternationalization: Display: ICU TimeZone Detection - Raw Offset: +2:00, Platform Override: ''
LogModuleManager: Display: Found up-to-date module file ../../../Engine/Plugins/2D/Paper2D/Binaries/Win64/UE4Editor-Paper2D.dll (API version 3944462).
LogModuleManager: Display: Found up-to-date module file ../../../Engine/Plugins/2D/Paper2D/Binaries/Win64/UE4Editor-Paper2DEditor.dll (API version 3944462).
LogModuleManager: Display: Found up-to-date module file ../../../Engine/Plugins/2D/Paper2D/Binaries/Win64/UE4Editor-PaperSpriteSheetImporter.dll (API version 3944462).
LogModuleManager: Display: Found up-to-date module file ../../../Engine/Plugins/2D/Paper2D/Binaries/Win64/UE4Editor-PaperTiledImporter.dll (API version 3944462).
LogModuleManager: Display: Found up-to-date module file ../../../Engine/Plugins/2D/Paper2D/Binaries/Win64/UE4Editor-SmartSnapping.dll (API version 3944462).
LogModuleManager: Display: Found up-to-date module file ../../../Engine/Plugins/Blendables/LightPropagationVolume/Binaries/Win64/UE4Editor-LightPropagationVolumeRuntime.dll (API version 3944462).
LogModuleManager: Display: Found up-to-date module file ../../../Engine/Plugins/Blendables/LightPropagationVolume/Binaries/Win64/UE4Editor-LightPropagationVolumeEditor.dll (API version 3944462).
LogModuleManager: Display: Found up-to-date module file ../../../Engine/Plugins/Developer/CLionSourceCodeAccess/Binaries/Win64/UE4Editor-CLionSourceCodeAccess.dll (API version 3944462).
LogModuleManager: Display: Found up-to-date module file ../../../Engine/Plugins/Developer/GitSourceControl/Binaries/Win64/UE4Editor-GitSourceControl.dll (API version 3944462).
LogModuleManager: Display: Found up-to-date module file ../../../Engine/Plugins/Developer/PerforceSourceControl/Binaries/Win64/UE4Editor-PerforceSourceControl.dll (API version 3944462).
LogModuleManager: Display: Found up-to-date module file ../../../Engine/Plugins/Developer/SubversionSourceControl/Binaries/Win64/UE4Editor-SubversionSourceControl.dll (API version 3944462).
LogModuleManager: Display: Found up-to-date module file ../../../Engine/Plugins/Developer/UObjectPlugin/Binaries/Win64/UE4Editor-UObjectPlugin.dll (API version 3944462).
LogModuleManager: Display: Found up-to-date module file ../../../Engine/Plugins/Developer/VisualStudioCodeSourceCodeAccess/Binaries/Win64/UE4Editor-VisualStudioCodeSourceCodeAccess.dll (API version 3944462).
LogModuleManager: Display: Found up-to-date module file ../../../Engine/Plugins/Developer/VisualStudioSourceCodeAccess/Binaries/Win64/UE4Editor-VisualStudioSourceCodeAccess.dll (API version 3944462).
LogModuleManager: Display: Found up-to-date module file ../../../Engine/Plugins/Editor/AssetManagerEditor/Binaries/Win64/UE4Editor-AssetManagerEditor.dll (API version 3944462).
LogModuleManager: Display: Found up-to-date module file ../../../Engine/Plugins/Editor/CryptoKeys/Binaries/Win64/UE4Editor-CryptoKeys.dll (API version 3944462).
LogModuleManager: Display: Found up-to-date module file ../../../Engine/Plugins/Editor/CryptoKeys/Binaries/Win64/UE4Editor-CryptoKeysOpenSSL.dll (API version 3944462).
LogModuleManager: Display: Found up-to-date module file ../../../Engine/Plugins/Editor/DataValidation/Binaries/Win64/UE4Editor-DataValidation.dll (API version 3944462).
LogModuleManager: Display: Found up-to-date module file ../../../Engine/Plugins/Editor/FacialAnimation/Binaries/Win64/UE4Editor-FacialAnimation.dll (API version 3944462).
LogModuleManager: Display: Found up-to-date module file ../../../Engine/Plugins/Editor/FacialAnimation/Binaries/Win64/UE4Editor-FacialAnimationEditor.dll (API version 3944462).
LogModuleManager: Display: Found up-to-date module file ../../../Engine/Plugins/Editor/GameplayTagsEditor/Binaries/Win64/UE4Editor-GameplayTagsEditor.dll (API version 3944462).
LogModuleManager: Display: Found up-to-date module file ../../../Engine/Plugins/Editor/MobileLauncherProfileWizard/Binaries/Win64/UE4Editor-MobileLauncherProfileWizard.dll (API version 3944462).
LogModuleManager: Display: Found up-to-date module file ../../../Engine/Plugins/Editor/PluginBrowser/Binaries/Win64/UE4Editor-PluginBrowser.dll (API version 3944462).
LogModuleManager: Display: Found up-to-date module file ../../../Engine/Plugins/Editor/SpeedTreeImporter/Binaries/Win64/UE4Editor-SpeedTreeImporter.dll (API version 3944462).
LogModuleManager: Display: Found up-to-date module file ../../../Engine/Plugins/Enterprise/DatasmithContent/Binaries/Win64/UE4Editor-DatasmithContent.dll (API version 3944462).
LogModuleManager: Display: Found up-to-date module file ../../../Engine/Plugins/Experimental/AlembicImporter/Binaries/Win64/UE4Editor-AlembicImporter.dll (API version 3944462).
LogModuleManager: Display: Found up-to-date module file ../../../Engine/Plugins/Experimental/AlembicImporter/Binaries/Win64/UE4Editor-AlembicLibrary.dll (API version 3944462).
LogModuleManager: Display: Found up-to-date module file ../../../Engine/Plugins/Experimental/CharacterAI/Binaries/Win64/UE4Editor-CharacterAI.dll (API version 3944462).
LogModuleManager: Display: Found up-to-date module file ../../../Engine/Plugins/Experimental/HTML5Networking/Binaries/Win64/UE4Editor-HTML5Networking.dll (API version 3944462).
LogModuleManager: Display: Found up-to-date module file ../../../Engine/Plugins/Media/AndroidMedia/Binaries/Win64/UE4Editor-AndroidMediaEditor.dll (API version 3944462).
LogModuleManager: Display: Found up-to-date module file ../../../Engine/Plugins/Media/AndroidMedia/Binaries/Win64/UE4Editor-AndroidMediaFactory.dll (API version 3944462).
LogModuleManager: Display: Found up-to-date module file ../../../Engine/Plugins/Media/AvfMedia/Binaries/Win64/UE4Editor-AvfMediaEditor.dll (API version 3944462).
LogModuleManager: Display: Found up-to-date module file ../../../Engine/Plugins/Media/AvfMedia/Binaries/Win64/UE4Editor-AvfMediaFactory.dll (API version 3944462).
LogModuleManager: Display: Found up-to-date module file ../../../Engine/Plugins/Media/AvfMedia/Binaries/Win64/UE4Editor-AvfMediaFactory.dll (API version 3944462).
LogModuleManager: Display: Found up-to-date module file ../../../Engine/Plugins/Media/ImgMedia/Binaries/Win64/UE4Editor-ImgMedia.dll (API version 3944462).
LogModuleManager: Display: Found up-to-date module file ../../../Engine/Plugins/Media/ImgMedia/Binaries/Win64/UE4Editor-ImgMediaEditor.dll (API version 3944462).
LogModuleManager: Display: Found up-to-date module file ../../../Engine/Plugins/Media/ImgMedia/Binaries/Win64/UE4Editor-ImgMediaFactory.dll (API version 3944462).
LogModuleManager: Display: Found up-to-date module file ../../../Engine/Plugins/Media/ImgMedia/Binaries/Win64/UE4Editor-ImgMediaFactory.dll (API version 3944462).
LogModuleManager: Display: Found up-to-date module file ../../../Engine/Plugins/Media/ImgMedia/Binaries/Win64/UE4Editor-OpenExrWrapper.dll (API version 3944462).
LogModuleManager: Display: Found up-to-date module file ../../../Engine/Plugins/Media/LinearTimecode/Binaries/Win64/UE4Editor-LinearTimecode.dll (API version 3944462).
LogModuleManager: Display: Found up-to-date module file ../../../Engine/Plugins/Media/MediaCompositing/Binaries/Win64/UE4Editor-MediaCompositing.dll (API version 3944462).
LogModuleManager: Display: Found up-to-date module file ../../../Engine/Plugins/Media/MediaCompositing/Binaries/Win64/UE4Editor-MediaCompositingEditor.dll (API version 3944462).
LogModuleManager: Display: Found up-to-date module file ../../../Engine/Plugins/Media/MediaPlayerEditor/Binaries/Win64/UE4Editor-MediaPlayerEditor.dll (API version 3944462).
LogModuleManager: Display: Found up-to-date module file ../../../Engine/Plugins/Media/WmfMedia/Binaries/Win64/UE4Editor-WmfMedia.dll (API version 3944462).
LogModuleManager: Display: Found up-to-date module file ../../../Engine/Plugins/Media/WmfMedia/Binaries/Win64/UE4Editor-WmfMediaEditor.dll (API version 3944462).
LogModuleManager: Display: Found up-to-date module file ../../../Engine/Plugins/Media/WmfMedia/Binaries/Win64/UE4Editor-WmfMediaFactory.dll (API version 3944462).
LogModuleManager: Display: Found up-to-date module file ../../../Engine/Plugins/Media/WmfMedia/Binaries/Win64/UE4Editor-WmfMediaFactory.dll (API version 3944462).
LogModuleManager: Display: Found up-to-date module file ../../../Engine/Plugins/Messaging/TcpMessaging/Binaries/Win64/UE4Editor-TcpMessaging.dll (API version 3944462).
LogModuleManager: Display: Found up-to-date module file ../../../Engine/Plugins/Messaging/UdpMessaging/Binaries/Win64/UE4Editor-UdpMessaging.dll (API version 3944462).
LogModuleManager: Display: Found up-to-date module file ../../../Engine/Plugins/MovieScene/ActorSequence/Binaries/Win64/UE4Editor-ActorSequence.dll (API version 3944462).
LogModuleManager: Display: Found up-to-date module file ../../../Engine/Plugins/MovieScene/LevelSequenceEditor/Binaries/Win64/UE4Editor-LevelSequenceEditor.dll (API version 3944462).
LogModuleManager: Display: Found up-to-date module file ../../../Engine/Plugins/MovieScene/MatineeToLevelSequence/Binaries/Win64/UE4Editor-MatineeToLevelSequence.dll (API version 3944462).
LogModuleManager: Display: Found up-to-date module file ../../../Engine/Plugins/NetcodeUnitTest/NetcodeUnitTest/Binaries/Win64/UE4Editor-NetcodeUnitTest.dll (API version 3944462).
LogModuleManager: Display: Found up-to-date module file ../../../Engine/Plugins/NetcodeUnitTest/NUTUnrealEngine4/Binaries/Win64/UE4Editor-NUTUnrealEngine4.dll (API version 3944462).
LogModuleManager: Display: Found up-to-date module file ../../../Engine/Plugins/Online/OnlineSubsystem/Binaries/Win64/UE4Editor-OnlineSubsystem.dll (API version 3944462).
LogModuleManager: Display: Found up-to-date module file ../../../Engine/Plugins/Runtime/AndroidPermission/Binaries/Win64/UE4Editor-AndroidPermission.dll (API version 3944462).
LogModuleManager: Display: Found up-to-date module file ../../../Engine/Plugins/Online/OnlineSubsystemNull/Binaries/Win64/UE4Editor-OnlineSubsystemNull.dll (API version 3944462).
LogModuleManager: Display: Found up-to-date module file ../../../Engine/Plugins/Online/OnlineSubsystemUtils/Binaries/Win64/UE4Editor-OnlineSubsystemUtils.dll (API version 3944462).
LogModuleManager: Display: Found up-to-date module file ../../../Engine/Plugins/Online/OnlineSubsystemUtils/Binaries/Win64/UE4Editor-OnlineBlueprintSupport.dll (API version 3944462).
LogModuleManager: Display: Found up-to-date module file ../../../Engine/Plugins/Runtime/AndroidDeviceProfileSelector/Binaries/Win64/UE4Editor-AndroidDeviceProfileSelector.dll (API version 3944462).
LogModuleManager: Display: Found up-to-date module file ../../../Engine/Plugins/Runtime/AppleARKit/Binaries/Win64/UE4Editor-AppleARKit.dll (API version 3944462).
LogModuleManager: Display: Found up-to-date module file ../../../Engine/Plugins/Runtime/ProceduralMeshComponent/Binaries/Win64/UE4Editor-ProceduralMeshComponent.dll (API version 3944462).
LogModuleManager: Display: Found up-to-date module file ../../../Engine/Plugins/Runtime/ProceduralMeshComponent/Binaries/Win64/UE4Editor-ProceduralMeshComponentEditor.dll (API version 3944462).
LogModuleManager: Display: Found up-to-date module file ../../../Engine/Plugins/Animation/LiveLink/Binaries/Win64/UE4Editor-LiveLink.dll (API version 3944462).
LogModuleManager: Display: Found up-to-date module file ../../../Engine/Plugins/Animation/LiveLink/Binaries/Win64/UE4Editor-LiveLinkEditor.dll (API version 3944462).
LogModuleManager: Display: Found up-to-date module file ../../../Engine/Plugins/Runtime/ArchVisCharacter/Binaries/Win64/UE4Editor-ArchVisCharacter.dll (API version 3944462).
LogModuleManager: Display: Found up-to-date module file ../../../Engine/Plugins/Runtime/AudioCapture/Binaries/Win64/UE4Editor-AudioCapture.dll (API version 3944462).
LogModuleManager: Display: Found up-to-date module file ../../../Engine/Plugins/Runtime/AudioCapture/Binaries/Win64/UE4Editor-AudioCaptureEditor.dll (API version 3944462).
LogModuleManager: Display: Found up-to-date module file ../../../Engine/Plugins/Runtime/CableComponent/Binaries/Win64/UE4Editor-CableComponent.dll (API version 3944462).
LogModuleManager: Display: Found up-to-date module file ../../../Engine/Plugins/Runtime/CustomMeshComponent/Binaries/Win64/UE4Editor-CustomMeshComponent.dll (API version 3944462).
LogModuleManager: Display: Found up-to-date module file ../../../Engine/Plugins/Runtime/ExampleDeviceProfileSelector/Binaries/Win64/UE4Editor-ExampleDeviceProfileSelector.dll (API version 3944462).
LogModuleManager: Display: Found up-to-date module file ../../../Engine/Plugins/Runtime/ImmediatePhysics/Binaries/Win64/UE4Editor-ImmediatePhysics.dll (API version 3944462).
LogModuleManager: Display: Found up-to-date module file ../../../Engine/Plugins/Runtime/ImmediatePhysics/Binaries/Win64/UE4Editor-ImmediatePhysicsEditor.dll (API version 3944462).
LogModuleManager: Display: Found up-to-date module file ../../../Engine/Plugins/Runtime/LocationServicesBPLibrary/Binaries/Win64/UE4Editor-LocationServicesBPLibrary.dll (API version 3944462).
LogModuleManager: Display: Found up-to-date module file ../../../Engine/Plugins/Runtime/MobilePatchingUtils/Binaries/Win64/UE4Editor-MobilePatchingUtils.dll (API version 3944462).
LogModuleManager: Display: Found up-to-date module file ../../../Engine/Plugins/Runtime/Oculus/OculusVR/Binaries/Win64/UE4Editor-OculusHMD.dll (API version 3944462).
LogModuleManager: Display: Found up-to-date module file ../../../Engine/Plugins/Runtime/Oculus/OculusVR/Binaries/Win64/UE4Editor-OculusInput.dll (API version 3944462).
LogModuleManager: Display: Found up-to-date module file ../../../Engine/Plugins/Runtime/Oculus/OculusVR/Binaries/Win64/UE4Editor-OculusEditor.dll (API version 3944462).
LogModuleManager: Display: Found up-to-date module file ../../../Engine/Plugins/Runtime/PhysXVehicles/Binaries/Win64/UE4Editor-PhysXVehicles.dll (API version 3944462).
LogModuleManager: Display: Found up-to-date module file ../../../Engine/Plugins/Runtime/PhysXVehicles/Binaries/Win64/UE4Editor-PhysXVehiclesEditor.dll (API version 3944462).
LogModuleManager: Display: Found up-to-date module file ../../../Engine/Plugins/Runtime/RuntimePhysXCooking/Binaries/Win64/UE4Editor-RuntimePhysXCooking.dll (API version 3944462).
LogModuleManager: Display: Found up-to-date module file ../../../Engine/Plugins/Runtime/Steam/SteamVR/Binaries/Win64/UE4Editor-SteamVR.dll (API version 3944462).
LogModuleManager: Display: Found up-to-date module file ../../../Engine/Plugins/Runtime/Steam/SteamVR/Binaries/Win64/UE4Editor-SteamVRController.dll (API version 3944462).
LogModuleManager: Display: Found up-to-date module file ../../../Engine/Plugins/Runtime/WindowsMoviePlayer/Binaries/Win64/UE4Editor-WindowsMoviePlayer.dll (API version 3944462).
LogPluginManager: Mounting plugin Paper2D
LogPluginManager: Mounting plugin LiveLink
LogPluginManager: Mounting plugin LightPropagationVolume
LogPluginManager: Mounting plugin CLionSourceCodeAccess
LogPluginManager: Mounting plugin CodeLiteSourceCodeAccess
LogPluginManager: Mounting plugin GitSourceControl
LogPluginManager: Mounting plugin KDevelopSourceCodeAccess
LogPluginManager: Mounting plugin NullSourceCodeAccess
LogPluginManager: Mounting plugin PerforceSourceControl
LogPluginManager: Mounting plugin SubversionSourceControl
LogPluginManager: Mounting plugin UObjectPlugin
LogPluginManager: Mounting plugin VisualStudioCodeSourceCodeAccess
LogPluginManager: Mounting plugin VisualStudioSourceCodeAccess
LogPluginManager: Mounting plugin XCodeSourceCodeAccess
LogPluginManager: Mounting plugin AssetManagerEditor
LogPluginManager: Mounting plugin CryptoKeys
LogPluginManager: Mounting plugin DataValidation
LogPluginManager: Mounting plugin FacialAnimation
LogPluginManager: Mounting plugin GameplayTagsEditor
LogPluginManager: Mounting plugin MobileLauncherProfileWizard
LogPluginManager: Mounting plugin PluginBrowser
LogPluginManager: Mounting plugin SpeedTreeImporter
LogPluginManager: Mounting plugin DatasmithContent
LogPluginManager: Mounting plugin AlembicImporter
LogPluginManager: Mounting plugin CharacterAI
LogPluginManager: Mounting plugin HTML5Networking
LogPluginManager: Mounting plugin AndroidMedia
LogPluginManager: Mounting plugin AvfMedia
LogPluginManager: Mounting plugin ImgMedia
LogPluginManager: Mounting plugin LinearTimecode
LogPluginManager: Mounting plugin MediaCompositing
LogPluginManager: Mounting plugin MediaPlayerEditor
LogPluginManager: Mounting plugin WmfMedia
LogPluginManager: Mounting plugin TcpMessaging
LogPluginManager: Mounting plugin UdpMessaging
LogPluginManager: Mounting plugin ActorSequence
LogPluginManager: Mounting plugin LevelSequenceEditor
LogPluginManager: Mounting plugin MatineeToLevelSequence
LogPluginManager: Mounting plugin NetcodeUnitTest
LogPluginManager: Mounting plugin NUTUnrealEngine4
LogPluginManager: Mounting plugin OnlineSubsystemGooglePlay
LogPluginManager: Mounting plugin OnlineSubsystemIOS
LogPluginManager: Mounting plugin OnlineSubsystem
LogPluginManager: Mounting plugin OnlineSubsystemNull
LogPluginManager: Mounting plugin OnlineSubsystemUtils
LogPluginManager: Mounting plugin AndroidDeviceProfileSelector
LogPluginManager: Mounting plugin AndroidMoviePlayer
LogPluginManager: Mounting plugin AndroidPermission
LogPluginManager: Mounting plugin AppleARKit
LogPluginManager: Mounting plugin AppleMoviePlayer
LogPluginManager: Mounting plugin ArchVisCharacter
LogPluginManager: Mounting plugin AudioCapture
LogPluginManager: Mounting plugin CableComponent
LogPluginManager: Mounting plugin CustomMeshComponent
LogPluginManager: Mounting plugin ExampleDeviceProfileSelector
LogPluginManager: Mounting plugin GoogleCloudMessaging
LogPluginManager: Mounting plugin ImmediatePhysics
LogPluginManager: Mounting plugin IOSDeviceProfileSelector
LogPluginManager: Mounting plugin LinuxDeviceProfileSelector
LogPluginManager: Mounting plugin LocationServicesBPLibrary
LogPluginManager: Mounting plugin MobilePatchingUtils
LogPluginManager: Mounting plugin OculusVR
LogPluginManager: Plugin shader directory ../../../Engine/Plugins/Runtime/Oculus/OculusVR/Shaders found
LogPluginManager: Mapping shader source directory ../../../Engine/Plugins/Runtime/Oculus/OculusVR/Shaders to virtual directory /Plugin/OculusVR
LogPluginManager: Mounting plugin PhysXVehicles
LogPluginManager: Mounting plugin ProceduralMeshComponent
LogPluginManager: Mounting plugin RuntimePhysXCooking
LogPluginManager: Mounting plugin SteamVR
LogPluginManager: Mounting plugin WindowsMoviePlayer
LogStreaming: Display: Took  1.122s to configure plugins.
LogInit: Using libcurl 7.47.1
LogInit:  - built for x86_64-pc-win32
LogInit:  - supports SSL with OpenSSL/1.0.2g
LogInit:  - supports HTTP deflate (compression) using libz 1.2.8
LogInit:  - other features:
LogInit:      CURL_VERSION_SSL
LogInit:      CURL_VERSION_LIBZ
LogInit:      CURL_VERSION_IPV6
LogInit:      CURL_VERSION_ASYNCHDNS
LogInit:      CURL_VERSION_LARGEFILE
LogInit:      CURL_VERSION_IDN
LogInit:  CurlRequestOptions (configurable via config and command line):
LogInit:  - bVerifyPeer = false  - Libcurl will NOT verify peer certificate
LogInit:  - bUseHttpProxy = false  - Libcurl will NOT use HTTP proxy
LogInit:  - bDontReuseConnections = false  - Libcurl will reuse connections
LogInit:  - CertBundlePath = nullptr  - Libcurl will use whatever was configured at build time.
LogInit:  - MaxHostConnections = 16  - Libcurl will limit the number of connections to a host
LogInit:  - LocalHostAddr = Default
LogInit: WinSock: version 1.1 (2.2), MaxSocks=32767, MaxUdp=65467
LogInit: WinSock: I am gamer11 (192.168.56.1:0)
LogInit: Build: ++UE4+Release-4.19-CL-4033788
LogInit: Engine Version: 4.19.2-4033788+++UE4+Release-4.19
LogInit: Compatible Engine Version: 4.19.0-3944462+++UE4+Release-4.19
LogInit: Net CL: 3944462
LogDevObjectVersion: Number of dev versions registered: 18
LogDevObjectVersion:   Dev-Blueprints (B0D832E4-1F89-4F0D-ACCF-7EB736FD4AA2): 10
LogDevObjectVersion:   Dev-Build (E1C64328-A22C-4D53-A36C-8E866417BD8C): 0
LogDevObjectVersion:   Dev-Core (375EC13C-06E4-48FB-B500-84F0262A717E): 2
LogDevObjectVersion:   Dev-Editor (E4B068ED-F494-42E9-A231-DA0B2E46BB41): 23
LogDevObjectVersion:   Dev-Framework (CFFC743F-43B0-4480-9391-14DF171D2073): 33
LogDevObjectVersion:   Dev-Mobile (B02B49B5-BB20-44E9-A304-32B752E40360): 2
LogDevObjectVersion:   Dev-Networking (A4E4105C-59A1-49B5-A7C5-40C4547EDFEE): 0
LogDevObjectVersion:   Dev-Online (39C831C9-5AE6-47DC-9A44-9C173E1C8E7C): 0
LogDevObjectVersion:   Dev-Physics (78F01B33-EBEA-4F98-B9B4-84EACCB95AA2): 0
LogDevObjectVersion:   Dev-Platform (6631380F-2D4D-43E0-8009-CF276956A95A): 0
LogDevObjectVersion:   Dev-Rendering (12F88B9F-8875-4AFC-A67C-D90C383ABD29): 25
LogDevObjectVersion:   Dev-Sequencer (7B5AE74C-D270-4C10-A958-57980B212A5A): 6
LogDevObjectVersion:   Dev-VR (D7296918-1DD6-4BDD-9DE2-64A83CC13884): 1
LogDevObjectVersion:   Dev-LoadTimes (C2A15278-BFE7-4AFE-6C17-90FF531DF755): 1
LogDevObjectVersion:   Private-Geometry (6EACA3D4-40EC-4CC1-B786-8BED09428FC5): 2
LogDevObjectVersion:   Dev-AnimPhys (29E575DD-E0A3-4627-9D10-D276232CDCEA): 16
LogDevObjectVersion:   Dev-ReflectionCapture (6B266CEC-1EC7-4B8F-A30B-E4D90942FC07): 1
LogDevObjectVersion:   Dev-Automation (0DF73D61-A23F-47EA-B727-89E90C41499A): 1
LogInit: Compiled (64-bit): Apr 27 2018 02:06:57
LogInit: Compiled with Visual C++: 19.00.24215.01
LogInit: Build Configuration: Development
LogInit: Branch Name: ++UE4+Release-4.19
LogInit: Command Line:  
LogInit: Base Directory: D:/Program Files/Epic Games/UE_4.19/Engine/Binaries/Win64/
LogInit: Installed Engine Build: 1
LogStreaming: Display: Took  0.021s to delete old logs.
LogInit: Presizing for max 8388607 objects, including 0 objects not considered by GC, pre-allocating 0 bytes for permanent pool.
LogInit: Object subsystem initialized
[2018.06.07-16.54.28:133][  0]LogInit: Selected Device Profile: [Windows]
[2018.06.07-16.54.28:133][  0]LogInit: Applying CVar settings loaded from the selected device profile: [Windows]
[2018.06.07-16.54.28:148][  0]LogInit: Computer: GAMER11
[2018.06.07-16.54.28:148][  0]LogInit: User: gamer
[2018.06.07-16.54.28:148][  0]LogInit: CPU Page size=4096, Cores=4
[2018.06.07-16.54.28:148][  0]LogInit: High frequency timer resolution =3.410070 MHz
[2018.06.07-16.54.28:148][  0]LogMemory: Memory total: Physical=15.8GB (16GB approx)
[2018.06.07-16.54.28:148][  0]LogMemory: Platform Memory Stats for Windows
[2018.06.07-16.54.28:148][  0]LogMemory: Process Physical Memory: 274.62 MB used, 274.62 MB peak
[2018.06.07-16.54.28:148][  0]LogMemory: Process Virtual Memory: 264.85 MB used, 264.85 MB peak
[2018.06.07-16.54.28:148][  0]LogMemory: Physical Memory: 5342.82 MB used,  10793.95 MB free, 16136.77 MB total
[2018.06.07-16.54.28:148][  0]LogMemory: Virtual Memory: 694.12 MB used,  10793.95 MB free, 134217728.00 MB total
[2018.06.07-16.54.28:165][  0]LogInit: Using OS detected language (en-US).
[2018.06.07-16.54.28:165][  0]LogInit: Using OS detected locale (he-IL).
[2018.06.07-16.54.28:171][  0]LogTextLocalizationManager: No specific localization for 'en-US' exists, so the 'en' localization will be used.
[2018.06.07-16.54.28:594][  0]LogStreaming: Display: Took  0.429s to EndInitTextLocalization.
[2018.06.07-16.54.28:595][  0]LogInit: Setting process to per monitor DPI aware
[2018.06.07-16.54.28:616][  0]LogSlate: New Slate User Created.  User Index 0, Is Virtual User: 0
[2018.06.07-16.54.28:616][  0]LogSlate: Slate User Registered.  User Index 0, Is Virtual User: 0
[2018.06.07-16.54.28:938][  0]LogD3D11RHI: D3D11 adapters:
[2018.06.07-16.54.28:978][  0]LogD3D11RHI:    0. 'NVIDIA Quadro K2200' (Feature Level 11_0)
[2018.06.07-16.54.28:978][  0]LogD3D11RHI:       4062/0/8068 MB DedicatedVideo/DedicatedSystem/SharedSystem, Outputs:1, VendorId:0x10de
[2018.06.07-16.54.28:981][  0]LogD3D11RHI:    1. 'Microsoft Basic Render Driver' (Feature Level 11_0)
[2018.06.07-16.54.28:981][  0]LogD3D11RHI:       0/0/8068 MB DedicatedVideo/DedicatedSystem/SharedSystem, Outputs:0, VendorId:0x1414
[2018.06.07-16.54.28:981][  0]LogD3D11RHI: Chosen D3D11 Adapter: 0
[2018.06.07-16.54.28:987][  0]LogD3D11RHI: Creating new Direct3DDevice
[2018.06.07-16.54.28:987][  0]LogD3D11RHI:     GPU DeviceId: 0x13ba (for the marketing name, search the web for "GPU Device Id")
[2018.06.07-16.54.28:987][  0]LogWindows: EnumDisplayDevices:
[2018.06.07-16.54.28:987][  0]LogWindows:    0. 'NVIDIA Quadro K2200' (P:1 D:1)
[2018.06.07-16.54.28:988][  0]LogWindows:    1. 'NVIDIA Quadro K2200' (P:0 D:0)
[2018.06.07-16.54.28:988][  0]LogWindows:    2. 'NVIDIA Quadro K2200' (P:0 D:0)
[2018.06.07-16.54.28:988][  0]LogWindows:    3. 'NVIDIA Quadro K2200' (P:0 D:0)
[2018.06.07-16.54.28:988][  0]LogWindows: DebugString: GetVideoDriverDetailsInvalid PrimaryIsNotTheChoosenAdapter GetVideoDriverDetailsInvalid PrimaryIsNotTheChoosenAdapter GetVideoDriverDetailsInvalid PrimaryIsNotTheChoosenAdapter GetVideoDriverDetailsInvalid PrimaryIsNotTheChoosenAdapter FoundDriverCount:0 
[2018.06.07-16.54.28:988][  0]LogD3D11RHI:     Adapter Name: NVIDIA Quadro K2200
[2018.06.07-16.54.28:988][  0]LogD3D11RHI:   Driver Version: Unknown (internal:Unknown, unified:Unknown)
[2018.06.07-16.54.28:988][  0]LogD3D11RHI:      Driver Date: Unknown
[2018.06.07-16.54.28:988][  0]LogRHI: Texture pool is 2843 MB (70% of 4062 MB)
[2018.06.07-16.54.29:016][  0]LogD3D11RHI: [Aftermath] Aftermath enabled but failed to initialize
[2018.06.07-16.54.29:016][  0]LogD3D11RHI: [Aftermath] Aftermath enabled and primed
[2018.06.07-16.54.29:016][  0]LogD3D11RHI: Async texture creation enabled
[2018.06.07-16.54.29:028][  0]LogD3D11RHI: GPU Timing Frequency: 1000.000000 (Debug: 2 1)
[2018.06.07-16.54.29:029][  0]LogD3D11RHI: HDR output is supported on display 0 (NvId: 0x80061083).
[2018.06.07-16.54.29:029][  0]LogShaderCompilers: Guid format shader working directory is 39 characters bigger than the processId version (F:/Ursa/Intermediate/Shaders/WorkingDirectory/8640/).
[2018.06.07-16.54.29:029][  0]LogShaderCompilers: Cleaned the shader compiler working directory 'C:/Users/gamer/AppData/Local/Temp/UnrealShaderWorkingDir/FFB642F041AC8C373EF5139973E9A482/'.
[2018.06.07-16.54.29:254][  0]LogTemp: Display: Loaded TP AllDesktopTargetPlatform
[2018.06.07-16.54.29:266][  0]LogTemp: Display: Loaded TP MacClientTargetPlatform
[2018.06.07-16.54.29:279][  0]LogTemp: Display: Loaded TP MacNoEditorTargetPlatform
[2018.06.07-16.54.29:292][  0]LogTemp: Display: Loaded TP MacServerTargetPlatform
[2018.06.07-16.54.29:306][  0]LogTemp: Display: Loaded TP MacTargetPlatform
[2018.06.07-16.54.29:318][  0]LogTemp: Display: Loaded TP WindowsClientTargetPlatform
[2018.06.07-16.54.29:331][  0]LogTemp: Display: Loaded TP WindowsNoEditorTargetPlatform
[2018.06.07-16.54.29:344][  0]LogTemp: Display: Loaded TP WindowsServerTargetPlatform
[2018.06.07-16.54.29:349][  0]LogTemp: Display: Loaded TP WindowsTargetPlatform
[2018.06.07-16.54.29:361][  0]LogTemp: Display: Loaded TP Android_ASTCTargetPlatform
[2018.06.07-16.54.29:373][  0]LogTemp: Display: Loaded TP Android_ATCTargetPlatform
[2018.06.07-16.54.29:385][  0]LogTemp: Display: Loaded TP Android_DXTTargetPlatform
[2018.06.07-16.54.29:397][  0]LogTemp: Display: Loaded TP Android_ETC1aTargetPlatform
[2018.06.07-16.54.29:409][  0]LogTemp: Display: Loaded TP Android_ETC1TargetPlatform
[2018.06.07-16.54.29:421][  0]LogTemp: Display: Loaded TP Android_ETC2TargetPlatform
[2018.06.07-16.54.29:445][  0]LogTemp: Display: Loaded TP Android_MultiTargetPlatform
[2018.06.07-16.54.29:445][  0]LogTemp: Display: Loaded TP Android_PVRTCTargetPlatform
[2018.06.07-16.54.29:457][  0]LogTemp: Display: Loaded TP AndroidTargetPlatform
[2018.06.07-16.54.29:459][  0]LogTemp: Display: Loaded TP HTML5TargetPlatform
[2018.06.07-16.54.29:496][  0]LogTemp: Display: Loaded TP IOSTargetPlatform
[2018.06.07-16.54.29:508][  0]LogTemp: Display: Loaded TP TVOSTargetPlatform
[2018.06.07-16.54.29:519][  0]LogTemp: Display: Loaded TP LinuxClientTargetPlatform
[2018.06.07-16.54.29:532][  0]LogTemp: Display: Loaded TP LinuxNoEditorTargetPlatform
[2018.06.07-16.54.29:544][  0]LogTemp: Display: Loaded TP LinuxServerTargetPlatform
[2018.06.07-16.54.29:557][  0]LogTemp: Display: Loaded TP LinuxTargetPlatform
[2018.06.07-16.54.29:557][  0]LogTargetPlatformManager: Display: Building Assets For Windows
[2018.06.07-16.54.29:653][  0]LogXGEController: Cannot use XGE Controller as Incredibuild is not installed on this machine.
[2018.06.07-16.54.29:653][  0]LogShaderCompilers: Cannot use XGE Shader Compiler as Incredibuild is not installed on this machine.
[2018.06.07-16.54.29:653][  0]LogShaderCompilers: Display: Using Local Shader Compiler.
[2018.06.07-16.54.30:307][  0]LogDerivedDataCache: Display: Max Cache Size: 512 MB
[2018.06.07-16.54.30:375][  0]LogDerivedDataCache: Loaded boot cache 0.07s 74MB C:/Users/gamer/AppData/Local/UnrealEngine/4.19/DerivedDataCache/Boot.ddc.
[2018.06.07-16.54.30:375][  0]LogDerivedDataCache: Display: Loaded Boot cache: C:/Users/gamer/AppData/Local/UnrealEngine/4.19/DerivedDataCache/Boot.ddc
[2018.06.07-16.54.30:375][  0]LogDerivedDataCache: FDerivedDataBackendGraph:  Pak pak cache file F:/Ursa/DerivedDataCache/DDC.ddp not found, will not use a pak cache.
[2018.06.07-16.54.30:375][  0]LogDerivedDataCache: Unable to find inner node Pak for hierarchical cache Hierarchy.
[2018.06.07-16.54.30:375][  0]LogDerivedDataCache: FDerivedDataBackendGraph:  CompressedPak pak cache file F:/Ursa/DerivedDataCache/Compressed.ddp not found, will not use a pak cache.
[2018.06.07-16.54.30:375][  0]LogDerivedDataCache: Unable to find inner node CompressedPak for hierarchical cache Hierarchy.
[2018.06.07-16.54.30:390][  0]LogDerivedDataCache: Display: Pak cache opened for reading ../../../Engine/DerivedDataCache/Compressed.ddp.
[2018.06.07-16.54.30:403][  0]LogDerivedDataCache: Using Local data cache path C:/Users/gamer/AppData/Local/UnrealEngine/Common/DerivedDataCache: Writable
[2018.06.07-16.54.30:403][  0]LogDerivedDataCache: Shared data cache path not found in *engine.ini, will not use an Shared cache.
[2018.06.07-16.54.30:403][  0]LogDerivedDataCache: Unable to find inner node Shared for hierarchical cache Hierarchy.
[2018.06.07-16.54.30:413][  0]LogMaterial: Verifying Global Shaders for PCD3D_SM5
[2018.06.07-16.54.30:414][  0]LogSlate: Using Freetype 2.6.0
[2018.06.07-16.54.30:415][  0]LogSlate: SlateFontCache - WITH_FREETYPE: 1, WITH_HARFBUZZ: 1
[2018.06.07-16.54.30:415][  0]LogSlate: SlateFontCache - WITH_FREETYPE: 1, WITH_HARFBUZZ: 1
[2018.06.07-16.54.30:592][  0]LogAssetRegistry: FAssetRegistry took 0.0252 seconds to start up
[2018.06.07-16.54.30:875][  0]LogInit: Selected Device Profile: [Windows]
[2018.06.07-16.54.31:012][  0]LogSimplygon: Simplygon DLL not present - disabling.
[2018.06.07-16.54.31:014][  0]LogMeshReduction: Using SimplygonSwarm for distributed automatic mesh merging
[2018.06.07-16.54.31:014][  0]LogMeshReduction: Using QuadricMeshReduction for automatic static mesh reduction
[2018.06.07-16.54.31:014][  0]LogMeshReduction: No automatic skeletal mesh reduction module available
[2018.06.07-16.54.31:014][  0]LogMeshReduction: No automatic mesh merging module available
[2018.06.07-16.54.31:014][  0]LogMeshMerging: No automatic mesh merging module available
[2018.06.07-16.54.31:043][  0]LogNetVersion: Ursa , NetCL: 3944462, EngineNetVer: 2, GameNetVer: 0 (Checksum: 3086478172)
[2018.06.07-16.54.32:230][  0]LogPackageLocalizationCache: Processed 9 localized package path(s) for 2 prioritized culture(s) in 0.825188 seconds
[2018.06.07-16.54.32:237][  0]LogUObjectArray: 36728 objects as part of root set at end of initial load.
[2018.06.07-16.54.32:237][  0]LogUObjectAllocator: 7314312 out of 0 bytes used by permanent object pool.
[2018.06.07-16.54.32:238][  0]LogUObjectArray: CloseDisregardForGC: 0/0 objects in disregard for GC pool
[2018.06.07-16.54.34:028][  0]LogTcpMessaging: Initializing TcpMessaging bridge
[2018.06.07-16.54.34:057][  0]LogUdpMessaging: Initializing bridge on interface 0.0.0.0:0 to multicast group 230.0.0.1:6666.
[2018.06.07-16.54.34:386][  0]SourceControl: Source control is disabled
[2018.06.07-16.54.34:386][  0]SourceControl: Source control is disabled
[2018.06.07-16.54.34:402][  0]SourceControl: Source control is disabled
[2018.06.07-16.54.34:418][  0]SourceControl: Source control is disabled
[2018.06.07-16.54.34:882][  0]LogAndroidPermission: UAndroidPermissionCallbackProxy::GetInstance
[2018.06.07-16.54.35:009][  0]LogOcInput: OculusInput pre-init called
[2018.06.07-16.54.35:109][  0]LogEngine: Initializing Engine...
[2018.06.07-16.54.35:110][  0]LogHMD: Failed to initialize OpenVR with code 110
[2018.06.07-16.54.35:112][  0]LogStats: UGameplayTagsManager::ConstructGameplayTagTree: Construct from data asset -  0.000 s
[2018.06.07-16.54.35:112][  0]LogStats: UGameplayTagsManager::ConstructGameplayTagTree: GameplayTagTreeChangedEvent.Broadcast -  0.000 s
[2018.06.07-16.54.35:318][  0]LogAIModule: Creating AISystem for world Untitled
[2018.06.07-16.54.35:333][  0]LogInit: XAudio2 using 'Speakers (Realtek High Definition Audio)' : 2 channels at 48 kHz using 32 bits per sample (channel mask 0x3)
[2018.06.07-16.54.35:347][  0]LogInit: FAudioDevice initialized.
[2018.06.07-16.54.35:433][  0]LogDerivedDataCache: Saved boot cache 0.09s 74MB C:/Users/gamer/AppData/Local/UnrealEngine/4.19/DerivedDataCache/Boot.ddc.
[2018.06.07-16.54.35:444][  0]LogInit: Texture streaming: Enabled
[2018.06.07-16.54.35:458][  0]LogEngineSessionManager: EngineSessionManager initialized
[2018.06.07-16.54.35:458][  0]LogEngineSessionManager: EngineSessionManager sent abnormal shutdown report. Type=AbnormalShutdown, SessionId={ED8EF8DE-4A7E-21CD-031D-DBB61D271FAA}
[2018.06.07-16.54.35:469][  0]LogInit: Transaction tracking system initialized
[2018.06.07-16.54.35:486][  0]BlueprintLog: New page: Editor Load
[2018.06.07-16.54.35:549][  0]LocalizationService: Localization service is disabled
[2018.06.07-16.54.35:638][  0]LogConsoleResponse: Display: 
[2018.06.07-16.54.35:779][  0]LogCook: Display: Max memory allowance for cook 16384mb min free memory 0mb
[2018.06.07-16.54.35:779][  0]LogCook: Display: Mobile HDR setting 1
[2018.06.07-16.54.35:779][  0]LogGameplayTags: Display: UGameplayTagsManager::DoneAddingNativeTags. DelegateIsBound: 0
[2018.06.07-16.54.35:779][  0]LogStats: UGameplayTagsManager::ConstructGameplayTagTree: Construct from data asset -  0.000 s
[2018.06.07-16.54.35:780][  0]LogStats: UGameplayTagsManager::ConstructGameplayTagTree: GameplayTagTreeChangedEvent.Broadcast -  0.000 s
[2018.06.07-16.54.35:926][  0]LogFileCache: Scanning file cache for directory 'F:/Ursa/Content/' took 0.02s
[2018.06.07-16.54.36:111][  0]SourceControl: Source control is disabled
[2018.06.07-16.54.36:194][  0]LogWindowsTextInputMethodSystem: Display: IME system now deactivated.
[2018.06.07-16.54.36:234][  0]LogSlate: Took 0.000942 seconds to synchronously load lazily loaded font '../../../Engine/Content/Slate/Fonts/Roboto-Regular.ttf' (155K)
[2018.06.07-16.56.10:802][  0]LogSlate: Window 'Restore Packages' being destroyed
[2018.06.07-16.56.10:803][  0]LogWindowsTextInputMethodSystem: Display: IME system now deactivated.
[2018.06.07-16.56.10:804][  0]LogWindowsTextInputMethodSystem: Display: IME system now deactivated.
[2018.06.07-16.56.12:451][  0]LogSlate: Window 'Unable to Check Out From Source Control!' being destroyed
[2018.06.07-16.56.12:451][  0]LogWindowsTextInputMethodSystem: Display: IME system now deactivated.
[2018.06.07-16.56.12:452][  0]LogWindowsTextInputMethodSystem: Display: IME system now deactivated.
[2018.06.07-16.56.12:883][  0]Cmd: MAP LOAD FILE="F:/Ursa/Content/AdvancedTurnBasedTileToolkit/Maps/Example.umap" TEMPLATE=0 SHOWPROGRESS=1 FEATURELEVEL=3
[2018.06.07-16.56.12:936][  0]LightingResults: New page: Lighting Build
[2018.06.07-16.56.12:938][  0]MapCheck: New page: Map Check
[2018.06.07-16.56.12:938][  0]LightingResults: New page: Lighting Build
[2018.06.07-16.56.13:331][  0]LogUObjectGlobals: Created PersistentFrame Addr=0x0000015e4788d0c0, Size=2976, Default__BP_Unit_C Function /Game/AdvancedTurnBasedTileToolkit/Core/Units/BP_Unit.BP_Unit_C:ExecuteUbergraph_BP_Unit
[2018.06.07-16.56.13:382][  0]LogUObjectGlobals: Created PersistentFrame Addr=0x0000015e38cfa0c0, Size=288, Default__BP_ActionManager_C Function /Game/AdvancedTurnBasedTileToolkit/Core/BP_ActionManager.BP_ActionManager_C:ExecuteUbergraph_BP_ActionManager
[2018.06.07-16.56.13:466][  0]LogUObjectGlobals: Created PersistentFrame Addr=0x0000015e3dcb7040, Size=3240, Default__BP_Ability_C Function /Game/AdvancedTurnBasedTileToolkit/Core/Abilities/BP_Ability.BP_Ability_C:ExecuteUbergraph_BP_Ability
[2018.06.07-16.56.13:660][  0]LogUObjectGlobals: Created PersistentFrame Addr=0x0000015e650f3d80, Size=624, Default__BP_AbilitySystem_C Function /Game/AdvancedTurnBasedTileToolkit/Core/Units/BP_AbilitySystem.BP_AbilitySystem_C:ExecuteUbergraph_BP_AbilitySystem
[2018.06.07-16.56.13:662][  0]LogUObjectGlobals: Created PersistentFrame Addr=0x0000015e65108100, Size=1688, Default__BP_StatusEffect_C Function /Game/AdvancedTurnBasedTileToolkit/Core/Abilities/BP_StatusEffect.BP_StatusEffect_C:ExecuteUbergraph_BP_StatusEffect
[2018.06.07-16.56.13:681][  0]LogUObjectGlobals: Created PersistentFrame Addr=0x0000015e551f4100, Size=4680, Default__BP_TurnManager_C Function /Game/AdvancedTurnBasedTileToolkit/Core/BP_TurnManager.BP_TurnManager_C:ExecuteUbergraph_BP_TurnManager
[2018.06.07-16.56.13:804][  0]LogUObjectGlobals: Created PersistentFrame Addr=0x0000015e65071360, Size=208, Default__BP_ATBTT_State_C Function /Game/AdvancedTurnBasedTileToolkit/Core/BP_ATBTT_State.BP_ATBTT_State_C:ExecuteUbergraph_BP_ATBTT_State
[2018.06.07-16.56.13:816][  0]LogUObjectGlobals: Created PersistentFrame Addr=0x0000015e65037580, Size=2328, Default__BP_GridCamera_C Function /Game/AdvancedTurnBasedTileToolkit/Core/BP_GridCamera.BP_GridCamera_C:ExecuteUbergraph_BP_GridCamera
[2018.06.07-16.56.14:789][  0]LogUObjectGlobals: Created PersistentFrame Addr=0x0000015e64e7b400, Size=1008, Default__BP_GridManager_C Function /Game/AdvancedTurnBasedTileToolkit/Core/Grid/BP_GridManager.BP_GridManager_C:ExecuteUbergraph_BP_GridManager
[2018.06.07-16.56.15:134][  0]LogUObjectGlobals: Created PersistentFrame Addr=0x0000015e66a18100, Size=2408, Default__BP_PlayerController_ATBTT_C Function /Game/AdvancedTurnBasedTileToolkit/Core/BP_PlayerController_ATBTT.BP_PlayerController_ATBTT_C:ExecuteUbergraph_BP_PlayerController_ATBTT
[2018.06.07-16.56.15:135][  0]LogUObjectGlobals: Created PersistentFrame Addr=0x0000015e66ae4850, Size=24, Default__BP_HUD_ATBTT_C Function /Game/AdvancedTurnBasedTileToolkit/Core/UI/BP_HUD_ATBTT.BP_HUD_ATBTT_C:ExecuteUbergraph_BP_HUD_ATBTT
[2018.06.07-16.56.15:137][  0]LogUObjectGlobals: Created PersistentFrame Addr=0x0000015e669ff970, Size=112, Default__WBP_ATBTT_C Function /Game/AdvancedTurnBasedTileToolkit/Core/UI/WBP_ATBTT.WBP_ATBTT_C:ExecuteUbergraph_WBP_ATBTT
[2018.06.07-16.56.15:197][  0]LogUObjectGlobals: Created PersistentFrame Addr=0x0000015e66992700, Size=544, Default__WBP_AbilityBox_C Function /Game/AdvancedTurnBasedTileToolkit/Core/UI/WBP_AbilityBox.WBP_AbilityBox_C:ExecuteUbergraph_WBP_AbilityBox
[2018.06.07-16.56.15:198][  0]LogUObjectGlobals: Created PersistentFrame Addr=0x0000015e6695f900, Size=1456, Default__WBP_Ability_C Function /Game/AdvancedTurnBasedTileToolkit/Core/UI/WBP_Ability.WBP_Ability_C:ExecuteUbergraph_WBP_Ability
[2018.06.07-16.56.15:311][  0]LogUObjectGlobals: Created PersistentFrame Addr=0x0000015e66a829c0, Size=32, Default__BP_CoverSystem_C Function /Game/AdvancedTurnBasedTileToolkit/Core/Grid/BP_CoverSystem.BP_CoverSystem_C:ExecuteUbergraph_BP_CoverSystem
[2018.06.07-16.56.15:395][  0]LogUObjectGlobals: Created PersistentFrame Addr=0x0000015e6684f6a0, Size=80, Default__BP_StatusEffect_Woke_C Function /Game/AdvancedTurnBasedTileToolkit/Core/Abilities/BP_StatusEffect_Woke.BP_StatusEffect_Woke_C:ExecuteUbergraph_BP_StatusEffect_Woke
[2018.06.07-16.56.15:395][  0]LogUObjectGlobals: Created PersistentFrame Addr=0x0000015e66910f00, Size=1688, Default__BP_StatusEffect_Woke_C Function /Game/AdvancedTurnBasedTileToolkit/Core/Abilities/BP_StatusEffect.BP_StatusEffect_C:ExecuteUbergraph_BP_StatusEffect
[2018.06.07-16.56.15:398][  0]LogUObjectGlobals: Created PersistentFrame Addr=0x0000015e6684f150, Size=80, Default__BP_StatusEffect_Woke_C Function /Game/AdvancedTurnBasedTileToolkit/Core/Abilities/BP_StatusEffect_Woke.BP_StatusEffect_Woke_C:ExecuteUbergraph_BP_StatusEffect_Woke
[2018.06.07-16.56.15:399][  0]LogUObjectGlobals: Created PersistentFrame Addr=0x0000015e66910100, Size=1688, Default__BP_StatusEffect_Woke_C Function /Game/AdvancedTurnBasedTileToolkit/Core/Abilities/BP_StatusEffect.BP_StatusEffect_C:ExecuteUbergraph_BP_StatusEffect
[2018.06.07-16.56.15:415][  0]LogUObjectGlobals: Created PersistentFrame Addr=0x0000015e66847a00, Size=168, Default__BP_StealthSystem_C Function /Game/AdvancedTurnBasedTileToolkit/Core/Grid/BP_StealthSystem.BP_StealthSystem_C:ExecuteUbergraph_BP_StealthSystem
[2018.06.07-16.56.15:417][  0]LogUObjectGlobals: Created PersistentFrame Addr=0x0000015e66505600, Size=384, Default__BP_UnitStealthComponent_C Function /Game/AdvancedTurnBasedTileToolkit/Core/Units/BP_UnitStealthComponent.BP_UnitStealthComponent_C:ExecuteUbergraph_BP_UnitStealthComponent
[2018.06.07-16.56.15:459][  0]LogUObjectGlobals: Created PersistentFrame Addr=0x0000015e66a79020, Size=4, Default__WBP_EdgeScrolling_C Function /Game/AdvancedTurnBasedTileToolkit/Core/UI/WBP_EdgeScrolling.WBP_EdgeScrolling_C:ExecuteUbergraph_WBP_EdgeScrolling
[2018.06.07-16.56.15:478][  0]LogUObjectGlobals: Created PersistentFrame Addr=0x0000015e6647e5c0, Size=192, Default__WBP_Initiative_Bar_C Function /Game/AdvancedTurnBasedTileToolkit/Core/UI/WBP_Initiative_Bar.WBP_Initiative_Bar_C:ExecuteUbergraph_WBP_Initiative_Bar
[2018.06.07-16.56.15:480][  0]LogUObjectGlobals: Created PersistentFrame Addr=0x0000015e6641d600, Size=1688, Default__WBP_Initiative_Icon_C Function /Game/AdvancedTurnBasedTileToolkit/Core/UI/WBP_Initiative_Icon.WBP_Initiative_Icon_C:ExecuteUbergraph_WBP_Initiative_Icon
[2018.06.07-16.56.15:534][  0]LogUObjectGlobals: Created PersistentFrame Addr=0x0000015e663f0e00, Size=136, Default__BP_GA_Platform_C Function /Game/AdvancedTurnBasedTileToolkit/Core/Tiles/BP_GA_Platform.BP_GA_Platform_C:ExecuteUbergraph_BP_GA_Platform
[2018.06.07-16.56.17:622][  0]LogUObjectGlobals: Created PersistentFrame Addr=0x0000015e66140100, Size=3696, Default__BP_Ability_MoveAttack_C Function /Game/AdvancedTurnBasedTileToolkit/Core/Abilities/BP_Ability_MoveAttack.BP_Ability_MoveAttack_C:ExecuteUbergraph_BP_Ability_MoveAttack
[2018.06.07-16.56.17:623][  0]LogUObjectGlobals: Created PersistentFrame Addr=0x0000015e65b28100, Size=3240, Default__BP_Ability_MoveAttack_C Function /Game/AdvancedTurnBasedTileToolkit/Core/Abilities/BP_Ability.BP_Ability_C:ExecuteUbergraph_BP_Ability
[2018.06.07-16.56.17:691][  0]LogUObjectGlobals: Created PersistentFrame Addr=0x0000015e4d372080, Size=3696, Default__BP_Ability_MoveAttack_C Function /Game/AdvancedTurnBasedTileToolkit/Core/Abilities/BP_Ability_MoveAttack.BP_Ability_MoveAttack_C:ExecuteUbergraph_BP_Ability_MoveAttack
[2018.06.07-16.56.17:691][  0]LogUObjectGlobals: Created PersistentFrame Addr=0x0000015e4d3710c0, Size=3240, Default__BP_Ability_MoveAttack_C Function /Game/AdvancedTurnBasedTileToolkit/Core/Abilities/BP_Ability.BP_Ability_C:ExecuteUbergraph_BP_Ability
[2018.06.07-16.56.18:285][  0]LogUObjectGlobals: Destroyed PersistentFrame Addr=0x0000015e3dcb7040, Size=3240
[2018.06.07-16.56.18:285][  0]LogUObjectGlobals: Created PersistentFrame Addr=0x0000015e3dcb7040, Size=3240, Default__BP_Ability_C Function /Engine/Transient.REINST_BP_Ability_C_10:ExecuteUbergraph_BP_Ability
[2018.06.07-16.56.18:286][  0]LogUObjectGlobals: Destroyed PersistentFrame Addr=0x0000015e650f3d80, Size=624
[2018.06.07-16.56.18:286][  0]LogUObjectGlobals: Created PersistentFrame Addr=0x0000015e4e2e8400, Size=624, Default__BP_AbilitySystem_C Function /Engine/Transient.REINST_BP_AbilitySystem_C_11:ExecuteUbergraph_BP_AbilitySystem
[2018.06.07-16.56.18:287][  0]LogUObjectGlobals: Destroyed PersistentFrame Addr=0x0000015e66a829c0, Size=32
[2018.06.07-16.56.18:287][  0]LogUObjectGlobals: Created PersistentFrame Addr=0x0000015e5dea7e80, Size=32, Default__BP_CoverSystem_C Function /Engine/Transient.REINST_BP_CoverSystem_C_13:ExecuteUbergraph_BP_CoverSystem
[2018.06.07-16.56.18:302][  0]LogUObjectGlobals: Destroyed PersistentFrame Addr=0x0000015e64e7b400, Size=1008
[2018.06.07-16.56.18:302][  0]LogUObjectGlobals: Created PersistentFrame Addr=0x0000015e5df75000, Size=1008, Default__BP_GridManager_C Function /Engine/Transient.REINST_BP_GridManager_C_15:ExecuteUbergraph_BP_GridManager
[2018.06.07-16.56.18:303][  0]LogUObjectGlobals: Destroyed PersistentFrame Addr=0x0000015e65108100, Size=1688
[2018.06.07-16.56.18:303][  0]LogUObjectGlobals: Created PersistentFrame Addr=0x0000015e4d6c9600, Size=1688, Default__BP_StatusEffect_C Function /Engine/Transient.REINST_BP_StatusEffect_C_17:ExecuteUbergraph_BP_StatusEffect
[2018.06.07-16.56.18:304][  0]LogUObjectGlobals: Destroyed PersistentFrame Addr=0x0000015e66847a00, Size=168
[2018.06.07-16.56.18:304][  0]LogUObjectGlobals: Created PersistentFrame Addr=0x0000015e5dd63b80, Size=168, Default__BP_StealthSystem_C Function /Engine/Transient.REINST_BP_StealthSystem_C_18:ExecuteUbergraph_BP_StealthSystem
[2018.06.07-16.56.18:306][  0]LogUObjectGlobals: Destroyed PersistentFrame Addr=0x0000015e551f4100, Size=4680
[2018.06.07-16.56.18:306][  0]LogUObjectGlobals: Created PersistentFrame Addr=0x0000015e5dd2eb00, Size=4680, Default__BP_TurnManager_C Function /Engine/Transient.REINST_BP_TurnManager_C_19:ExecuteUbergraph_BP_TurnManager
[2018.06.07-16.56.18:306][  0]LogUObjectGlobals: Destroyed PersistentFrame Addr=0x0000015e66505600, Size=384
[2018.06.07-16.56.18:306][  0]LogUObjectGlobals: Created PersistentFrame Addr=0x0000015e5dd48880, Size=384, Default__BP_UnitStealthComponent_C Function /Engine/Transient.REINST_BP_UnitStealthComponent_C_20:ExecuteUbergraph_BP_UnitStealthComponent
[2018.06.07-16.56.18:308][  0]LogUObjectGlobals: Destroyed PersistentFrame Addr=0x0000015e4d372080, Size=3696
[2018.06.07-16.56.18:308][  0]LogUObjectGlobals: Destroyed PersistentFrame Addr=0x0000015e4d3710c0, Size=3240
[2018.06.07-16.56.18:308][  0]LogUObjectGlobals: Created PersistentFrame Addr=0x0000015e5ddc10c0, Size=3696, Default__BP_Ability_MoveAttack_C Function /Engine/Transient.REINST_BP_Ability_MoveAttack_C_22:ExecuteUbergraph_BP_Ability_MoveAttack
[2018.06.07-16.56.18:308][  0]LogUObjectGlobals: Created PersistentFrame Addr=0x0000015e5ddc0100, Size=3240, Default__BP_Ability_MoveAttack_C Function /Engine/Transient.REINST_BP_Ability_C_10:ExecuteUbergraph_BP_Ability
[2018.06.07-16.56.18:309][  0]LogUObjectGlobals: Destroyed PersistentFrame Addr=0x0000015e663f0e00, Size=136
[2018.06.07-16.56.18:309][  0]LogUObjectGlobals: Created PersistentFrame Addr=0x0000015e5dd09bc0, Size=136, Default__BP_GA_Platform_C Function /Engine/Transient.REINST_BP_GA_Platform_C_23:ExecuteUbergraph_BP_GA_Platform
[2018.06.07-16.56.18:311][  0]LogUObjectGlobals: Destroyed PersistentFrame Addr=0x0000015e65037580, Size=2328
[2018.06.07-16.56.18:311][  0]LogUObjectGlobals: Created PersistentFrame Addr=0x0000015e5dd51600, Size=2328, Default__BP_GridCamera_C Function /Engine/Transient.REINST_BP_GridCamera_C_25:ExecuteUbergraph_BP_GridCamera
[2018.06.07-16.56.18:311][  0]LogUObjectGlobals: Destroyed PersistentFrame Addr=0x0000015e66ae4850, Size=24
[2018.06.07-16.56.18:311][  0]LogUObjectGlobals: Created PersistentFrame Addr=0x0000015e5deeb490, Size=24, Default__BP_HUD_ATBTT_C Function /Engine/Transient.REINST_BP_HUD_ATBTT_C_26:ExecuteUbergraph_BP_HUD_ATBTT
[2018.06.07-16.56.18:312][  0]LogUObjectGlobals: Destroyed PersistentFrame Addr=0x0000015e6684f150, Size=80
[2018.06.07-16.56.18:312][  0]LogUObjectGlobals: Destroyed PersistentFrame Addr=0x0000015e66910100, Size=1688
[2018.06.07-16.56.18:312][  0]LogUObjectGlobals: Created PersistentFrame Addr=0x0000015e5dcfddf0, Size=80, Default__BP_StatusEffect_Woke_C Function /Engine/Transient.REINST_BP_StatusEffect_Woke_C_27:ExecuteUbergraph_BP_StatusEffect_Woke
[2018.06.07-16.56.18:312][  0]LogUObjectGlobals: Created PersistentFrame Addr=0x0000015e5dcd9d00, Size=1688, Default__BP_StatusEffect_Woke_C Function /Engine/Transient.REINST_BP_StatusEffect_C_17:ExecuteUbergraph_BP_StatusEffect
[2018.06.07-16.56.18:312][  0]LogUObjectGlobals: Destroyed PersistentFrame Addr=0x0000015e38cfa0c0, Size=288
[2018.06.07-16.56.18:312][  0]LogUObjectGlobals: Created PersistentFrame Addr=0x0000015e5df62200, Size=288, Default__BP_ActionManager_C Function /Engine/Transient.REINST_BP_ActionManager_C_28:ExecuteUbergraph_BP_ActionManager
[2018.06.07-16.56.18:313][  0]LogUObjectGlobals: Destroyed PersistentFrame Addr=0x0000015e66a18100, Size=2408
[2018.06.07-16.56.18:313][  0]LogUObjectGlobals: Created PersistentFrame Addr=0x0000015e5dd50b80, Size=2408, Default__BP_PlayerController_ATBTT_C Function /Engine/Transient.REINST_BP_PlayerController_ATBTT_C_29:ExecuteUbergraph_BP_PlayerController_ATBTT
[2018.06.07-16.56.18:316][  0]LogUObjectGlobals: Destroyed PersistentFrame Addr=0x0000015e4788d0c0, Size=2976
[2018.06.07-16.56.18:316][  0]LogUObjectGlobals: Created PersistentFrame Addr=0x0000015e4788d0c0, Size=2976, Default__BP_Unit_C Function /Engine/Transient.REINST_BP_Unit_C_30:ExecuteUbergraph_BP_Unit
[2018.06.07-16.56.18:317][  0]LogUObjectGlobals: Destroyed PersistentFrame Addr=0x0000015e6695f900, Size=1456
[2018.06.07-16.56.18:317][  0]LogUObjectGlobals: Created PersistentFrame Addr=0x0000015e5dc45d00, Size=1456, Default__WBP_Ability_C Function /Engine/Transient.REINST_WBP_Ability_C_0:ExecuteUbergraph_WBP_Ability
[2018.06.07-16.56.18:317][  0]LogUObjectGlobals: Destroyed PersistentFrame Addr=0x0000015e66992700, Size=544
[2018.06.07-16.56.18:317][  0]LogUObjectGlobals: Created PersistentFrame Addr=0x0000015e5de67600, Size=544, Default__WBP_AbilityBox_C Function /Engine/Transient.REINST_WBP_AbilityBox_C_1:ExecuteUbergraph_WBP_AbilityBox
[2018.06.07-16.56.18:317][  0]LogUObjectGlobals: Destroyed PersistentFrame Addr=0x0000015e669ff970, Size=112
[2018.06.07-16.56.18:317][  0]LogUObjectGlobals: Created PersistentFrame Addr=0x0000015e5def85d0, Size=112, Default__WBP_ATBTT_C Function /Engine/Transient.REINST_WBP_ATBTT_C_2:ExecuteUbergraph_WBP_ATBTT
[2018.06.07-16.56.18:317][  0]LogUObjectGlobals: Destroyed PersistentFrame Addr=0x0000015e66a79020, Size=4
[2018.06.07-16.56.18:317][  0]LogUObjectGlobals: Created PersistentFrame Addr=0x0000015e5d2116a8, Size=4, Default__WBP_EdgeScrolling_C Function /Engine/Transient.REINST_WBP_EdgeScrolling_C_3:ExecuteUbergraph_WBP_EdgeScrolling
[2018.06.07-16.56.18:318][  0]LogUObjectGlobals: Destroyed PersistentFrame Addr=0x0000015e6647e5c0, Size=192
[2018.06.07-16.56.18:318][  0]LogUObjectGlobals: Created PersistentFrame Addr=0x0000015e5dd62bc0, Size=192, Default__WBP_Initiative_Bar_C Function /Engine/Transient.REINST_WBP_Initiative_Bar_C_4:ExecuteUbergraph_WBP_Initiative_Bar
[2018.06.07-16.56.18:318][  0]LogUObjectGlobals: Destroyed PersistentFrame Addr=0x0000015e6641d600, Size=1688
[2018.06.07-16.56.18:318][  0]LogUObjectGlobals: Created PersistentFrame Addr=0x0000015e5dc1dd00, Size=1688, Default__WBP_Initiative_Icon_C Function /Engine/Transient.REINST_WBP_Initiative_Icon_C_5:ExecuteUbergraph_WBP_Initiative_Icon
[2018.06.07-16.56.18:319][  0]LogUObjectGlobals: Destroyed PersistentFrame Addr=0x0000015e65071360, Size=208
[2018.06.07-16.56.18:319][  0]LogUObjectGlobals: Created PersistentFrame Addr=0x0000015e5dc48d40, Size=208, Default__BP_ATBTT_State_C Function /Engine/Transient.REINST_BP_ATBTT_State_C_31:ExecuteUbergraph_BP_ATBTT_State
[2018.06.07-16.56.19:023][  0]LogUObjectGlobals: Created PersistentFrame Addr=0x0000015e64c64100, Size=3240, Default__BP_Ability_C Function /Game/AdvancedTurnBasedTileToolkit/Core/Abilities/BP_Ability.BP_Ability_C:ExecuteUbergraph_BP_Ability
[2018.06.07-16.56.19:033][  0]LogUObjectGlobals: Created PersistentFrame Addr=0x0000015e64b05080, Size=624, Default__BP_AbilitySystem_C Function /Game/AdvancedTurnBasedTileToolkit/Core/Units/BP_AbilitySystem.BP_AbilitySystem_C:ExecuteUbergraph_BP_AbilitySystem
[2018.06.07-16.56.19:040][  0]LogUObjectGlobals: Created PersistentFrame Addr=0x0000015e649bb0e0, Size=32, Default__BP_CoverSystem_C Function /Game/AdvancedTurnBasedTileToolkit/Core/Grid/BP_CoverSystem.BP_CoverSystem_C:ExecuteUbergraph_BP_CoverSystem
[2018.06.07-16.56.19:147][  0]LogUObjectGlobals: Created PersistentFrame Addr=0x0000015e64ac1400, Size=1008, Default__BP_GridManager_C Function /Game/AdvancedTurnBasedTileToolkit/Core/Grid/BP_GridManager.BP_GridManager_C:ExecuteUbergraph_BP_GridManager
[2018.06.07-16.56.19:180][  0]LogUObjectGlobals: Created PersistentFrame Addr=0x0000015e656bb200, Size=1688, Default__BP_StatusEffect_C Function /Game/AdvancedTurnBasedTileToolkit/Core/Abilities/BP_StatusEffect.BP_StatusEffect_C:ExecuteUbergraph_BP_StatusEffect
[2018.06.07-16.56.19:182][  0]LogUObjectGlobals: Created PersistentFrame Addr=0x0000015e656a84c0, Size=168, Default__BP_StealthSystem_C Function /Game/AdvancedTurnBasedTileToolkit/Core/Grid/BP_StealthSystem.BP_StealthSystem_C:ExecuteUbergraph_BP_StealthSystem
[2018.06.07-16.56.19:201][  0]LogUObjectGlobals: Created PersistentFrame Addr=0x0000015e5dd2c100, Size=4680, Default__BP_TurnManager_C Function /Game/AdvancedTurnBasedTileToolkit/Core/BP_TurnManager.BP_TurnManager_C:ExecuteUbergraph_BP_TurnManager
[2018.06.07-16.56.19:208][  0]LogUObjectGlobals: Created PersistentFrame Addr=0x0000015e67833d00, Size=384, Default__BP_UnitStealthComponent_C Function /Game/AdvancedTurnBasedTileToolkit/Core/Units/BP_UnitStealthComponent.BP_UnitStealthComponent_C:ExecuteUbergraph_BP_UnitStealthComponent
[2018.06.07-16.56.19:218][  0]LogUObjectGlobals: Created PersistentFrame Addr=0x0000015e67816080, Size=3696, Default__BP_Ability_MoveAttack_C Function /Game/AdvancedTurnBasedTileToolkit/Core/Abilities/BP_Ability_MoveAttack.BP_Ability_MoveAttack_C:ExecuteUbergraph_BP_Ability_MoveAttack
[2018.06.07-16.56.19:218][  0]LogUObjectGlobals: Created PersistentFrame Addr=0x0000015e678150c0, Size=3240, Default__BP_Ability_MoveAttack_C Function /Game/AdvancedTurnBasedTileToolkit/Core/Abilities/BP_Ability.BP_Ability_C:ExecuteUbergraph_BP_Ability
[2018.06.07-16.56.19:224][  0]LogUObjectGlobals: Created PersistentFrame Addr=0x0000015e6772b740, Size=136, Default__BP_GA_Platform_C Function /Game/AdvancedTurnBasedTileToolkit/Core/Tiles/BP_GA_Platform.BP_GA_Platform_C:ExecuteUbergraph_BP_GA_Platform
[2018.06.07-16.56.19:243][  0]LogUObjectGlobals: Created PersistentFrame Addr=0x0000015e67547580, Size=2328, Default__BP_GridCamera_C Function /Game/AdvancedTurnBasedTileToolkit/Core/BP_GridCamera.BP_GridCamera_C:ExecuteUbergraph_BP_GridCamera
[2018.06.07-16.56.19:248][  0]LogUObjectGlobals: Created PersistentFrame Addr=0x0000015e674ce380, Size=24, Default__BP_HUD_ATBTT_C Function /Game/AdvancedTurnBasedTileToolkit/Core/UI/BP_HUD_ATBTT.BP_HUD_ATBTT_C:ExecuteUbergraph_BP_HUD_ATBTT
[2018.06.07-16.56.19:249][  0]LogUObjectGlobals: Created PersistentFrame Addr=0x0000015e6747e750, Size=80, Default__BP_StatusEffect_Woke_C Function /Game/AdvancedTurnBasedTileToolkit/Core/Abilities/BP_StatusEffect_Woke.BP_StatusEffect_Woke_C:ExecuteUbergraph_BP_StatusEffect_Woke
[2018.06.07-16.56.19:249][  0]LogUObjectGlobals: Created PersistentFrame Addr=0x0000015e67480800, Size=1688, Default__BP_StatusEffect_Woke_C Function /Game/AdvancedTurnBasedTileToolkit/Core/Abilities/BP_StatusEffect.BP_StatusEffect_C:ExecuteUbergraph_BP_StatusEffect
[2018.06.07-16.56.19:250][  0]LogUObjectGlobals: Created PersistentFrame Addr=0x0000015e65789080, Size=288, Default__BP_ActionManager_C Function /Game/AdvancedTurnBasedTileToolkit/Core/BP_ActionManager.BP_ActionManager_C:ExecuteUbergraph_BP_ActionManager
[2018.06.07-16.56.19:260][  0]LogUObjectGlobals: Created PersistentFrame Addr=0x0000015e673d5600, Size=2408, Default__BP_PlayerController_ATBTT_C Function /Game/AdvancedTurnBasedTileToolkit/Core/BP_PlayerController_ATBTT.BP_PlayerController_ATBTT_C:ExecuteUbergraph_BP_PlayerController_ATBTT
[2018.06.07-16.56.19:280][  0]LogUObjectGlobals: Created PersistentFrame Addr=0x0000015e672a8100, Size=2976, Default__BP_Unit_C Function /Game/AdvancedTurnBasedTileToolkit/Core/Units/BP_Unit.BP_Unit_C:ExecuteUbergraph_BP_Unit
[2018.06.07-16.56.19:286][  0]LogUObjectGlobals: Created PersistentFrame Addr=0x0000015e670dcf00, Size=1472, Default__WBP_Ability_C Function /Game/AdvancedTurnBasedTileToolkit/Core/UI/WBP_Ability.WBP_Ability_C:ExecuteUbergraph_WBP_Ability
[2018.06.07-16.56.19:289][  0]LogUObjectGlobals: Created PersistentFrame Addr=0x0000015e6712b100, Size=528, Default__WBP_AbilityBox_C Function /Game/AdvancedTurnBasedTileToolkit/Core/UI/WBP_AbilityBox.WBP_AbilityBox_C:ExecuteUbergraph_WBP_AbilityBox
[2018.06.07-16.56.19:291][  0]LogUObjectGlobals: Created PersistentFrame Addr=0x0000015e67070db0, Size=112, Default__WBP_ATBTT_C Function /Game/AdvancedTurnBasedTileToolkit/Core/UI/WBP_ATBTT.WBP_ATBTT_C:ExecuteUbergraph_WBP_ATBTT
[2018.06.07-16.56.19:291][  0]LogUObjectGlobals: Created PersistentFrame Addr=0x0000015e6706bf50, Size=4, Default__WBP_EdgeScrolling_C Function /Game/AdvancedTurnBasedTileToolkit/Core/UI/WBP_EdgeScrolling.WBP_EdgeScrolling_C:ExecuteUbergraph_WBP_EdgeScrolling
[2018.06.07-16.56.19:293][  0]LogUObjectGlobals: Created PersistentFrame Addr=0x0000015e67065a80, Size=192, Default__WBP_Initiative_Bar_C Function /Game/AdvancedTurnBasedTileToolkit/Core/UI/WBP_Initiative_Bar.WBP_Initiative_Bar_C:ExecuteUbergraph_WBP_Initiative_Bar
[2018.06.07-16.56.19:295][  0]LogUObjectGlobals: Created PersistentFrame Addr=0x0000015e6702eb00, Size=1688, Default__WBP_Initiative_Icon_C Function /Game/AdvancedTurnBasedTileToolkit/Core/UI/WBP_Initiative_Icon.WBP_Initiative_Icon_C:ExecuteUbergraph_WBP_Initiative_Icon
[2018.06.07-16.56.19:297][  0]LogUObjectGlobals: Created PersistentFrame Addr=0x0000015e658388e0, Size=208, Default__BP_ATBTT_State_C Function /Game/AdvancedTurnBasedTileToolkit/Core/BP_ATBTT_State.BP_ATBTT_State_C:ExecuteUbergraph_BP_ATBTT_State
[2018.06.07-16.56.20:000][  0]LogUObjectGlobals: Created PersistentFrame Addr=0x0000015e66fc7000, Size=488, Default__ABP_Unit_C Function /Game/AdvancedTurnBasedTileToolkit/Units/ABP_Unit.ABP_Unit_C:ExecuteUbergraph_ABP_Unit
[2018.06.07-16.56.20:019][  0]LogUObjectGlobals: Destroyed PersistentFrame Addr=0x0000015e66fc7000, Size=488
[2018.06.07-16.56.20:019][  0]LogUObjectGlobals: Created PersistentFrame Addr=0x0000015e64960800, Size=488, Default__ABP_Unit_C Function /Engine/Transient.REINST_ABP_Unit_C_0:ExecuteUbergraph_ABP_Unit
[2018.06.07-16.56.20:045][  0]LogUObjectGlobals: Created PersistentFrame Addr=0x0000015e64c54800, Size=488, Default__ABP_Unit_C Function /Game/AdvancedTurnBasedTileToolkit/Units/ABP_Unit.ABP_Unit_C:ExecuteUbergraph_ABP_Unit
[2018.06.07-16.56.20:111][  0]LogUObjectGlobals: Created PersistentFrame Addr=0x0000015e64c54600, Size=488, Default__ABP_Unit_Melee_C Function /Game/AdvancedTurnBasedTileToolkit/Units/ABP_Unit.ABP_Unit_C:ExecuteUbergraph_ABP_Unit
[2018.06.07-16.56.20:112][  0]LogUObjectGlobals: Destroyed PersistentFrame Addr=0x0000015e64c54600, Size=488
[2018.06.07-16.56.20:112][  0]LogUObjectGlobals: Created PersistentFrame Addr=0x0000015e64c54600, Size=488, Default__ABP_Unit_Melee_C Function /Game/AdvancedTurnBasedTileToolkit/Units/ABP_Unit.ABP_Unit_C:ExecuteUbergraph_ABP_Unit
[2018.06.07-16.56.20:112][  0]LogUObjectGlobals: Created PersistentFrame Addr=0x0000015e64c54200, Size=488, Default__ABP_Unit_Melee_C Function /Game/AdvancedTurnBasedTileToolkit/Units/ABP_Unit.ABP_Unit_C:ExecuteUbergraph_ABP_Unit
[2018.06.07-16.56.20:576][  0]LogUObjectGlobals: Created PersistentFrame Addr=0x0000015e66ff3900, Size=248, Default__BP_Unit_Anim_C Function /Game/AdvancedTurnBasedTileToolkit/Units/BP_Unit_Anim.BP_Unit_Anim_C:ExecuteUbergraph_BP_Unit_Anim
[2018.06.07-16.56.20:576][  0]LogUObjectGlobals: Created PersistentFrame Addr=0x0000015e64156080, Size=2976, Default__BP_Unit_Anim_C Function /Game/AdvancedTurnBasedTileToolkit/Core/Units/BP_Unit.BP_Unit_C:ExecuteUbergraph_BP_Unit
[2018.06.07-16.56.20:580][  0]LogUObjectGlobals: Destroyed PersistentFrame Addr=0x0000015e66ff3900, Size=248
[2018.06.07-16.56.20:580][  0]LogUObjectGlobals: Destroyed PersistentFrame Addr=0x0000015e64156080, Size=2976
[2018.06.07-16.56.20:580][  0]LogUObjectGlobals: Created PersistentFrame Addr=0x0000015e67029a00, Size=248, Default__BP_Unit_Anim_C Function /Engine/Transient.REINST_BP_Unit_Anim_C_70:ExecuteUbergraph_BP_Unit_Anim
[2018.06.07-16.56.20:580][  0]LogUObjectGlobals: Created PersistentFrame Addr=0x0000015e641f3040, Size=2976, Default__BP_Unit_Anim_C Function /Game/AdvancedTurnBasedTileToolkit/Core/Units/BP_Unit.BP_Unit_C:ExecuteUbergraph_BP_Unit
[2018.06.07-16.56.20:583][  0]LogUObjectGlobals: Created PersistentFrame Addr=0x0000015e6702bf00, Size=248, Default__BP_Unit_Anim_C Function /Game/AdvancedTurnBasedTileToolkit/Units/BP_Unit_Anim.BP_Unit_Anim_C:ExecuteUbergraph_BP_Unit_Anim
[2018.06.07-16.56.20:583][  0]LogUObjectGlobals: Created PersistentFrame Addr=0x0000015e64156080, Size=2976, Default__BP_Unit_Anim_C Function /Game/AdvancedTurnBasedTileToolkit/Core/Units/BP_Unit.BP_Unit_C:ExecuteUbergraph_BP_Unit
[2018.06.07-16.56.20:616][  0]LogUObjectGlobals: Created PersistentFrame Addr=0x0000015e67029c00, Size=248, Default__BP_Unit_Anim_Auto_C Function /Game/AdvancedTurnBasedTileToolkit/Units/BP_Unit_Anim.BP_Unit_Anim_C:ExecuteUbergraph_BP_Unit_Anim
[2018.06.07-16.56.20:616][  0]LogUObjectGlobals: Created PersistentFrame Addr=0x0000015e6447a080, Size=2976, Default__BP_Unit_Anim_Auto_C Function /Game/AdvancedTurnBasedTileToolkit/Core/Units/BP_Unit.BP_Unit_C:ExecuteUbergraph_BP_Unit
[2018.06.07-16.56.20:633][  0]LogUObjectGlobals: Destroyed PersistentFrame Addr=0x0000015e67029c00, Size=248
[2018.06.07-16.56.20:633][  0]LogUObjectGlobals: Destroyed PersistentFrame Addr=0x0000015e6447a080, Size=2976
[2018.06.07-16.56.20:633][  0]LogUObjectGlobals: Created PersistentFrame Addr=0x0000015e67029c00, Size=248, Default__BP_Unit_Anim_Auto_C Function /Game/AdvancedTurnBasedTileToolkit/Units/BP_Unit_Anim.BP_Unit_Anim_C:ExecuteUbergraph_BP_Unit_Anim
[2018.06.07-16.56.20:634][  0]LogUObjectGlobals: Created PersistentFrame Addr=0x0000015e6447a080, Size=2976, Default__BP_Unit_Anim_Auto_C Function /Game/AdvancedTurnBasedTileToolkit/Core/Units/BP_Unit.BP_Unit_C:ExecuteUbergraph_BP_Unit
[2018.06.07-16.56.20:645][  0]LogUObjectGlobals: Created PersistentFrame Addr=0x0000015e6705ba00, Size=248, Default__BP_Unit_Anim_Auto_C Function /Game/AdvancedTurnBasedTileToolkit/Units/BP_Unit_Anim.BP_Unit_Anim_C:ExecuteUbergraph_BP_Unit_Anim
[2018.06.07-16.56.20:645][  0]LogUObjectGlobals: Created PersistentFrame Addr=0x0000015e645a90c0, Size=2976, Default__BP_Unit_Anim_Auto_C Function /Game/AdvancedTurnBasedTileToolkit/Core/Units/BP_Unit.BP_Unit_C:ExecuteUbergraph_BP_Unit
[2018.06.07-16.56.23:182][  0]LogSkeletalMesh: Skeletal Mesh found in DDC [1.140739ms] /Game/AdvancedTurnBasedTileToolkit/Units/SK_Mannequin_Mobile.SK_Mannequin_Mobile
[2018.06.07-16.56.23:207][  0]LogAIModule: Creating AISystem for world Example
[2018.06.07-16.56.23:259][  0]LogEditorServer: Finished looking for orphan Actors (0.000 secs)
[2018.06.07-16.56.23:309][  0]LogUObjectGlobals: Destroyed PersistentFrame Addr=0x0000015e4788d0c0, Size=2976
[2018.06.07-16.56.23:309][  0]LogUObjectGlobals: Destroyed PersistentFrame Addr=0x0000015e5df62200, Size=288
[2018.06.07-16.56.23:310][  0]LogUObjectGlobals: Destroyed PersistentFrame Addr=0x0000015e3dcb7040, Size=3240
[2018.06.07-16.56.23:310][  0]LogUObjectGlobals: Destroyed PersistentFrame Addr=0x0000015e4e2e8400, Size=624
[2018.06.07-16.56.23:310][  0]LogUObjectGlobals: Destroyed PersistentFrame Addr=0x0000015e4d6c9600, Size=1688
[2018.06.07-16.56.23:310][  0]LogUObjectGlobals: Destroyed PersistentFrame Addr=0x0000015e5dd2eb00, Size=4680
[2018.06.07-16.56.23:310][  0]LogUObjectGlobals: Destroyed PersistentFrame Addr=0x0000015e5dc48d40, Size=208
[2018.06.07-16.56.23:310][  0]LogUObjectGlobals: Destroyed PersistentFrame Addr=0x0000015e5dd51600, Size=2328
[2018.06.07-16.56.23:310][  0]LogUObjectGlobals: Destroyed PersistentFrame Addr=0x0000015e5df75000, Size=1008
[2018.06.07-16.56.23:310][  0]LogUObjectGlobals: Destroyed PersistentFrame Addr=0x0000015e5dd50b80, Size=2408
[2018.06.07-16.56.23:310][  0]LogUObjectGlobals: Destroyed PersistentFrame Addr=0x0000015e5deeb490, Size=24
[2018.06.07-16.56.23:310][  0]LogUObjectGlobals: Destroyed PersistentFrame Addr=0x0000015e5def85d0, Size=112
[2018.06.07-16.56.23:310][  0]LogUObjectGlobals: Destroyed PersistentFrame Addr=0x0000015e5de67600, Size=544
[2018.06.07-16.56.23:310][  0]LogUObjectGlobals: Destroyed PersistentFrame Addr=0x0000015e5dc45d00, Size=1456
[2018.06.07-16.56.23:310][  0]LogUObjectGlobals: Destroyed PersistentFrame Addr=0x0000015e5dea7e80, Size=32
[2018.06.07-16.56.23:310][  0]LogUObjectGlobals: Destroyed PersistentFrame Addr=0x0000015e5dcfddf0, Size=80
[2018.06.07-16.56.23:310][  0]LogUObjectGlobals: Destroyed PersistentFrame Addr=0x0000015e5dcd9d00, Size=1688
[2018.06.07-16.56.23:310][  0]LogUObjectGlobals: Destroyed PersistentFrame Addr=0x0000015e5dd63b80, Size=168
[2018.06.07-16.56.23:310][  0]LogUObjectGlobals: Destroyed PersistentFrame Addr=0x0000015e5dd48880, Size=384
[2018.06.07-16.56.23:310][  0]LogUObjectGlobals: Destroyed PersistentFrame Addr=0x0000015e5d2116a8, Size=4
[2018.06.07-16.56.23:310][  0]LogUObjectGlobals: Destroyed PersistentFrame Addr=0x0000015e5dd62bc0, Size=192
[2018.06.07-16.56.23:310][  0]LogUObjectGlobals: Destroyed PersistentFrame Addr=0x0000015e5dc1dd00, Size=1688
[2018.06.07-16.56.23:311][  0]LogUObjectGlobals: Destroyed PersistentFrame Addr=0x0000015e5dd09bc0, Size=136
[2018.06.07-16.56.23:311][  0]LogUObjectGlobals: Destroyed PersistentFrame Addr=0x0000015e5ddc10c0, Size=3696
[2018.06.07-16.56.23:311][  0]LogUObjectGlobals: Destroyed PersistentFrame Addr=0x0000015e5ddc0100, Size=3240
[2018.06.07-16.56.23:314][  0]LogUObjectGlobals: Destroyed PersistentFrame Addr=0x0000015e64960800, Size=488
[2018.06.07-16.56.23:314][  0]LogUObjectGlobals: Destroyed PersistentFrame Addr=0x0000015e64c54600, Size=488
[2018.06.07-16.56.23:314][  0]LogUObjectGlobals: Destroyed PersistentFrame Addr=0x0000015e67029a00, Size=248
[2018.06.07-16.56.23:314][  0]LogUObjectGlobals: Destroyed PersistentFrame Addr=0x0000015e641f3040, Size=2976
[2018.06.07-16.56.23:314][  0]LogUObjectGlobals: Destroyed PersistentFrame Addr=0x0000015e67029c00, Size=248
[2018.06.07-16.56.23:314][  0]LogUObjectGlobals: Destroyed PersistentFrame Addr=0x0000015e6447a080, Size=2976
[2018.06.07-16.56.23:327][  0]Cmd: MAP CHECKDEP NOCLEARLOG
[2018.06.07-16.56.23:424][  0]MapCheck: Map check complete: 0 Error(s), 0 Warning(s), took 97.302ms to complete.
[2018.06.07-16.56.23:424][  0]LogFileHelpers: Loading map 'Example' took 10.541
[2018.06.07-16.56.23:491][  0]LogStats: Warning: MetaData mismatch. Did you assign a stat to two groups? New //STATGROUP_Threads//SplashScreenThread///Thread_2750_0///####STATCAT_Advanced#### old //STATGROUP_Threads//SplashScreenThread///Thread_e0_0///####STATCAT_Advanced####
[2018.06.07-16.56.23:491][  0]LogCollectionManager: Loaded 0 collections in 0.000854 seconds
[2018.06.07-16.56.23:530][  0]LogFileCache: Scanning file cache for directory 'F:/Ursa/Saved/Collections/' took 0.01s
[2018.06.07-16.56.23:530][  0]LogFileCache: Scanning file cache for directory 'F:/Ursa/Content/Developers/gamer/Collections/' took 0.01s
[2018.06.07-16.56.23:530][  0]LogFileCache: Scanning file cache for directory 'F:/Ursa/Content/Collections/' took 0.01s
[2018.06.07-16.56.23:530][  0]LogCollectionManager: Rebuilt the GUID cache for 0 collections in 0.000000 seconds
[2018.06.07-16.56.23:540][  0]LogContentBrowser: Native class hierarchy populated in 0.0095 seconds. Added 2452 classes and 558 folders.
[2018.06.07-16.56.23:545][  0]LogContentBrowser: Native class hierarchy updated for 'WidgetCarousel' in 0.0002 seconds. Added 0 classes and 0 folders.
[2018.06.07-16.56.23:595][  0]LogContentBrowser: Native class hierarchy updated for 'AddContentDialog' in 0.0002 seconds. Added 0 classes and 0 folders.
[2018.06.07-16.56.23:601][  0]LogContentBrowser: Native class hierarchy updated for 'SceneOutliner' in 0.0003 seconds. Added 1 classes and 2 folders.
[2018.06.07-16.56.23:614][  0]LogSlate: Took 0.000431 seconds to synchronously load lazily loaded font '../../../Engine/Content/Slate/Fonts/Roboto-Bold.ttf' (160K)
[2018.06.07-16.56.23:619][  0]LogSlate: Took 0.000417 seconds to synchronously load lazily loaded font '../../../Engine/Content/Editor/Slate/Fonts/FontAwesome.ttf' (139K)
[2018.06.07-16.56.23:724][  0]LogRenderer: Reallocating scene render targets to support 1208x576 Format 10 NumSamples 1 (Frame:1).
[2018.06.07-16.56.23:911][  0]LogSlate: FSceneViewport::OnFocusLost() reason 2
[2018.06.07-16.56.23:929][  0]LogSlate: Window 'Tutorials' being destroyed
[2018.06.07-16.56.23:959][  0]LogContentBrowser: Native class hierarchy updated for 'HierarchicalLODOutliner' in 0.0004 seconds. Added 0 classes and 0 folders.
[2018.06.07-16.56.23:959][  0]LogLoad: (Engine Initialization) Total time: 119.02 seconds
[2018.06.07-16.56.23:959][  0]LogLoad: (Engine Initialization) Total Blueprint compile time: 0.00 seconds
[2018.06.07-16.56.24:335][  0]LogContentStreaming: Texture pool size now 1000 MB
[2018.06.07-16.56.25:685][  4]LogAssetRegistry: Asset discovery search completed in 115.1144 seconds
[2018.06.07-16.56.25:688][  4]LogCollectionManager: Rebuilt the object cache for 0 collections in 0.000001 seconds (found 0 objects)
[2018.06.07-16.56.25:688][  4]LogCollectionManager: Fixed up redirectors for 0 collections in 0.000067 seconds (updated 0 objects)
[2018.06.07-16.56.29:651][ 16]LogSlate: Took 0.001453 seconds to synchronously load lazily loaded font '../../../Engine/Content/Slate/Fonts/Roboto-Light.ttf' (167K)
[2018.06.07-16.59.04:640][685]LogSlate: FSceneViewport::OnFocusLost() reason 0
[2018.06.07-16.59.06:437][845]LogSlate: Took 0.000298 seconds to synchronously load lazily loaded font '../../../Engine/Content/Slate/Fonts/Roboto-Light.ttf' (167K)
[2018.06.07-16.59.06:491][845]LogUObjectGlobals: Created PersistentFrame Addr=0x0000015e73876800, Size=1008, Default__BP_GridManager_Adv_C Function /Game/AdvancedTurnBasedTileToolkit/Core/Grid/BP_GridManager.BP_GridManager_C:ExecuteUbergraph_BP_GridManager
[2018.06.07-16.59.06:493][845]LogUObjectGlobals: Destroyed PersistentFrame Addr=0x0000015e73876800, Size=1008
[2018.06.07-16.59.06:493][845]LogUObjectGlobals: Created PersistentFrame Addr=0x0000015e73876800, Size=1008, Default__BP_GridManager_Adv_C Function /Game/AdvancedTurnBasedTileToolkit/Core/Grid/BP_GridManager.BP_GridManager_C:ExecuteUbergraph_BP_GridManager
[2018.06.07-16.59.06:494][845]LogUObjectGlobals: Created PersistentFrame Addr=0x0000015e73876000, Size=1008, Default__BP_GridManager_Adv_C Function /Game/AdvancedTurnBasedTileToolkit/Core/Grid/BP_GridManager.BP_GridManager_C:ExecuteUbergraph_BP_GridManager
[2018.06.07-16.59.07:043][845]LogAIModule: Creating AISystem for world ULA
[2018.06.07-16.59.07:066][845]LogUObjectGlobals: Destroyed PersistentFrame Addr=0x0000015e73876800, Size=1008
[2018.06.07-16.59.07:068][845]Cmd: MAP LOAD FILE="F:/Ursa/Content/ULA.umap" TEMPLATE=0 SHOWPROGRESS=1 FEATURELEVEL=3
[2018.06.07-16.59.07:068][845]LightingResults: New page: Lighting Build
[2018.06.07-16.59.07:070][845]LoadErrors: New page: Loading map: ULA.umap
[2018.06.07-16.59.07:073][845]MapCheck: New page: Map Check
[2018.06.07-16.59.07:073][845]LightingResults: New page: Lighting Build
[2018.06.07-16.59.07:102][845]LogEditorServer: Finished looking for orphan Actors (0.000 secs)
[2018.06.07-16.59.07:134][845]Cmd: MAP CHECKDEP NOCLEARLOG
[2018.06.07-16.59.07:226][845]MapCheck: Map check complete: 0 Error(s), 0 Warning(s), took 92.211ms to complete.
[2018.06.07-16.59.07:226][845]LogFileHelpers: Loading map 'ULA' took 0.159
